{'baseline': 'rollout',
 'batch_size': 64,
 'bl_alpha': 0.05,
 'bl_warmup_epochs': 0,
 'checkpoint_encoder': False,
 'checkpoint_epochs': 1,
 'data_distribution': None,
 'embedding_dim': 128,
 'epoch_size': 12800,
 'epoch_start': 0,
 'eval_batch_size': 1000,
 'eval_only': False,
 'exp_beta': 0.8,
 'fine_tune': False,
 'graph_size': 50,
 'hidden_dim': 128,
 'load_path': None,
 'log_dir': 'logs',
 'log_stdout': True,
 'log_step': 50,
 'lr_critic': 0.0001,
 'lr_decay': 1.0,
 'lr_model': 0.0001,
 'max_grad_norm': 1.0,
 'model': 'attention',
 'n_encode_layers': 3,
 'n_epochs': 100,
 'no_cuda': False,
 'no_progress_bar': True,
 'no_tensorboard': True,
 'normalization': 'batch',
 'optimizer': 'Adam',
 'output_dir': 'outputs',
 'problem': 'agh',
 'resume': None,
 'rnn_time': False,
 'run_name': 'run_20220218T232800',
 'save_dir': 'outputs/agh_50/run_20220218T232800',
 'seed': 1234,
 'shrink_size': None,
 'tanh_clipping': 10.0,
 'use_cuda': True,
 'val_dataset': None,
 'val_size': 1000,
 'wo_time': False}
Evaluating baseline model on evaluation dataset
Start train epoch 0, lr=0.0001 for run run_20220218T232800
Evaluating baseline on dataset...
epoch: 0, train_batch_id: 0, avg_cost: 487319.8125
loss: 1755803.625, grad norm: 288879.65625, clipped: 1.0
epoch: 0, train_batch_id: 50, avg_cost: 444182.8125
loss: 1721696.875, grad norm: 310137.59375, clipped: 1.0
epoch: 0, train_batch_id: 100, avg_cost: 436514.5625
loss: 1729681.0, grad norm: 331455.1875, clipped: 1.0
epoch: 0, train_batch_id: 150, avg_cost: 427577.46875
loss: 1639941.875, grad norm: 322475.375, clipped: 1.0
Finished epoch 0, took 00:05:32 s
Saving model and state...
Validating...
Validation overall avg_cost: 407366.25 +- 967.1185913085938
Evaluating candidate model on evaluation dataset
Epoch 0 candidate mean 410447.96875, baseline epoch 0 mean 617166.875, difference -206718.90625
p-value: 0.0
Update baseline
Evaluating baseline model on evaluation dataset
Start train epoch 1, lr=0.0001 for run run_20220218T232800
Evaluating baseline on dataset...
epoch: 1, train_batch_id: 0, avg_cost: 420922.8125
loss: -158923.515625, grad norm: 69743.7734375, clipped: 1.0
epoch: 1, train_batch_id: 50, avg_cost: 387538.625
loss: 135526.796875, grad norm: 94012.40625, clipped: 1.0
epoch: 1, train_batch_id: 100, avg_cost: 359828.09375
loss: 307683.46875, grad norm: 157606.59375, clipped: 1.0
epoch: 1, train_batch_id: 150, avg_cost: 345947.4375
loss: 400484.34375, grad norm: 195924.375, clipped: 1.0
Finished epoch 1, took 00:05:11 s
Saving model and state...
Validating...
Validation overall avg_cost: 313624.90625 +- 664.0523071289062
Evaluating candidate model on evaluation dataset
Epoch 1 candidate mean 314114.21875, baseline epoch 0 mean 406915.5, difference -92801.28125
p-value: 0.0
Update baseline
Evaluating baseline model on evaluation dataset
Start train epoch 2, lr=0.0001 for run run_20220218T232800
Evaluating baseline on dataset...
epoch: 2, train_batch_id: 0, avg_cost: 332490.9375
loss: -92710.8359375, grad norm: 81298.28125, clipped: 1.0
epoch: 2, train_batch_id: 50, avg_cost: 315740.6875
loss: -19506.646484375, grad norm: 82201.0078125, clipped: 1.0
epoch: 2, train_batch_id: 100, avg_cost: 309578.0625
loss: 38066.8671875, grad norm: 83461.6953125, clipped: 1.0
epoch: 2, train_batch_id: 150, avg_cost: 299072.0
loss: 96744.15625, grad norm: 87253.9921875, clipped: 1.0
Finished epoch 2, took 00:05:01 s
Saving model and state...
Validating...
Validation overall avg_cost: 272807.5 +- 585.1679077148438
Evaluating candidate model on evaluation dataset
Epoch 2 candidate mean 272821.125, baseline epoch 1 mean 313749.0625, difference -40927.9375
p-value: 0.0
Update baseline
Evaluating baseline model on evaluation dataset
Start train epoch 3, lr=0.0001 for run run_20220218T232800
Evaluating baseline on dataset...
epoch: 3, train_batch_id: 0, avg_cost: 292948.4375
loss: -103954.5234375, grad norm: 77258.6171875, clipped: 1.0
epoch: 3, train_batch_id: 50, avg_cost: 287038.4375
loss: -96821.3203125, grad norm: 72324.46875, clipped: 1.0
epoch: 3, train_batch_id: 100, avg_cost: 278855.3125
loss: -33186.5, grad norm: 71333.8984375, clipped: 1.0
epoch: 3, train_batch_id: 150, avg_cost: 272162.28125
loss: 697.5667114257812, grad norm: 66399.578125, clipped: 1.0
Finished epoch 3, took 00:04:55 s
Saving model and state...
Validating...
Validation overall avg_cost: 240636.0625 +- 578.5005493164062
Evaluating candidate model on evaluation dataset
Epoch 3 candidate mean 239675.40625, baseline epoch 2 mean 272630.21875, difference -32954.8125
p-value: 4.11385951469832e-307
Update baseline
Evaluating baseline model on evaluation dataset
Start train epoch 4, lr=0.0001 for run run_20220218T232800
Evaluating baseline on dataset...
epoch: 4, train_batch_id: 0, avg_cost: 266447.03125
loss: -120753.078125, grad norm: 78589.609375, clipped: 1.0
epoch: 4, train_batch_id: 50, avg_cost: 267871.875
loss: -135707.984375, grad norm: 86768.4140625, clipped: 1.0
epoch: 4, train_batch_id: 100, avg_cost: 261259.890625
loss: -96499.3359375, grad norm: 69431.4921875, clipped: 1.0
epoch: 4, train_batch_id: 150, avg_cost: 257563.4375
loss: -73710.3203125, grad norm: 60637.94140625, clipped: 1.0
Finished epoch 4, took 00:04:52 s
Saving model and state...
Validating...
Validation overall avg_cost: 230191.53125 +- 589.3679809570312
Evaluating candidate model on evaluation dataset
Epoch 4 candidate mean 230135.296875, baseline epoch 3 mean 240179.296875, difference -10044.0
p-value: 2.535220876514851e-74
Update baseline
Evaluating baseline model on evaluation dataset
Start train epoch 5, lr=0.0001 for run run_20220218T232800
Evaluating baseline on dataset...
epoch: 5, train_batch_id: 0, avg_cost: 254242.234375
loss: -111516.7265625, grad norm: 66244.859375, clipped: 1.0
epoch: 5, train_batch_id: 50, avg_cost: 251336.5625
loss: -103450.0859375, grad norm: 66721.375, clipped: 1.0
epoch: 5, train_batch_id: 100, avg_cost: 249530.703125
loss: -105677.0390625, grad norm: 66138.984375, clipped: 1.0
epoch: 5, train_batch_id: 150, avg_cost: 246317.109375
loss: -69848.3515625, grad norm: 53785.57421875, clipped: 1.0
Finished epoch 5, took 00:04:51 s
Saving model and state...
Validating...
Validation overall avg_cost: 225952.421875 +- 563.8909301757812
Evaluating candidate model on evaluation dataset
Epoch 5 candidate mean 224922.6875, baseline epoch 4 mean 229204.71875, difference -4282.03125
p-value: 1.4692629786901215e-16
Update baseline
Evaluating baseline model on evaluation dataset
Start train epoch 6, lr=0.0001 for run run_20220218T232800
Evaluating baseline on dataset...
epoch: 6, train_batch_id: 0, avg_cost: 246595.484375
loss: -84732.5390625, grad norm: 60906.109375, clipped: 1.0
epoch: 6, train_batch_id: 50, avg_cost: 242202.84375
loss: -70242.3515625, grad norm: 56622.97265625, clipped: 1.0
epoch: 6, train_batch_id: 100, avg_cost: 239359.484375
loss: -54719.5, grad norm: 55271.125, clipped: 1.0
epoch: 6, train_batch_id: 150, avg_cost: 237092.375
loss: -54570.01171875, grad norm: 53353.4453125, clipped: 1.0
Finished epoch 6, took 00:04:49 s
Saving model and state...
Validating...
Validation overall avg_cost: 219917.859375 +- 572.1940307617188
Evaluating candidate model on evaluation dataset
Epoch 6 candidate mean 218805.46875, baseline epoch 5 mean 224629.03125, difference -5823.5625
p-value: 3.6076791177626814e-30
Update baseline
Evaluating baseline model on evaluation dataset
Start train epoch 7, lr=0.0001 for run run_20220218T232800
Evaluating baseline on dataset...
epoch: 7, train_batch_id: 0, avg_cost: 236236.125
loss: -68296.1796875, grad norm: 55176.23046875, clipped: 1.0
epoch: 7, train_batch_id: 50, avg_cost: 232421.625
loss: -44445.07421875, grad norm: 49752.59375, clipped: 1.0
epoch: 7, train_batch_id: 100, avg_cost: 233219.390625
loss: -66120.6015625, grad norm: 58831.26953125, clipped: 1.0
epoch: 7, train_batch_id: 150, avg_cost: 228428.34375
loss: -41753.90234375, grad norm: 59033.0390625, clipped: 1.0
Finished epoch 7, took 00:04:48 s
Saving model and state...
Validating...
Validation overall avg_cost: 214878.5 +- 528.251953125
Evaluating candidate model on evaluation dataset
Epoch 7 candidate mean 213715.8125, baseline epoch 6 mean 218961.515625, difference -5245.703125
p-value: 7.748040802259872e-26
Update baseline
Evaluating baseline model on evaluation dataset
Start train epoch 8, lr=0.0001 for run run_20220218T232800
Evaluating baseline on dataset...
epoch: 8, train_batch_id: 0, avg_cost: 228083.546875
loss: -55198.21484375, grad norm: 58495.56640625, clipped: 1.0
epoch: 8, train_batch_id: 50, avg_cost: 225378.046875
loss: -33977.66796875, grad norm: 47559.24609375, clipped: 1.0
epoch: 8, train_batch_id: 100, avg_cost: 222253.1875
loss: -34857.1875, grad norm: 52354.77734375, clipped: 1.0
epoch: 8, train_batch_id: 150, avg_cost: 222679.125
loss: -35146.52734375, grad norm: 56945.5, clipped: 1.0
Finished epoch 8, took 00:04:50 s
Saving model and state...
Validating...
Validation overall avg_cost: 203301.375 +- 555.3438720703125
Evaluating candidate model on evaluation dataset
Epoch 8 candidate mean 202839.015625, baseline epoch 7 mean 213957.921875, difference -11118.90625
p-value: 4.891064795823038e-86
Update baseline
Evaluating baseline model on evaluation dataset
Start train epoch 9, lr=0.0001 for run run_20220218T232800
Evaluating baseline on dataset...
epoch: 9, train_batch_id: 0, avg_cost: 219085.78125
loss: -50681.32421875, grad norm: 56299.84765625, clipped: 1.0
epoch: 9, train_batch_id: 50, avg_cost: 217350.21875
loss: -50610.60546875, grad norm: 60860.9296875, clipped: 1.0
epoch: 9, train_batch_id: 100, avg_cost: 217132.375
loss: -51792.015625, grad norm: 56313.3125, clipped: 1.0
epoch: 9, train_batch_id: 150, avg_cost: 214225.6875
loss: -35642.171875, grad norm: 56781.59375, clipped: 1.0
Finished epoch 9, took 00:04:51 s
Saving model and state...
Validating...
Validation overall avg_cost: 200216.375 +- 546.7395629882812
Evaluating candidate model on evaluation dataset
Epoch 9 candidate mean 199299.109375, baseline epoch 8 mean 203017.859375, difference -3718.75
p-value: 3.057353798714664e-15
Update baseline
Evaluating baseline model on evaluation dataset
Start train epoch 10, lr=0.0001 for run run_20220218T232800
Evaluating baseline on dataset...
epoch: 10, train_batch_id: 0, avg_cost: 211911.984375
loss: -46719.20703125, grad norm: 50652.3125, clipped: 1.0
epoch: 10, train_batch_id: 50, avg_cost: 212322.21875
loss: -44492.7890625, grad norm: 55151.68359375, clipped: 1.0
epoch: 10, train_batch_id: 100, avg_cost: 215631.28125
loss: -37993.7734375, grad norm: 56225.25, clipped: 1.0
epoch: 10, train_batch_id: 150, avg_cost: 211736.8125
loss: -33715.96484375, grad norm: 49235.56640625, clipped: 1.0
Finished epoch 10, took 00:04:51 s
Saving model and state...
Validating...
Validation overall avg_cost: 197840.875 +- 562.419921875
Evaluating candidate model on evaluation dataset
Epoch 10 candidate mean 196980.1875, baseline epoch 9 mean 200166.65625, difference -3186.46875
p-value: 2.2439894680852848e-12
Update baseline
Evaluating baseline model on evaluation dataset
Start train epoch 11, lr=0.0001 for run run_20220218T232800
Evaluating baseline on dataset...
epoch: 11, train_batch_id: 0, avg_cost: 212132.1875
loss: -42497.59375, grad norm: 48476.65234375, clipped: 1.0
epoch: 11, train_batch_id: 50, avg_cost: 209062.03125
loss: -37130.46484375, grad norm: 50092.69140625, clipped: 1.0
epoch: 11, train_batch_id: 100, avg_cost: 208480.484375
loss: -30580.103515625, grad norm: 47615.41796875, clipped: 1.0
epoch: 11, train_batch_id: 150, avg_cost: 205338.3125
loss: -35249.9140625, grad norm: 47696.73828125, clipped: 1.0
Finished epoch 11, took 00:04:49 s
Saving model and state...
Validating...
Validation overall avg_cost: 195407.171875 +- 532.5426635742188
Evaluating candidate model on evaluation dataset
Epoch 11 candidate mean 195674.5625, baseline epoch 10 mean 197162.75, difference -1488.1875
p-value: 0.0012281709563932912
Update baseline
Evaluating baseline model on evaluation dataset
Start train epoch 12, lr=0.0001 for run run_20220218T232800
Evaluating baseline on dataset...
epoch: 12, train_batch_id: 0, avg_cost: 208252.90625
loss: -35149.46484375, grad norm: 45544.8125, clipped: 1.0
epoch: 12, train_batch_id: 50, avg_cost: 207895.25
loss: -35136.4765625, grad norm: 48576.66796875, clipped: 1.0
epoch: 12, train_batch_id: 100, avg_cost: 207701.21875
loss: -28838.208984375, grad norm: 49302.671875, clipped: 1.0
epoch: 12, train_batch_id: 150, avg_cost: 207773.34375
loss: -29539.068359375, grad norm: 51459.25390625, clipped: 1.0
Finished epoch 12, took 00:04:49 s
Saving model and state...
Validating...
Validation overall avg_cost: 193285.59375 +- 509.7036437988281
Evaluating candidate model on evaluation dataset
Epoch 12 candidate mean 193522.109375, baseline epoch 11 mean 195952.078125, difference -2429.96875
p-value: 4.927284345512744e-08
Update baseline
Evaluating baseline model on evaluation dataset
Start train epoch 13, lr=0.0001 for run run_20220218T232800
Evaluating baseline on dataset...
epoch: 13, train_batch_id: 0, avg_cost: 205217.6875
loss: -25043.447265625, grad norm: 39603.546875, clipped: 1.0
epoch: 13, train_batch_id: 50, avg_cost: 203885.0
loss: -27691.060546875, grad norm: 50906.89453125, clipped: 1.0
epoch: 13, train_batch_id: 100, avg_cost: 201422.6875
loss: -22652.529296875, grad norm: 46562.45703125, clipped: 1.0
epoch: 13, train_batch_id: 150, avg_cost: 202881.46875
loss: -19471.033203125, grad norm: 42044.23046875, clipped: 1.0
Finished epoch 13, took 00:04:48 s
Saving model and state...
Validating...
Validation overall avg_cost: 191571.75 +- 506.21612548828125
Evaluating candidate model on evaluation dataset
Epoch 13 candidate mean 191922.5625, baseline epoch 12 mean 193623.359375, difference -1700.796875
p-value: 2.5090142537226144e-05
Update baseline
Evaluating baseline model on evaluation dataset
Start train epoch 14, lr=0.0001 for run run_20220218T232800
Evaluating baseline on dataset...
epoch: 14, train_batch_id: 0, avg_cost: 199950.625
loss: -25132.548828125, grad norm: 41004.40234375, clipped: 1.0
epoch: 14, train_batch_id: 50, avg_cost: 201367.8125
loss: -23037.59765625, grad norm: 46508.3125, clipped: 1.0
epoch: 14, train_batch_id: 100, avg_cost: 199488.265625
loss: -23157.076171875, grad norm: 48514.94921875, clipped: 1.0
epoch: 14, train_batch_id: 150, avg_cost: 197033.109375
loss: -19195.138671875, grad norm: 44598.4296875, clipped: 1.0
Finished epoch 14, took 00:04:48 s
Saving model and state...
Validating...
Validation overall avg_cost: 191190.296875 +- 511.7995910644531
Evaluating candidate model on evaluation dataset
Epoch 14 candidate mean 191836.171875, baseline epoch 13 mean 192292.109375, difference -455.9375
p-value: 0.16190550041965812
Start train epoch 15, lr=0.0001 for run run_20220218T232800
Evaluating baseline on dataset...
epoch: 15, train_batch_id: 0, avg_cost: 199975.15625
loss: -25970.72265625, grad norm: 49041.21484375, clipped: 1.0
epoch: 15, train_batch_id: 50, avg_cost: 196029.96875
loss: -15269.8251953125, grad norm: 40736.44140625, clipped: 1.0
epoch: 15, train_batch_id: 100, avg_cost: 196224.75
loss: -14974.970703125, grad norm: 41529.5390625, clipped: 1.0
epoch: 15, train_batch_id: 150, avg_cost: 196193.734375
loss: -7501.36572265625, grad norm: 39274.125, clipped: 1.0
Finished epoch 15, took 00:04:48 s
Saving model and state...
Validating...
Validation overall avg_cost: 187846.46875 +- 483.2996520996094
Evaluating candidate model on evaluation dataset
Epoch 15 candidate mean 189228.890625, baseline epoch 13 mean 192292.109375, difference -3063.21875
p-value: 4.142887711895149e-14
Update baseline
Evaluating baseline model on evaluation dataset
Start train epoch 16, lr=0.0001 for run run_20220218T232800
Evaluating baseline on dataset...
epoch: 16, train_batch_id: 0, avg_cost: 196563.9375
loss: -23493.146484375, grad norm: 40412.125, clipped: 1.0
epoch: 16, train_batch_id: 50, avg_cost: 196478.828125
loss: -20517.93359375, grad norm: 44379.0078125, clipped: 1.0
epoch: 16, train_batch_id: 100, avg_cost: 197517.90625
loss: -19553.349609375, grad norm: 43221.1015625, clipped: 1.0
epoch: 16, train_batch_id: 150, avg_cost: 194944.09375
loss: -18029.47265625, grad norm: 40583.29296875, clipped: 1.0
Finished epoch 16, took 00:04:48 s
Saving model and state...
Validating...
Validation overall avg_cost: 187777.875 +- 482.761474609375
Evaluating candidate model on evaluation dataset
Epoch 16 candidate mean 187285.484375, baseline epoch 15 mean 187814.015625, difference -528.53125
p-value: 0.08325013009811955
Start train epoch 17, lr=0.0001 for run run_20220218T232800
Evaluating baseline on dataset...
epoch: 17, train_batch_id: 0, avg_cost: 194553.734375
loss: -16281.953125, grad norm: 39821.16015625, clipped: 1.0
epoch: 17, train_batch_id: 50, avg_cost: 194942.0625
loss: -11652.28125, grad norm: 39503.40625, clipped: 1.0
epoch: 17, train_batch_id: 100, avg_cost: 191192.1875
loss: -11428.4521484375, grad norm: 41735.8515625, clipped: 1.0
epoch: 17, train_batch_id: 150, avg_cost: 190940.5625
loss: -10608.1318359375, grad norm: 42755.69140625, clipped: 1.0
Finished epoch 17, took 00:04:47 s
Saving model and state...
Validating...
Validation overall avg_cost: 186287.296875 +- 487.005126953125
Evaluating candidate model on evaluation dataset
Epoch 17 candidate mean 186068.359375, baseline epoch 15 mean 187814.015625, difference -1745.65625
p-value: 7.234334134725384e-06
Update baseline
Evaluating baseline model on evaluation dataset
Start train epoch 18, lr=0.0001 for run run_20220218T232800
Evaluating baseline on dataset...
epoch: 18, train_batch_id: 0, avg_cost: 192801.09375
loss: -12088.2685546875, grad norm: 38544.4765625, clipped: 1.0
epoch: 18, train_batch_id: 50, avg_cost: 191195.125
loss: -13331.2890625, grad norm: 42793.140625, clipped: 1.0
epoch: 18, train_batch_id: 100, avg_cost: 189284.625
loss: -13287.908203125, grad norm: 37953.15234375, clipped: 1.0
epoch: 18, train_batch_id: 150, avg_cost: 192811.1875
loss: -12139.3447265625, grad norm: 39255.453125, clipped: 1.0
Finished epoch 18, took 00:04:47 s
Saving model and state...
Validating...
Validation overall avg_cost: 186258.375 +- 450.76300048828125
Evaluating candidate model on evaluation dataset
Epoch 18 candidate mean 186634.0, baseline epoch 17 mean 187570.0, difference -936.0
p-value: 0.008867122458229425
Update baseline
Evaluating baseline model on evaluation dataset
Start train epoch 19, lr=0.0001 for run run_20220218T232800
Evaluating baseline on dataset...
epoch: 19, train_batch_id: 0, avg_cost: 192744.484375
loss: -10126.4462890625, grad norm: 39631.55859375, clipped: 1.0
epoch: 19, train_batch_id: 50, avg_cost: 186411.96875
loss: -6195.7119140625, grad norm: 37519.16015625, clipped: 1.0
epoch: 19, train_batch_id: 100, avg_cost: 190282.515625
loss: -8780.7998046875, grad norm: 37073.4609375, clipped: 1.0
epoch: 19, train_batch_id: 150, avg_cost: 188463.8125
loss: -3107.94384765625, grad norm: 38288.01953125, clipped: 1.0
Finished epoch 19, took 00:04:49 s
Saving model and state...
Validating...
Validation overall avg_cost: 183823.453125 +- 446.16943359375
Evaluating candidate model on evaluation dataset
Epoch 19 candidate mean 183827.359375, baseline epoch 18 mean 185250.28125, difference -1422.921875
p-value: 6.403803661477986e-05
Update baseline
Evaluating baseline model on evaluation dataset
Start train epoch 20, lr=0.0001 for run run_20220218T232800
Evaluating baseline on dataset...
epoch: 20, train_batch_id: 0, avg_cost: 190787.03125
loss: -8024.171875, grad norm: 36761.46484375, clipped: 1.0
epoch: 20, train_batch_id: 50, avg_cost: 190846.0625
loss: -14128.5908203125, grad norm: 42602.3203125, clipped: 1.0
epoch: 20, train_batch_id: 100, avg_cost: 188154.265625
loss: -5892.06005859375, grad norm: 32894.90234375, clipped: 1.0
epoch: 20, train_batch_id: 150, avg_cost: 186808.34375
loss: -10220.4814453125, grad norm: 34805.890625, clipped: 1.0
Finished epoch 20, took 00:04:48 s
Saving model and state...
Validating...
Validation overall avg_cost: 182954.953125 +- 436.7976379394531
Evaluating candidate model on evaluation dataset
Epoch 20 candidate mean 183120.28125, baseline epoch 19 mean 183793.828125, difference -673.546875
p-value: 0.025592096261718496
Update baseline
Evaluating baseline model on evaluation dataset
Start train epoch 21, lr=0.0001 for run run_20220218T232800
Evaluating baseline on dataset...
epoch: 21, train_batch_id: 0, avg_cost: 191026.59375
loss: -7912.89697265625, grad norm: 38407.046875, clipped: 1.0
epoch: 21, train_batch_id: 50, avg_cost: 188154.359375
loss: -6902.59130859375, grad norm: 37284.02734375, clipped: 1.0
epoch: 21, train_batch_id: 100, avg_cost: 190493.625
loss: -13428.6015625, grad norm: 45349.18359375, clipped: 1.0
epoch: 21, train_batch_id: 150, avg_cost: 190456.984375
loss: -7554.72119140625, grad norm: 39419.2890625, clipped: 1.0
Finished epoch 21, took 00:04:48 s
Saving model and state...
Validating...
Validation overall avg_cost: 182644.515625 +- 424.555908203125
Evaluating candidate model on evaluation dataset
Epoch 21 candidate mean 182015.65625, baseline epoch 20 mean 182566.140625, difference -550.484375
p-value: 0.049628128561367814
Update baseline
Evaluating baseline model on evaluation dataset
Start train epoch 22, lr=0.0001 for run run_20220218T232800
Evaluating baseline on dataset...
epoch: 22, train_batch_id: 0, avg_cost: 186489.953125
loss: -7029.11474609375, grad norm: 31851.76953125, clipped: 1.0
epoch: 22, train_batch_id: 50, avg_cost: 186804.5625
loss: -6330.09521484375, grad norm: 38048.1796875, clipped: 1.0
epoch: 22, train_batch_id: 100, avg_cost: 185177.8125
loss: -4938.30859375, grad norm: 37618.6328125, clipped: 1.0
epoch: 22, train_batch_id: 150, avg_cost: 184799.203125
loss: -3254.26416015625, grad norm: 36699.5390625, clipped: 1.0
Finished epoch 22, took 00:04:48 s
Saving model and state...
Validating...
Validation overall avg_cost: 180992.875 +- 443.7984619140625
Evaluating candidate model on evaluation dataset
Epoch 22 candidate mean 180428.65625, baseline epoch 21 mean 182616.28125, difference -2187.625
p-value: 1.1029714327712847e-09
Update baseline
Evaluating baseline model on evaluation dataset
Start train epoch 23, lr=0.0001 for run run_20220218T232800
Evaluating baseline on dataset...
epoch: 23, train_batch_id: 0, avg_cost: 184507.09375
loss: -6194.91796875, grad norm: 36975.40234375, clipped: 1.0
epoch: 23, train_batch_id: 50, avg_cost: 182581.90625
loss: -6980.38232421875, grad norm: 34330.48046875, clipped: 1.0
epoch: 23, train_batch_id: 100, avg_cost: 184388.671875
loss: -6999.1220703125, grad norm: 34072.3359375, clipped: 1.0
epoch: 23, train_batch_id: 150, avg_cost: 184926.5625
loss: -6120.27734375, grad norm: 40686.43359375, clipped: 1.0
Finished epoch 23, took 00:04:46 s
Saving model and state...
Validating...
Validation overall avg_cost: 180393.5 +- 417.48626708984375
Evaluating candidate model on evaluation dataset
Epoch 23 candidate mean 180415.359375, baseline epoch 22 mean 180975.984375, difference -560.625
p-value: 0.05040333782692684
Start train epoch 24, lr=0.0001 for run run_20220218T232800
Evaluating baseline on dataset...
epoch: 24, train_batch_id: 0, avg_cost: 182054.109375
loss: -4501.2958984375, grad norm: 34274.46484375, clipped: 1.0
epoch: 24, train_batch_id: 50, avg_cost: 181550.9375
loss: -4964.26708984375, grad norm: 35314.61328125, clipped: 1.0
epoch: 24, train_batch_id: 100, avg_cost: 182330.5
loss: -6315.32080078125, grad norm: 39926.6015625, clipped: 1.0
epoch: 24, train_batch_id: 150, avg_cost: 185043.234375
loss: -6557.82177734375, grad norm: 36592.3203125, clipped: 1.0
Finished epoch 24, took 00:04:45 s
Saving model and state...
Validating...
Validation overall avg_cost: 180623.984375 +- 436.0244445800781
Evaluating candidate model on evaluation dataset
Epoch 24 candidate mean 180671.546875, baseline epoch 22 mean 180975.984375, difference -304.4375
p-value: 0.20292805638386446
Start train epoch 25, lr=0.0001 for run run_20220218T232800
Evaluating baseline on dataset...
epoch: 25, train_batch_id: 0, avg_cost: 185027.28125
loss: -5263.630859375, grad norm: 41069.24609375, clipped: 1.0
epoch: 25, train_batch_id: 50, avg_cost: 184482.25
loss: -7387.47412109375, grad norm: 38392.3671875, clipped: 1.0
epoch: 25, train_batch_id: 100, avg_cost: 182621.734375
loss: -4067.613037109375, grad norm: 37144.4453125, clipped: 1.0
epoch: 25, train_batch_id: 150, avg_cost: 184024.875
loss: -6363.16357421875, grad norm: 37614.94921875, clipped: 1.0
Finished epoch 25, took 00:04:48 s
Saving model and state...
Validating...
Validation overall avg_cost: 179263.765625 +- 416.82666015625
Evaluating candidate model on evaluation dataset
Epoch 25 candidate mean 179132.78125, baseline epoch 22 mean 180975.984375, difference -1843.203125
p-value: 3.718320761434946e-07
Update baseline
Evaluating baseline model on evaluation dataset
Start train epoch 26, lr=0.0001 for run run_20220218T232800
Evaluating baseline on dataset...
epoch: 26, train_batch_id: 0, avg_cost: 180905.28125
loss: -7961.87841796875, grad norm: 36325.05078125, clipped: 1.0
epoch: 26, train_batch_id: 50, avg_cost: 181953.65625
loss: -5975.32177734375, grad norm: 32322.2578125, clipped: 1.0
epoch: 26, train_batch_id: 100, avg_cost: 182924.65625
loss: -3982.362548828125, grad norm: 34501.0546875, clipped: 1.0
epoch: 26, train_batch_id: 150, avg_cost: 181608.421875
loss: -3916.60986328125, grad norm: 34787.58984375, clipped: 1.0
Finished epoch 26, took 00:04:46 s
Saving model and state...
Validating...
Validation overall avg_cost: 178410.515625 +- 410.0679931640625
Evaluating candidate model on evaluation dataset
Epoch 26 candidate mean 178126.75, baseline epoch 25 mean 178457.171875, difference -330.421875
p-value: 0.17103379841363447
Start train epoch 27, lr=0.0001 for run run_20220218T232800
Evaluating baseline on dataset...
epoch: 27, train_batch_id: 0, avg_cost: 181597.875
loss: -5796.50390625, grad norm: 37299.90234375, clipped: 1.0
epoch: 27, train_batch_id: 50, avg_cost: 183495.65625
loss: -7167.05615234375, grad norm: 41037.8359375, clipped: 1.0
epoch: 27, train_batch_id: 100, avg_cost: 182195.34375
loss: -4459.1708984375, grad norm: 40616.9921875, clipped: 1.0
epoch: 27, train_batch_id: 150, avg_cost: 183261.65625
loss: -5072.19482421875, grad norm: 40162.5546875, clipped: 1.0
Finished epoch 27, took 00:04:46 s
Saving model and state...
Validating...
Validation overall avg_cost: 178634.296875 +- 435.3782653808594
Evaluating candidate model on evaluation dataset
Epoch 27 candidate mean 177917.734375, baseline epoch 25 mean 178457.171875, difference -539.4375
p-value: 0.07192346659456049
Start train epoch 28, lr=0.0001 for run run_20220218T232800
Evaluating baseline on dataset...
epoch: 28, train_batch_id: 0, avg_cost: 181446.5625
loss: -5690.34521484375, grad norm: 37681.921875, clipped: 1.0
epoch: 28, train_batch_id: 50, avg_cost: 182040.75
loss: -7575.33984375, grad norm: 35262.43359375, clipped: 1.0
epoch: 28, train_batch_id: 100, avg_cost: 180937.75
loss: -2873.930419921875, grad norm: 36590.41015625, clipped: 1.0
epoch: 28, train_batch_id: 150, avg_cost: 181851.1875
loss: -4011.03515625, grad norm: 43078.0, clipped: 1.0
Finished epoch 28, took 00:04:46 s
Saving model and state...
Validating...
Validation overall avg_cost: 176764.171875 +- 394.5080871582031
Evaluating candidate model on evaluation dataset
Epoch 28 candidate mean 176511.9375, baseline epoch 25 mean 178457.171875, difference -1945.234375
p-value: 4.939536390093807e-09
Update baseline
Evaluating baseline model on evaluation dataset
Start train epoch 29, lr=0.0001 for run run_20220218T232800
Evaluating baseline on dataset...
epoch: 29, train_batch_id: 0, avg_cost: 183597.09375
loss: -6538.7666015625, grad norm: 30053.013671875, clipped: 1.0
epoch: 29, train_batch_id: 50, avg_cost: 177471.875
loss: -3353.53125, grad norm: 32497.30078125, clipped: 1.0
epoch: 29, train_batch_id: 100, avg_cost: 180158.59375
loss: -5249.54296875, grad norm: 34577.59375, clipped: 1.0
epoch: 29, train_batch_id: 150, avg_cost: 180466.015625
loss: -4801.2109375, grad norm: 32845.28125, clipped: 1.0
Finished epoch 29, took 00:04:45 s
Saving model and state...
Validating...
Validation overall avg_cost: 176420.015625 +- 399.8094177246094
Evaluating candidate model on evaluation dataset
Epoch 29 candidate mean 175976.90625, baseline epoch 28 mean 176886.015625, difference -909.109375
p-value: 0.0013805617990704595
Update baseline
Evaluating baseline model on evaluation dataset
Start train epoch 30, lr=0.0001 for run run_20220218T232800
Evaluating baseline on dataset...
epoch: 30, train_batch_id: 0, avg_cost: 179376.890625
loss: -5180.20361328125, grad norm: 32781.625, clipped: 1.0
epoch: 30, train_batch_id: 50, avg_cost: 182871.15625
loss: -5446.09033203125, grad norm: 40303.66015625, clipped: 1.0
epoch: 30, train_batch_id: 100, avg_cost: 179504.53125
loss: -6891.43701171875, grad norm: 34844.7734375, clipped: 1.0
epoch: 30, train_batch_id: 150, avg_cost: 179129.75
loss: -2746.50439453125, grad norm: 29233.916015625, clipped: 1.0
Finished epoch 30, took 00:04:45 s
Saving model and state...
Validating...
Validation overall avg_cost: 175269.703125 +- 370.72662353515625
Evaluating candidate model on evaluation dataset
Epoch 30 candidate mean 175393.5625, baseline epoch 29 mean 176551.96875, difference -1158.40625
p-value: 3.74646763340041e-05
Update baseline
Evaluating baseline model on evaluation dataset
Start train epoch 31, lr=0.0001 for run run_20220218T232800
Evaluating baseline on dataset...
epoch: 31, train_batch_id: 0, avg_cost: 179252.234375
loss: -5938.833984375, grad norm: 30654.0390625, clipped: 1.0
epoch: 31, train_batch_id: 50, avg_cost: 181048.46875
loss: -6501.2275390625, grad norm: 39470.88671875, clipped: 1.0
epoch: 31, train_batch_id: 100, avg_cost: 178039.78125
loss: -4098.43896484375, grad norm: 30838.97265625, clipped: 1.0
epoch: 31, train_batch_id: 150, avg_cost: 176698.234375
loss: -5674.76220703125, grad norm: 30874.708984375, clipped: 1.0
Finished epoch 31, took 00:04:45 s
Saving model and state...
Validating...
Validation overall avg_cost: 174678.34375 +- 400.0968933105469
Evaluating candidate model on evaluation dataset
Epoch 31 candidate mean 175210.59375, baseline epoch 30 mean 175225.9375, difference -15.34375
p-value: 0.4789970365870818
Start train epoch 32, lr=0.0001 for run run_20220218T232800
Evaluating baseline on dataset...
epoch: 32, train_batch_id: 0, avg_cost: 177373.765625
loss: -5327.93212890625, grad norm: 35256.5625, clipped: 1.0
epoch: 32, train_batch_id: 50, avg_cost: 178612.578125
loss: -5313.2607421875, grad norm: 31796.640625, clipped: 1.0
epoch: 32, train_batch_id: 100, avg_cost: 178257.25
loss: -2707.753662109375, grad norm: 36517.22265625, clipped: 1.0
epoch: 32, train_batch_id: 150, avg_cost: 176729.5
loss: -5110.470703125, grad norm: 31505.12109375, clipped: 1.0
Finished epoch 32, took 00:04:45 s
Saving model and state...
Validating...
Validation overall avg_cost: 174178.4375 +- 382.7834167480469
Evaluating candidate model on evaluation dataset
Epoch 32 candidate mean 174796.546875, baseline epoch 30 mean 175225.9375, difference -429.390625
p-value: 0.0691835413133785
Start train epoch 33, lr=0.0001 for run run_20220218T232800
Evaluating baseline on dataset...
epoch: 33, train_batch_id: 0, avg_cost: 178115.984375
loss: -3647.73486328125, grad norm: 30915.845703125, clipped: 1.0
epoch: 33, train_batch_id: 50, avg_cost: 176290.953125
loss: -5180.7890625, grad norm: 36306.4765625, clipped: 1.0
epoch: 33, train_batch_id: 100, avg_cost: 178182.90625
loss: -4621.45849609375, grad norm: 35337.40625, clipped: 1.0
epoch: 33, train_batch_id: 150, avg_cost: 176204.875
loss: -3922.770751953125, grad norm: 34383.328125, clipped: 1.0
Finished epoch 33, took 00:04:44 s
Saving model and state...
Validating...
Validation overall avg_cost: 173286.1875 +- 389.8030090332031
Evaluating candidate model on evaluation dataset
Epoch 33 candidate mean 173182.96875, baseline epoch 30 mean 175225.9375, difference -2042.96875
p-value: 1.4372476406975088e-11
Update baseline
Evaluating baseline model on evaluation dataset
Start train epoch 34, lr=0.0001 for run run_20220218T232800
Evaluating baseline on dataset...
epoch: 34, train_batch_id: 0, avg_cost: 176958.5625
loss: -6235.28759765625, grad norm: 29006.556640625, clipped: 1.0
epoch: 34, train_batch_id: 50, avg_cost: 178777.703125
loss: -6522.73291015625, grad norm: 36787.01953125, clipped: 1.0
epoch: 34, train_batch_id: 100, avg_cost: 176919.625
loss: -6784.41748046875, grad norm: 29671.265625, clipped: 1.0
epoch: 34, train_batch_id: 150, avg_cost: 179257.796875
loss: -5496.8623046875, grad norm: 33182.71484375, clipped: 1.0
Finished epoch 34, took 00:04:43 s
Saving model and state...
Validating...
Validation overall avg_cost: 173385.421875 +- 392.0952453613281
Evaluating candidate model on evaluation dataset
Epoch 34 candidate mean 173293.109375, baseline epoch 33 mean 173573.546875, difference -280.4375
p-value: 0.17406897877755
Start train epoch 35, lr=0.0001 for run run_20220218T232800
Evaluating baseline on dataset...
epoch: 35, train_batch_id: 0, avg_cost: 176380.59375
loss: -6021.60302734375, grad norm: 32776.67578125, clipped: 1.0
epoch: 35, train_batch_id: 50, avg_cost: 176277.65625
loss: -3308.64892578125, grad norm: 31121.603515625, clipped: 1.0
epoch: 35, train_batch_id: 100, avg_cost: 176083.9375
loss: -5223.03466796875, grad norm: 32196.20703125, clipped: 1.0
epoch: 35, train_batch_id: 150, avg_cost: 173080.8125
loss: -4135.13671875, grad norm: 28694.1640625, clipped: 1.0
Finished epoch 35, took 00:04:43 s
Saving model and state...
Validating...
Validation overall avg_cost: 173005.765625 +- 386.75164794921875
Evaluating candidate model on evaluation dataset
Epoch 35 candidate mean 173099.109375, baseline epoch 33 mean 173573.546875, difference -474.4375
p-value: 0.05447846110903289
Start train epoch 36, lr=0.0001 for run run_20220218T232800
Evaluating baseline on dataset...
epoch: 36, train_batch_id: 0, avg_cost: 176931.9375
loss: -5424.53662109375, grad norm: 32254.072265625, clipped: 1.0
epoch: 36, train_batch_id: 50, avg_cost: 177905.375
loss: -3665.071533203125, grad norm: 33332.20703125, clipped: 1.0
epoch: 36, train_batch_id: 100, avg_cost: 176218.421875
loss: -4703.9228515625, grad norm: 35948.37890625, clipped: 1.0
epoch: 36, train_batch_id: 150, avg_cost: 173686.328125
loss: -1571.7838134765625, grad norm: 27699.51171875, clipped: 1.0
Finished epoch 36, took 00:04:44 s
Saving model and state...
Validating...
Validation overall avg_cost: 171891.359375 +- 382.1893310546875
Evaluating candidate model on evaluation dataset
Epoch 36 candidate mean 172060.390625, baseline epoch 33 mean 173573.546875, difference -1513.15625
p-value: 3.503253996542598e-07
Update baseline
Evaluating baseline model on evaluation dataset
Start train epoch 37, lr=0.0001 for run run_20220218T232800
Evaluating baseline on dataset...
epoch: 37, train_batch_id: 0, avg_cost: 174636.3125
loss: -4544.78076171875, grad norm: 25940.7421875, clipped: 1.0
epoch: 37, train_batch_id: 50, avg_cost: 173598.8125
loss: -4606.88623046875, grad norm: 35903.3984375, clipped: 1.0
epoch: 37, train_batch_id: 100, avg_cost: 172678.015625
loss: -2915.724853515625, grad norm: 28343.638671875, clipped: 1.0
epoch: 37, train_batch_id: 150, avg_cost: 174696.609375
loss: -3101.935302734375, grad norm: 28303.27734375, clipped: 1.0
Finished epoch 37, took 00:04:44 s
Saving model and state...
Validating...
Validation overall avg_cost: 171833.875 +- 381.02752685546875
Evaluating candidate model on evaluation dataset
Epoch 37 candidate mean 171782.296875, baseline epoch 36 mean 171676.21875, difference 106.078125
Start train epoch 38, lr=0.0001 for run run_20220218T232800
Evaluating baseline on dataset...
epoch: 38, train_batch_id: 0, avg_cost: 175396.59375
loss: -3037.436767578125, grad norm: 28476.271484375, clipped: 1.0
epoch: 38, train_batch_id: 50, avg_cost: 176401.78125
loss: -4747.29248046875, grad norm: 29211.615234375, clipped: 1.0
epoch: 38, train_batch_id: 100, avg_cost: 173951.0
loss: -5645.84912109375, grad norm: 32838.40234375, clipped: 1.0
epoch: 38, train_batch_id: 150, avg_cost: 172950.46875
loss: -3177.912841796875, grad norm: 27346.48828125, clipped: 1.0
Finished epoch 38, took 00:04:45 s
Saving model and state...
Validating...
Validation overall avg_cost: 171422.8125 +- 366.0342102050781
Evaluating candidate model on evaluation dataset
Epoch 38 candidate mean 170906.5, baseline epoch 36 mean 171676.21875, difference -769.71875
p-value: 0.002251554503101603
Update baseline
Evaluating baseline model on evaluation dataset
Start train epoch 39, lr=0.0001 for run run_20220218T232800
Evaluating baseline on dataset...
epoch: 39, train_batch_id: 0, avg_cost: 176389.203125
loss: -5461.94970703125, grad norm: 26541.822265625, clipped: 1.0
epoch: 39, train_batch_id: 50, avg_cost: 170765.828125
loss: -3784.357177734375, grad norm: 29282.966796875, clipped: 1.0
epoch: 39, train_batch_id: 100, avg_cost: 173599.4375
loss: -4123.64990234375, grad norm: 31265.93359375, clipped: 1.0
epoch: 39, train_batch_id: 150, avg_cost: 172198.5625
loss: -4082.28173828125, grad norm: 28609.712890625, clipped: 1.0
Finished epoch 39, took 00:04:43 s
Saving model and state...
Validating...
Validation overall avg_cost: 171110.046875 +- 386.3983154296875
Evaluating candidate model on evaluation dataset
Epoch 39 candidate mean 171216.171875, baseline epoch 38 mean 171831.640625, difference -615.46875
p-value: 0.016265096204963324
Update baseline
Evaluating baseline model on evaluation dataset
Start train epoch 40, lr=0.0001 for run run_20220218T232800
Evaluating baseline on dataset...
epoch: 40, train_batch_id: 0, avg_cost: 173005.25
loss: -4417.9072265625, grad norm: 27229.328125, clipped: 1.0
epoch: 40, train_batch_id: 50, avg_cost: 175168.46875
loss: -2940.399169921875, grad norm: 29054.494140625, clipped: 1.0
epoch: 40, train_batch_id: 100, avg_cost: 175299.21875
loss: -2650.931884765625, grad norm: 33368.02734375, clipped: 1.0
epoch: 40, train_batch_id: 150, avg_cost: 173643.84375
loss: -1799.507080078125, grad norm: 34817.66796875, clipped: 1.0
Finished epoch 40, took 00:04:44 s
Saving model and state...
Validating...
Validation overall avg_cost: 170706.078125 +- 373.46221923828125
Evaluating candidate model on evaluation dataset
Epoch 40 candidate mean 170028.390625, baseline epoch 39 mean 170601.9375, difference -573.546875
p-value: 0.019211744027274887
Update baseline
Evaluating baseline model on evaluation dataset
Start train epoch 41, lr=0.0001 for run run_20220218T232800
Evaluating baseline on dataset...
epoch: 41, train_batch_id: 0, avg_cost: 173020.25
loss: -3951.132080078125, grad norm: 25272.6640625, clipped: 1.0
epoch: 41, train_batch_id: 50, avg_cost: 173095.484375
loss: -5901.78271484375, grad norm: 29574.76953125, clipped: 1.0
epoch: 41, train_batch_id: 100, avg_cost: 171805.25
loss: -2895.080322265625, grad norm: 28130.064453125, clipped: 1.0
epoch: 41, train_batch_id: 150, avg_cost: 172162.109375
loss: -3963.955078125, grad norm: 28285.4296875, clipped: 1.0
Finished epoch 41, took 00:04:42 s
Saving model and state...
Validating...
Validation overall avg_cost: 170238.15625 +- 376.5970153808594
Evaluating candidate model on evaluation dataset
Epoch 41 candidate mean 170296.359375, baseline epoch 40 mean 170335.625, difference -39.265625
p-value: 0.44438781669088034
Start train epoch 42, lr=0.0001 for run run_20220218T232800
Evaluating baseline on dataset...
epoch: 42, train_batch_id: 0, avg_cost: 173601.796875
loss: -1255.2427978515625, grad norm: 32789.9765625, clipped: 1.0
epoch: 42, train_batch_id: 50, avg_cost: 173045.5625
loss: -2748.7666015625, grad norm: 27567.853515625, clipped: 1.0
epoch: 42, train_batch_id: 100, avg_cost: 172181.3125
loss: -2523.6748046875, grad norm: 27381.763671875, clipped: 1.0
epoch: 42, train_batch_id: 150, avg_cost: 172245.65625
loss: -3517.733642578125, grad norm: 32847.5859375, clipped: 1.0
Finished epoch 42, took 00:04:42 s
Saving model and state...
Validating...
Validation overall avg_cost: 170059.171875 +- 367.5063171386719
Evaluating candidate model on evaluation dataset
Epoch 42 candidate mean 169988.234375, baseline epoch 40 mean 170335.625, difference -347.390625
p-value: 0.108049177066861
Start train epoch 43, lr=0.0001 for run run_20220218T232800
Evaluating baseline on dataset...
epoch: 43, train_batch_id: 0, avg_cost: 174026.65625
loss: -3905.833740234375, grad norm: 33536.67578125, clipped: 1.0
epoch: 43, train_batch_id: 50, avg_cost: 172112.84375
loss: -3841.103515625, grad norm: 28867.0390625, clipped: 1.0
epoch: 43, train_batch_id: 100, avg_cost: 170293.328125
loss: -2326.869873046875, grad norm: 32560.017578125, clipped: 1.0
epoch: 43, train_batch_id: 150, avg_cost: 171509.28125
loss: -2255.527099609375, grad norm: 33462.234375, clipped: 1.0
Finished epoch 43, took 00:04:43 s
Saving model and state...
Validating...
Validation overall avg_cost: 169224.359375 +- 367.20556640625
Evaluating candidate model on evaluation dataset
Epoch 43 candidate mean 169783.203125, baseline epoch 40 mean 170335.625, difference -552.421875
p-value: 0.0258091537052483
Update baseline
Evaluating baseline model on evaluation dataset
Start train epoch 44, lr=0.0001 for run run_20220218T232800
Evaluating baseline on dataset...
epoch: 44, train_batch_id: 0, avg_cost: 171597.15625
loss: -3527.01171875, grad norm: 26981.484375, clipped: 1.0
epoch: 44, train_batch_id: 50, avg_cost: 170260.1875
loss: -2887.52490234375, grad norm: 25511.7734375, clipped: 1.0
epoch: 44, train_batch_id: 100, avg_cost: 173777.0625
loss: -2922.341552734375, grad norm: 28377.1640625, clipped: 1.0
epoch: 44, train_batch_id: 150, avg_cost: 170180.53125
loss: -2904.558349609375, grad norm: 25665.828125, clipped: 1.0
Finished epoch 44, took 00:04:42 s
Saving model and state...
Validating...
Validation overall avg_cost: 169395.578125 +- 363.6002197265625
Evaluating candidate model on evaluation dataset
Epoch 44 candidate mean 169431.3125, baseline epoch 43 mean 169361.4375, difference 69.875
Start train epoch 45, lr=0.0001 for run run_20220218T232800
Evaluating baseline on dataset...
epoch: 45, train_batch_id: 0, avg_cost: 170629.0
loss: -4501.5546875, grad norm: 29977.4921875, clipped: 1.0
epoch: 45, train_batch_id: 50, avg_cost: 172575.28125
loss: -3339.837646484375, grad norm: 29756.712890625, clipped: 1.0
epoch: 45, train_batch_id: 100, avg_cost: 172384.25
loss: -3323.36328125, grad norm: 32129.06640625, clipped: 1.0
epoch: 45, train_batch_id: 150, avg_cost: 171777.46875
loss: -3490.602783203125, grad norm: 25714.70703125, clipped: 1.0
Finished epoch 45, took 00:04:42 s
Saving model and state...
Validating...
Validation overall avg_cost: 168798.84375 +- 354.2119445800781
Evaluating candidate model on evaluation dataset
Epoch 45 candidate mean 168854.71875, baseline epoch 43 mean 169361.4375, difference -506.71875
p-value: 0.0257697698424957
Update baseline
Evaluating baseline model on evaluation dataset
Start train epoch 46, lr=0.0001 for run run_20220218T232800
Evaluating baseline on dataset...
epoch: 46, train_batch_id: 0, avg_cost: 173786.453125
loss: -4472.86474609375, grad norm: 27457.509765625, clipped: 1.0
epoch: 46, train_batch_id: 50, avg_cost: 172872.390625
loss: -3593.11181640625, grad norm: 28089.568359375, clipped: 1.0
epoch: 46, train_batch_id: 100, avg_cost: 171338.4375
loss: -3169.66943359375, grad norm: 25361.669921875, clipped: 1.0
epoch: 46, train_batch_id: 150, avg_cost: 171296.84375
loss: -3875.735107421875, grad norm: 28584.580078125, clipped: 1.0
Finished epoch 46, took 00:04:42 s
Saving model and state...
Validating...
Validation overall avg_cost: 167966.90625 +- 364.34564208984375
Evaluating candidate model on evaluation dataset
Epoch 46 candidate mean 167478.84375, baseline epoch 45 mean 168540.078125, difference -1061.234375
p-value: 1.8173463311138332e-05
Update baseline
Evaluating baseline model on evaluation dataset
Start train epoch 47, lr=0.0001 for run run_20220218T232800
Evaluating baseline on dataset...
epoch: 47, train_batch_id: 0, avg_cost: 170362.828125
loss: -3910.255615234375, grad norm: 22636.123046875, clipped: 1.0
epoch: 47, train_batch_id: 50, avg_cost: 171655.96875
loss: -4463.8876953125, grad norm: 29059.701171875, clipped: 1.0
epoch: 47, train_batch_id: 100, avg_cost: 167417.0
loss: -2940.095703125, grad norm: 27019.3671875, clipped: 1.0
epoch: 47, train_batch_id: 150, avg_cost: 169977.171875
loss: -2571.150146484375, grad norm: 25227.431640625, clipped: 1.0
Finished epoch 47, took 00:04:42 s
Saving model and state...
Validating...
Validation overall avg_cost: 167630.3125 +- 366.5995178222656
Evaluating candidate model on evaluation dataset
Epoch 47 candidate mean 167151.328125, baseline epoch 46 mean 167599.640625, difference -448.3125
p-value: 0.04215665745660519
Update baseline
Evaluating baseline model on evaluation dataset
Start train epoch 48, lr=0.0001 for run run_20220218T232800
Evaluating baseline on dataset...
epoch: 48, train_batch_id: 0, avg_cost: 173632.5
loss: -5009.61669921875, grad norm: 28867.701171875, clipped: 1.0
epoch: 48, train_batch_id: 50, avg_cost: 169393.03125
loss: -3798.49072265625, grad norm: 25542.46875, clipped: 1.0
epoch: 48, train_batch_id: 100, avg_cost: 169439.875
loss: -3330.75244140625, grad norm: 27337.228515625, clipped: 1.0
epoch: 48, train_batch_id: 150, avg_cost: 172243.671875
loss: -2757.12060546875, grad norm: 26145.83984375, clipped: 1.0
Finished epoch 48, took 00:04:42 s
Saving model and state...
Validating...
Validation overall avg_cost: 167251.59375 +- 359.83660888671875
Evaluating candidate model on evaluation dataset
Epoch 48 candidate mean 166901.328125, baseline epoch 47 mean 167060.0, difference -158.671875
p-value: 0.269740311193843
Start train epoch 49, lr=0.0001 for run run_20220218T232800
Evaluating baseline on dataset...
epoch: 49, train_batch_id: 0, avg_cost: 168595.171875
loss: -3454.921142578125, grad norm: 28780.7109375, clipped: 1.0
epoch: 49, train_batch_id: 50, avg_cost: 171131.578125
loss: -3510.466552734375, grad norm: 27798.578125, clipped: 1.0
epoch: 49, train_batch_id: 100, avg_cost: 170279.859375
loss: -2322.1708984375, grad norm: 25120.796875, clipped: 1.0
epoch: 49, train_batch_id: 150, avg_cost: 170314.5
loss: -4031.39697265625, grad norm: 26431.833984375, clipped: 1.0
Finished epoch 49, took 00:04:41 s
Saving model and state...
Validating...
Validation overall avg_cost: 166905.96875 +- 345.70623779296875
Evaluating candidate model on evaluation dataset
Epoch 49 candidate mean 166396.453125, baseline epoch 47 mean 167060.0, difference -663.546875
p-value: 0.004144098424819005
Update baseline
Evaluating baseline model on evaluation dataset
Start train epoch 50, lr=0.0001 for run run_20220218T232800
Evaluating baseline on dataset...
epoch: 50, train_batch_id: 0, avg_cost: 166918.0
loss: -2810.615478515625, grad norm: 21594.908203125, clipped: 1.0
epoch: 50, train_batch_id: 50, avg_cost: 171922.328125
loss: -4026.212646484375, grad norm: 33027.8359375, clipped: 1.0
epoch: 50, train_batch_id: 100, avg_cost: 171852.359375
loss: -4504.4736328125, grad norm: 31897.412109375, clipped: 1.0
epoch: 50, train_batch_id: 150, avg_cost: 167641.8125
loss: -3004.60888671875, grad norm: 25423.25390625, clipped: 1.0
Finished epoch 50, took 00:04:41 s
Saving model and state...
Validating...
Validation overall avg_cost: 167213.3125 +- 353.5409240722656
Evaluating candidate model on evaluation dataset
Epoch 50 candidate mean 166376.265625, baseline epoch 49 mean 165953.546875, difference 422.71875
Start train epoch 51, lr=0.0001 for run run_20220218T232800
Evaluating baseline on dataset...
epoch: 51, train_batch_id: 0, avg_cost: 172062.515625
loss: -4284.48779296875, grad norm: 27938.83984375, clipped: 1.0
epoch: 51, train_batch_id: 50, avg_cost: 169470.734375
loss: -3170.092041015625, grad norm: 29384.95703125, clipped: 1.0
epoch: 51, train_batch_id: 100, avg_cost: 168134.75
loss: -2146.43212890625, grad norm: 28398.4453125, clipped: 1.0
epoch: 51, train_batch_id: 150, avg_cost: 169495.875
loss: -4084.778076171875, grad norm: 25725.8203125, clipped: 1.0
Finished epoch 51, took 00:04:41 s
Saving model and state...
Validating...
Validation overall avg_cost: 166472.796875 +- 355.37518310546875
Evaluating candidate model on evaluation dataset
Epoch 51 candidate mean 165407.421875, baseline epoch 49 mean 165953.546875, difference -546.125
p-value: 0.008120718899679743
Update baseline
Evaluating baseline model on evaluation dataset
Start train epoch 52, lr=0.0001 for run run_20220218T232800
Evaluating baseline on dataset...
epoch: 52, train_batch_id: 0, avg_cost: 169612.546875
loss: -3185.125732421875, grad norm: 23583.361328125, clipped: 1.0
epoch: 52, train_batch_id: 50, avg_cost: 169681.625
loss: -3130.625732421875, grad norm: 28151.6796875, clipped: 1.0
epoch: 52, train_batch_id: 100, avg_cost: 167904.78125
loss: -3055.9501953125, grad norm: 28618.453125, clipped: 1.0
epoch: 52, train_batch_id: 150, avg_cost: 167475.546875
loss: -2577.999755859375, grad norm: 28710.015625, clipped: 1.0
Finished epoch 52, took 00:04:42 s
Saving model and state...
Validating...
Validation overall avg_cost: 166331.859375 +- 348.7889709472656
Evaluating candidate model on evaluation dataset
Epoch 52 candidate mean 165921.4375, baseline epoch 51 mean 165985.5, difference -64.0625
p-value: 0.3947509410055926
Start train epoch 53, lr=0.0001 for run run_20220218T232800
Evaluating baseline on dataset...
epoch: 53, train_batch_id: 0, avg_cost: 167203.6875
loss: -2148.331787109375, grad norm: 23936.017578125, clipped: 1.0
epoch: 53, train_batch_id: 50, avg_cost: 170567.40625
loss: -5367.00244140625, grad norm: 28738.58203125, clipped: 1.0
epoch: 53, train_batch_id: 100, avg_cost: 168222.90625
loss: -3051.8037109375, grad norm: 21270.2421875, clipped: 1.0
epoch: 53, train_batch_id: 150, avg_cost: 168405.15625
loss: -5310.41357421875, grad norm: 22286.36328125, clipped: 1.0
Finished epoch 53, took 00:04:42 s
Saving model and state...
Validating...
Validation overall avg_cost: 165315.421875 +- 346.5299072265625
Evaluating candidate model on evaluation dataset
Epoch 53 candidate mean 164795.390625, baseline epoch 51 mean 165985.5, difference -1190.109375
p-value: 2.2887417124614216e-07
Update baseline
Evaluating baseline model on evaluation dataset
Start train epoch 54, lr=0.0001 for run run_20220218T232800
Evaluating baseline on dataset...
epoch: 54, train_batch_id: 0, avg_cost: 167549.5
loss: -4223.0029296875, grad norm: 23379.41015625, clipped: 1.0
epoch: 54, train_batch_id: 50, avg_cost: 168285.953125
loss: -3793.6953125, grad norm: 22284.23046875, clipped: 1.0
epoch: 54, train_batch_id: 100, avg_cost: 166963.46875
loss: -3396.325439453125, grad norm: 23143.744140625, clipped: 1.0
epoch: 54, train_batch_id: 150, avg_cost: 167234.6875
loss: -3136.92724609375, grad norm: 26147.1015625, clipped: 1.0
Finished epoch 54, took 00:04:41 s
Saving model and state...
Validating...
Validation overall avg_cost: 165771.453125 +- 338.02166748046875
Evaluating candidate model on evaluation dataset
Epoch 54 candidate mean 165513.203125, baseline epoch 53 mean 164999.78125, difference 513.421875
Start train epoch 55, lr=0.0001 for run run_20220218T232800
Evaluating baseline on dataset...
epoch: 55, train_batch_id: 0, avg_cost: 168345.15625
loss: -4287.9443359375, grad norm: 25930.2109375, clipped: 1.0
epoch: 55, train_batch_id: 50, avg_cost: 166919.703125
loss: -3847.643310546875, grad norm: 27209.3515625, clipped: 1.0
epoch: 55, train_batch_id: 100, avg_cost: 164598.828125
loss: -2691.450439453125, grad norm: 25165.732421875, clipped: 1.0
epoch: 55, train_batch_id: 150, avg_cost: 169406.109375
loss: -3603.990966796875, grad norm: 25443.23828125, clipped: 1.0
Finished epoch 55, took 00:04:41 s
Saving model and state...
Validating...
Validation overall avg_cost: 164848.421875 +- 340.2954406738281
Evaluating candidate model on evaluation dataset
Epoch 55 candidate mean 164702.203125, baseline epoch 53 mean 164999.78125, difference -297.578125
p-value: 0.08105157164225024
Start train epoch 56, lr=0.0001 for run run_20220218T232800
Evaluating baseline on dataset...
epoch: 56, train_batch_id: 0, avg_cost: 167815.78125
loss: -2210.2021484375, grad norm: 26365.466796875, clipped: 1.0
epoch: 56, train_batch_id: 50, avg_cost: 166888.125
loss: -2283.441650390625, grad norm: 20357.40625, clipped: 1.0
epoch: 56, train_batch_id: 100, avg_cost: 165270.765625
loss: -1988.880859375, grad norm: 26334.158203125, clipped: 1.0
epoch: 56, train_batch_id: 150, avg_cost: 168918.640625
loss: -3096.9013671875, grad norm: 29276.76171875, clipped: 1.0
Finished epoch 56, took 00:04:42 s
Saving model and state...
Validating...
Validation overall avg_cost: 164316.828125 +- 337.8039245605469
Evaluating candidate model on evaluation dataset
Epoch 56 candidate mean 164465.171875, baseline epoch 53 mean 164999.78125, difference -534.609375
p-value: 0.007777810059460164
Update baseline
Evaluating baseline model on evaluation dataset
Start train epoch 57, lr=0.0001 for run run_20220218T232800
Evaluating baseline on dataset...
epoch: 57, train_batch_id: 0, avg_cost: 166331.890625
loss: -3891.02978515625, grad norm: 23027.25390625, clipped: 1.0
epoch: 57, train_batch_id: 50, avg_cost: 169119.46875
loss: -3341.815185546875, grad norm: 22021.158203125, clipped: 1.0
epoch: 57, train_batch_id: 100, avg_cost: 168713.015625
loss: -4105.33544921875, grad norm: 24710.50390625, clipped: 1.0
epoch: 57, train_batch_id: 150, avg_cost: 166152.3125
loss: -2616.08984375, grad norm: 21243.455078125, clipped: 1.0
Finished epoch 57, took 00:04:42 s
Saving model and state...
Validating...
Validation overall avg_cost: 164025.015625 +- 335.24017333984375
Evaluating candidate model on evaluation dataset
Epoch 57 candidate mean 164041.4375, baseline epoch 56 mean 164788.734375, difference -747.296875
p-value: 0.0005081044245111499
Update baseline
Evaluating baseline model on evaluation dataset
Start train epoch 58, lr=0.0001 for run run_20220218T232800
Evaluating baseline on dataset...
epoch: 58, train_batch_id: 0, avg_cost: 166199.375
loss: -3250.552734375, grad norm: 24682.689453125, clipped: 1.0
epoch: 58, train_batch_id: 50, avg_cost: 167705.265625
loss: -4219.20361328125, grad norm: 24998.873046875, clipped: 1.0
epoch: 58, train_batch_id: 100, avg_cost: 167698.21875
loss: -4165.90966796875, grad norm: 26386.708984375, clipped: 1.0
epoch: 58, train_batch_id: 150, avg_cost: 166256.734375
loss: -3545.602783203125, grad norm: 24087.908203125, clipped: 1.0
Finished epoch 58, took 00:04:41 s
Saving model and state...
Validating...
Validation overall avg_cost: 164219.28125 +- 338.6960754394531
Evaluating candidate model on evaluation dataset
Epoch 58 candidate mean 163713.65625, baseline epoch 57 mean 163484.796875, difference 228.859375
Start train epoch 59, lr=0.0001 for run run_20220218T232800
Evaluating baseline on dataset...
epoch: 59, train_batch_id: 0, avg_cost: 167222.921875
loss: -4141.53564453125, grad norm: 23440.216796875, clipped: 1.0
epoch: 59, train_batch_id: 50, avg_cost: 166611.21875
loss: -3328.704833984375, grad norm: 27022.23046875, clipped: 1.0
epoch: 59, train_batch_id: 100, avg_cost: 164952.84375
loss: -1991.9656982421875, grad norm: 19665.859375, clipped: 1.0
epoch: 59, train_batch_id: 150, avg_cost: 166838.421875
loss: -3201.574462890625, grad norm: 26736.15625, clipped: 1.0
Finished epoch 59, took 00:04:41 s
Saving model and state...
Validating...
Validation overall avg_cost: 163611.078125 +- 330.5269775390625
Evaluating candidate model on evaluation dataset
Epoch 59 candidate mean 163463.046875, baseline epoch 57 mean 163484.796875, difference -21.75
p-value: 0.46158624668974835
Start train epoch 60, lr=0.0001 for run run_20220218T232800
Evaluating baseline on dataset...
epoch: 60, train_batch_id: 0, avg_cost: 164661.40625
loss: -3251.385498046875, grad norm: 25327.083984375, clipped: 1.0
epoch: 60, train_batch_id: 50, avg_cost: 164644.09375
loss: -2611.849365234375, grad norm: 23041.646484375, clipped: 1.0
epoch: 60, train_batch_id: 100, avg_cost: 166135.703125
loss: -3856.925537109375, grad norm: 23152.390625, clipped: 1.0
epoch: 60, train_batch_id: 150, avg_cost: 165192.375
loss: -1207.1827392578125, grad norm: 21934.5078125, clipped: 1.0
Finished epoch 60, took 00:04:41 s
Saving model and state...
Validating...
Validation overall avg_cost: 163617.625 +- 339.9135437011719
Evaluating candidate model on evaluation dataset
Epoch 60 candidate mean 162954.625, baseline epoch 57 mean 163484.796875, difference -530.171875
p-value: 0.008741454905554679
Update baseline
Evaluating baseline model on evaluation dataset
Start train epoch 61, lr=0.0001 for run run_20220218T232800
Evaluating baseline on dataset...
epoch: 61, train_batch_id: 0, avg_cost: 164192.625
loss: -2416.243896484375, grad norm: 19723.64453125, clipped: 1.0
epoch: 61, train_batch_id: 50, avg_cost: 165539.640625
loss: -2623.501953125, grad norm: 19262.796875, clipped: 1.0
epoch: 61, train_batch_id: 100, avg_cost: 167387.625
loss: -2979.80712890625, grad norm: 23335.931640625, clipped: 1.0
epoch: 61, train_batch_id: 150, avg_cost: 166496.53125
loss: -4113.4462890625, grad norm: 27881.302734375, clipped: 1.0
Finished epoch 61, took 00:04:40 s
Saving model and state...
Validating...
Validation overall avg_cost: 163286.296875 +- 344.7977600097656
Evaluating candidate model on evaluation dataset
Epoch 61 candidate mean 162676.03125, baseline epoch 60 mean 163093.453125, difference -417.421875
p-value: 0.026619426125738827
Update baseline
Evaluating baseline model on evaluation dataset
Start train epoch 62, lr=0.0001 for run run_20220218T232800
Evaluating baseline on dataset...
epoch: 62, train_batch_id: 0, avg_cost: 165058.53125
loss: -3038.840576171875, grad norm: 19812.720703125, clipped: 1.0
epoch: 62, train_batch_id: 50, avg_cost: 167471.546875
loss: -2933.47607421875, grad norm: 20803.1015625, clipped: 1.0
epoch: 62, train_batch_id: 100, avg_cost: 165906.65625
loss: -3201.005615234375, grad norm: 20486.0625, clipped: 1.0
epoch: 62, train_batch_id: 150, avg_cost: 165610.484375
loss: -3559.76220703125, grad norm: 22514.953125, clipped: 1.0
Finished epoch 62, took 00:04:40 s
Saving model and state...
Validating...
Validation overall avg_cost: 163274.171875 +- 338.9509582519531
Evaluating candidate model on evaluation dataset
Epoch 62 candidate mean 162984.578125, baseline epoch 61 mean 162614.578125, difference 370.0
Start train epoch 63, lr=0.0001 for run run_20220218T232800
Evaluating baseline on dataset...
epoch: 63, train_batch_id: 0, avg_cost: 166347.25
loss: -1266.4083251953125, grad norm: 21168.564453125, clipped: 1.0
epoch: 63, train_batch_id: 50, avg_cost: 165479.0625
loss: -1714.405517578125, grad norm: 19880.48046875, clipped: 1.0
epoch: 63, train_batch_id: 100, avg_cost: 166467.59375
loss: -3240.253662109375, grad norm: 24849.146484375, clipped: 1.0
epoch: 63, train_batch_id: 150, avg_cost: 164844.34375
loss: -3826.99853515625, grad norm: 21072.658203125, clipped: 1.0
Finished epoch 63, took 00:04:40 s
Saving model and state...
Validating...
Validation overall avg_cost: 163311.140625 +- 338.0423278808594
Evaluating candidate model on evaluation dataset
Epoch 63 candidate mean 163020.984375, baseline epoch 61 mean 162614.578125, difference 406.40625
Start train epoch 64, lr=0.0001 for run run_20220218T232800
Evaluating baseline on dataset...
epoch: 64, train_batch_id: 0, avg_cost: 167306.03125
loss: -2908.25439453125, grad norm: 22945.1171875, clipped: 1.0
epoch: 64, train_batch_id: 50, avg_cost: 166138.0625
loss: -3768.94775390625, grad norm: 23620.88671875, clipped: 1.0
epoch: 64, train_batch_id: 100, avg_cost: 164226.90625
loss: -2065.642578125, grad norm: 22476.91015625, clipped: 1.0
epoch: 64, train_batch_id: 150, avg_cost: 164837.546875
loss: -2863.424560546875, grad norm: 22164.623046875, clipped: 1.0
Finished epoch 64, took 00:04:40 s
Saving model and state...
Validating...
Validation overall avg_cost: 162391.78125 +- 335.3961486816406
Evaluating candidate model on evaluation dataset
Epoch 64 candidate mean 162308.640625, baseline epoch 61 mean 162614.578125, difference -305.9375
p-value: 0.07540137121966874
Start train epoch 65, lr=0.0001 for run run_20220218T232800
Evaluating baseline on dataset...
epoch: 65, train_batch_id: 0, avg_cost: 165038.28125
loss: -3161.112060546875, grad norm: 23482.97265625, clipped: 1.0
epoch: 65, train_batch_id: 50, avg_cost: 166975.5
loss: -5067.91162109375, grad norm: 27556.30078125, clipped: 1.0
epoch: 65, train_batch_id: 100, avg_cost: 166973.109375
loss: -2823.096923828125, grad norm: 24932.83984375, clipped: 1.0
epoch: 65, train_batch_id: 150, avg_cost: 166181.953125
loss: -2463.342529296875, grad norm: 22518.474609375, clipped: 1.0
Finished epoch 65, took 00:04:40 s
Saving model and state...
Validating...
Validation overall avg_cost: 162869.859375 +- 326.8881530761719
Evaluating candidate model on evaluation dataset
Epoch 65 candidate mean 162227.40625, baseline epoch 61 mean 162614.578125, difference -387.171875
p-value: 0.024312752039026105
Update baseline
Evaluating baseline model on evaluation dataset
Start train epoch 66, lr=0.0001 for run run_20220218T232800
Evaluating baseline on dataset...
epoch: 66, train_batch_id: 0, avg_cost: 165380.0
loss: -3242.260986328125, grad norm: 19285.126953125, clipped: 1.0
epoch: 66, train_batch_id: 50, avg_cost: 162391.90625
loss: -2627.126708984375, grad norm: 20449.4765625, clipped: 1.0
epoch: 66, train_batch_id: 100, avg_cost: 168466.28125
loss: -3165.434326171875, grad norm: 25441.005859375, clipped: 1.0
epoch: 66, train_batch_id: 150, avg_cost: 166349.90625
loss: -3337.468017578125, grad norm: 23574.21875, clipped: 1.0
Finished epoch 66, took 00:04:40 s
Saving model and state...
Validating...
Validation overall avg_cost: 162528.84375 +- 331.21124267578125
Evaluating candidate model on evaluation dataset
Epoch 66 candidate mean 162154.984375, baseline epoch 65 mean 162611.359375, difference -456.375
p-value: 0.015352669210370097
Update baseline
Evaluating baseline model on evaluation dataset
Start train epoch 67, lr=0.0001 for run run_20220218T232800
Evaluating baseline on dataset...
epoch: 67, train_batch_id: 0, avg_cost: 164339.28125
loss: -2248.638427734375, grad norm: 21235.5625, clipped: 1.0
epoch: 67, train_batch_id: 50, avg_cost: 165680.75
loss: -2380.687255859375, grad norm: 21876.576171875, clipped: 1.0
epoch: 67, train_batch_id: 100, avg_cost: 163241.09375
loss: -1699.5601806640625, grad norm: 20490.310546875, clipped: 1.0
epoch: 67, train_batch_id: 150, avg_cost: 164022.609375
loss: -3064.39892578125, grad norm: 18795.099609375, clipped: 1.0
Finished epoch 67, took 00:04:40 s
Saving model and state...
Validating...
Validation overall avg_cost: 162510.90625 +- 339.1282043457031
Evaluating candidate model on evaluation dataset
Epoch 67 candidate mean 163175.8125, baseline epoch 66 mean 163120.421875, difference 55.390625
Start train epoch 68, lr=0.0001 for run run_20220218T232800
Evaluating baseline on dataset...
epoch: 68, train_batch_id: 0, avg_cost: 165054.4375
loss: -2562.762939453125, grad norm: 21855.62890625, clipped: 1.0
epoch: 68, train_batch_id: 50, avg_cost: 165486.28125
loss: -2334.76611328125, grad norm: 24199.01953125, clipped: 1.0
epoch: 68, train_batch_id: 100, avg_cost: 163067.03125
loss: -2898.904052734375, grad norm: 21529.28515625, clipped: 1.0
epoch: 68, train_batch_id: 150, avg_cost: 165284.96875
loss: -2872.787841796875, grad norm: 22369.603515625, clipped: 1.0
Finished epoch 68, took 00:04:40 s
Saving model and state...
Validating...
Validation overall avg_cost: 161607.140625 +- 320.76397705078125
Evaluating candidate model on evaluation dataset
Epoch 68 candidate mean 162706.5, baseline epoch 66 mean 163120.421875, difference -413.921875
p-value: 0.02726133130886279
Update baseline
Evaluating baseline model on evaluation dataset
Start train epoch 69, lr=0.0001 for run run_20220218T232800
Evaluating baseline on dataset...
epoch: 69, train_batch_id: 0, avg_cost: 163965.78125
loss: -2769.291259765625, grad norm: 19322.146484375, clipped: 1.0
epoch: 69, train_batch_id: 50, avg_cost: 164173.703125
loss: -3578.204833984375, grad norm: 23727.0078125, clipped: 1.0
epoch: 69, train_batch_id: 100, avg_cost: 165197.515625
loss: -3487.392578125, grad norm: 24187.470703125, clipped: 1.0
epoch: 69, train_batch_id: 150, avg_cost: 165317.984375
loss: -1036.7786865234375, grad norm: 20496.388671875, clipped: 1.0
Finished epoch 69, took 00:04:41 s
Saving model and state...
Validating...
Validation overall avg_cost: 161965.734375 +- 328.5098876953125
Evaluating candidate model on evaluation dataset
Epoch 69 candidate mean 162046.8125, baseline epoch 68 mean 162130.546875, difference -83.734375
p-value: 0.3374576974613479
Start train epoch 70, lr=0.0001 for run run_20220218T232800
Evaluating baseline on dataset...
epoch: 70, train_batch_id: 0, avg_cost: 164969.71875
loss: -2411.438720703125, grad norm: 22410.7421875, clipped: 1.0
epoch: 70, train_batch_id: 50, avg_cost: 163502.0
loss: -3871.087158203125, grad norm: 23086.30078125, clipped: 1.0
epoch: 70, train_batch_id: 100, avg_cost: 164711.125
loss: -1508.21142578125, grad norm: 19348.70703125, clipped: 1.0
epoch: 70, train_batch_id: 150, avg_cost: 163864.46875
loss: -2740.792724609375, grad norm: 21801.5546875, clipped: 1.0
Finished epoch 70, took 00:04:40 s
Saving model and state...
Validating...
Validation overall avg_cost: 161517.40625 +- 317.5974426269531
Evaluating candidate model on evaluation dataset
Epoch 70 candidate mean 162356.015625, baseline epoch 68 mean 162130.546875, difference 225.46875
Start train epoch 71, lr=0.0001 for run run_20220218T232800
Evaluating baseline on dataset...
epoch: 71, train_batch_id: 0, avg_cost: 164612.734375
loss: -3049.520751953125, grad norm: 26414.052734375, clipped: 1.0
epoch: 71, train_batch_id: 50, avg_cost: 164144.90625
loss: -2259.364013671875, grad norm: 22269.388671875, clipped: 1.0
epoch: 71, train_batch_id: 100, avg_cost: 161669.46875
loss: -2568.279541015625, grad norm: 21353.091796875, clipped: 1.0
epoch: 71, train_batch_id: 150, avg_cost: 162760.109375
loss: -1209.9984130859375, grad norm: 20488.908203125, clipped: 1.0
Finished epoch 71, took 00:04:43 s
Saving model and state...
Validating...
Validation overall avg_cost: 161374.34375 +- 329.4474792480469
Evaluating candidate model on evaluation dataset
Epoch 71 candidate mean 161949.4375, baseline epoch 68 mean 162130.546875, difference -181.109375
p-value: 0.1934471456618278
Start train epoch 72, lr=0.0001 for run run_20220218T232800
Evaluating baseline on dataset...
epoch: 72, train_batch_id: 0, avg_cost: 164824.421875
loss: -2482.319091796875, grad norm: 22092.96875, clipped: 1.0
epoch: 72, train_batch_id: 50, avg_cost: 163851.125
loss: -1780.3060302734375, grad norm: 17314.716796875, clipped: 1.0
epoch: 72, train_batch_id: 100, avg_cost: 164610.15625
loss: -1286.61865234375, grad norm: 23440.31640625, clipped: 1.0
epoch: 72, train_batch_id: 150, avg_cost: 163264.125
loss: -1831.1063232421875, grad norm: 21384.076171875, clipped: 1.0
Finished epoch 72, took 00:04:46 s
Saving model and state...
Validating...
Validation overall avg_cost: 161082.8125 +- 329.3541564941406
Evaluating candidate model on evaluation dataset
Epoch 72 candidate mean 161379.25, baseline epoch 68 mean 162130.546875, difference -751.296875
p-value: 0.00016662650775291557
Update baseline
Evaluating baseline model on evaluation dataset
Start train epoch 73, lr=0.0001 for run run_20220218T232800
Evaluating baseline on dataset...
epoch: 73, train_batch_id: 0, avg_cost: 161894.28125
loss: -2474.708984375, grad norm: 18701.4140625, clipped: 1.0
epoch: 73, train_batch_id: 50, avg_cost: 163166.5
loss: -1802.7808837890625, grad norm: 21048.873046875, clipped: 1.0
epoch: 73, train_batch_id: 100, avg_cost: 165035.1875
loss: -2531.228271484375, grad norm: 21608.15625, clipped: 1.0
epoch: 73, train_batch_id: 150, avg_cost: 164763.375
loss: -2892.40625, grad norm: 22901.841796875, clipped: 1.0
Finished epoch 73, took 00:04:43 s
Saving model and state...
Validating...
Validation overall avg_cost: 161025.390625 +- 315.9140930175781
Evaluating candidate model on evaluation dataset
Epoch 73 candidate mean 160831.640625, baseline epoch 72 mean 160920.109375, difference -88.46875
p-value: 0.3286348255073236
Start train epoch 74, lr=0.0001 for run run_20220218T232800
Evaluating baseline on dataset...
epoch: 74, train_batch_id: 0, avg_cost: 163103.4375
loss: -3192.90869140625, grad norm: 23873.42578125, clipped: 1.0
epoch: 74, train_batch_id: 50, avg_cost: 162293.046875
loss: -1105.6324462890625, grad norm: 18808.8671875, clipped: 1.0
epoch: 74, train_batch_id: 100, avg_cost: 164089.28125
loss: -2618.554443359375, grad norm: 20337.3125, clipped: 1.0
epoch: 74, train_batch_id: 150, avg_cost: 163935.15625
loss: -3087.264892578125, grad norm: 23982.685546875, clipped: 1.0
Finished epoch 74, took 00:04:44 s
Saving model and state...
Validating...
Validation overall avg_cost: 161260.953125 +- 328.62554931640625
Evaluating candidate model on evaluation dataset
Epoch 74 candidate mean 161068.125, baseline epoch 72 mean 160920.109375, difference 148.015625
Start train epoch 75, lr=0.0001 for run run_20220218T232800
Evaluating baseline on dataset...
epoch: 75, train_batch_id: 0, avg_cost: 163073.4375
loss: -2920.390625, grad norm: 19479.89453125, clipped: 1.0
epoch: 75, train_batch_id: 50, avg_cost: 163717.71875
loss: -2096.083740234375, grad norm: 21223.748046875, clipped: 1.0
epoch: 75, train_batch_id: 100, avg_cost: 164136.5625
loss: -2186.599365234375, grad norm: 18814.14453125, clipped: 1.0
epoch: 75, train_batch_id: 150, avg_cost: 161909.4375
loss: -2572.67529296875, grad norm: 19388.8046875, clipped: 1.0
Finished epoch 75, took 00:04:44 s
Saving model and state...
Validating...
Validation overall avg_cost: 160673.921875 +- 325.3046569824219
Evaluating candidate model on evaluation dataset
Epoch 75 candidate mean 160600.0, baseline epoch 72 mean 160920.109375, difference -320.109375
p-value: 0.04596297621830072
Update baseline
Evaluating baseline model on evaluation dataset
Start train epoch 76, lr=0.0001 for run run_20220218T232800
Evaluating baseline on dataset...
epoch: 76, train_batch_id: 0, avg_cost: 163358.25
loss: -2668.136474609375, grad norm: 21642.611328125, clipped: 1.0
epoch: 76, train_batch_id: 50, avg_cost: 163109.21875
loss: -3944.2734375, grad norm: 20777.08203125, clipped: 1.0
epoch: 76, train_batch_id: 100, avg_cost: 163908.828125
loss: -2031.8577880859375, grad norm: 21346.658203125, clipped: 1.0
epoch: 76, train_batch_id: 150, avg_cost: 163488.171875
loss: -2016.1365966796875, grad norm: 19598.330078125, clipped: 1.0
Finished epoch 76, took 00:04:43 s
Saving model and state...
Validating...
Validation overall avg_cost: 160740.578125 +- 308.14422607421875
Evaluating candidate model on evaluation dataset
Epoch 76 candidate mean 160406.40625, baseline epoch 75 mean 160565.84375, difference -159.4375
p-value: 0.18852102299434115
Start train epoch 77, lr=0.0001 for run run_20220218T232800
Evaluating baseline on dataset...
epoch: 77, train_batch_id: 0, avg_cost: 162733.0625
loss: -2536.565673828125, grad norm: 21694.72265625, clipped: 1.0
epoch: 77, train_batch_id: 50, avg_cost: 164156.625
loss: -2537.594970703125, grad norm: 22839.83203125, clipped: 1.0
epoch: 77, train_batch_id: 100, avg_cost: 163287.25
loss: -2903.31298828125, grad norm: 24479.146484375, clipped: 1.0
epoch: 77, train_batch_id: 150, avg_cost: 162755.828125
loss: -2027.089111328125, grad norm: 19506.3125, clipped: 1.0
Finished epoch 77, took 00:04:44 s
Saving model and state...
Validating...
Validation overall avg_cost: 160607.84375 +- 315.6632385253906
Evaluating candidate model on evaluation dataset
Epoch 77 candidate mean 160090.03125, baseline epoch 75 mean 160565.84375, difference -475.8125
p-value: 0.00501826422792709
Update baseline
Evaluating baseline model on evaluation dataset
Start train epoch 78, lr=0.0001 for run run_20220218T232800
Evaluating baseline on dataset...
epoch: 78, train_batch_id: 0, avg_cost: 162736.28125
loss: -2486.360595703125, grad norm: 17573.595703125, clipped: 1.0
epoch: 78, train_batch_id: 50, avg_cost: 162163.21875
loss: -2255.73583984375, grad norm: 20038.318359375, clipped: 1.0
epoch: 78, train_batch_id: 100, avg_cost: 162072.390625
loss: -3306.061767578125, grad norm: 19612.3984375, clipped: 1.0
epoch: 78, train_batch_id: 150, avg_cost: 163173.796875
loss: -2257.303466796875, grad norm: 17533.40625, clipped: 1.0
Finished epoch 78, took 00:04:44 s
Saving model and state...
Validating...
Validation overall avg_cost: 160061.453125 +- 302.12249755859375
Evaluating candidate model on evaluation dataset
Epoch 78 candidate mean 159919.046875, baseline epoch 77 mean 160281.796875, difference -362.75
p-value: 0.015804539607439584
Update baseline
Evaluating baseline model on evaluation dataset
Start train epoch 79, lr=0.0001 for run run_20220218T232800
Evaluating baseline on dataset...
epoch: 79, train_batch_id: 0, avg_cost: 162805.25
loss: -1975.5618896484375, grad norm: 17140.787109375, clipped: 1.0
epoch: 79, train_batch_id: 50, avg_cost: 161592.3125
loss: -3293.39453125, grad norm: 21423.908203125, clipped: 1.0
epoch: 79, train_batch_id: 100, avg_cost: 163289.859375
loss: -3448.165283203125, grad norm: 22057.919921875, clipped: 1.0
epoch: 79, train_batch_id: 150, avg_cost: 163579.96875
loss: -3488.813720703125, grad norm: 20579.166015625, clipped: 1.0
Finished epoch 79, took 00:04:44 s
Saving model and state...
Validating...
Validation overall avg_cost: 160162.9375 +- 309.5896911621094
Evaluating candidate model on evaluation dataset
Epoch 79 candidate mean 159912.1875, baseline epoch 78 mean 159629.0625, difference 283.125
Start train epoch 80, lr=0.0001 for run run_20220218T232800
Evaluating baseline on dataset...
epoch: 80, train_batch_id: 0, avg_cost: 162383.0625
loss: -3044.391357421875, grad norm: 21268.1328125, clipped: 1.0
epoch: 80, train_batch_id: 50, avg_cost: 163430.890625
loss: -2296.021240234375, grad norm: 20196.341796875, clipped: 1.0
epoch: 80, train_batch_id: 100, avg_cost: 159740.1875
loss: -1987.6951904296875, grad norm: 17010.81640625, clipped: 1.0
epoch: 80, train_batch_id: 150, avg_cost: 163032.3125
loss: -2382.765380859375, grad norm: 24332.74609375, clipped: 1.0
Finished epoch 80, took 00:04:42 s
Saving model and state...
Validating...
Validation overall avg_cost: 160183.140625 +- 314.1083068847656
Evaluating candidate model on evaluation dataset
Epoch 80 candidate mean 159810.5625, baseline epoch 78 mean 159629.0625, difference 181.5
Start train epoch 81, lr=0.0001 for run run_20220218T232800
Evaluating baseline on dataset...
epoch: 81, train_batch_id: 0, avg_cost: 159014.296875
loss: -1637.7410888671875, grad norm: 17526.009765625, clipped: 1.0
epoch: 81, train_batch_id: 50, avg_cost: 161168.90625
loss: -2880.60693359375, grad norm: 22989.544921875, clipped: 1.0
epoch: 81, train_batch_id: 100, avg_cost: 162176.15625
loss: -2663.836181640625, grad norm: 21567.62109375, clipped: 1.0
epoch: 81, train_batch_id: 150, avg_cost: 160911.84375
loss: -2618.520263671875, grad norm: 17480.189453125, clipped: 1.0
Finished epoch 81, took 00:04:40 s
Saving model and state...
Validating...
Validation overall avg_cost: 159859.5 +- 309.7056884765625
Evaluating candidate model on evaluation dataset
Epoch 81 candidate mean 159501.625, baseline epoch 78 mean 159629.0625, difference -127.4375
p-value: 0.24442460147887224
Start train epoch 82, lr=0.0001 for run run_20220218T232800
Evaluating baseline on dataset...
epoch: 82, train_batch_id: 0, avg_cost: 162039.0
loss: -2425.2548828125, grad norm: 18596.705078125, clipped: 1.0
epoch: 82, train_batch_id: 50, avg_cost: 160892.90625
loss: -2429.634521484375, grad norm: 18663.8515625, clipped: 1.0
epoch: 82, train_batch_id: 100, avg_cost: 162084.0625
loss: -2086.7041015625, grad norm: 19059.21875, clipped: 1.0
epoch: 82, train_batch_id: 150, avg_cost: 160199.859375
loss: -1847.95703125, grad norm: 18563.384765625, clipped: 1.0
Finished epoch 82, took 00:04:40 s
Saving model and state...
Validating...
Validation overall avg_cost: 159868.265625 +- 313.487060546875
Evaluating candidate model on evaluation dataset
Epoch 82 candidate mean 159585.796875, baseline epoch 78 mean 159629.0625, difference -43.265625
p-value: 0.4068140711793056
Start train epoch 83, lr=0.0001 for run run_20220218T232800
Evaluating baseline on dataset...
epoch: 83, train_batch_id: 0, avg_cost: 162119.1875
loss: -731.6561889648438, grad norm: 21593.982421875, clipped: 1.0
epoch: 83, train_batch_id: 50, avg_cost: 161703.75
loss: -2635.029541015625, grad norm: 22506.1171875, clipped: 1.0
epoch: 83, train_batch_id: 100, avg_cost: 163924.265625
loss: -2246.32763671875, grad norm: 17019.001953125, clipped: 1.0
epoch: 83, train_batch_id: 150, avg_cost: 161971.375
loss: -2730.889404296875, grad norm: 21545.583984375, clipped: 1.0
Finished epoch 83, took 00:04:41 s
Saving model and state...
Validating...
Validation overall avg_cost: 159316.546875 +- 310.8804626464844
Evaluating candidate model on evaluation dataset
Epoch 83 candidate mean 159212.515625, baseline epoch 78 mean 159629.0625, difference -416.546875
p-value: 0.011944518246907553
Update baseline
Evaluating baseline model on evaluation dataset
Start train epoch 84, lr=0.0001 for run run_20220218T232800
Evaluating baseline on dataset...
epoch: 84, train_batch_id: 0, avg_cost: 159651.65625
loss: -2444.121826171875, grad norm: 20057.48046875, clipped: 1.0
epoch: 84, train_batch_id: 50, avg_cost: 160993.90625
loss: -1634.2420654296875, grad norm: 17153.611328125, clipped: 1.0
epoch: 84, train_batch_id: 100, avg_cost: 162895.3125
loss: -1874.3685302734375, grad norm: 19841.3125, clipped: 1.0
epoch: 84, train_batch_id: 150, avg_cost: 163172.78125
loss: -2207.207763671875, grad norm: 19564.814453125, clipped: 1.0
Finished epoch 84, took 00:04:41 s
Saving model and state...
Validating...
Validation overall avg_cost: 160162.234375 +- 313.38067626953125
Evaluating candidate model on evaluation dataset
Epoch 84 candidate mean 160336.984375, baseline epoch 83 mean 159623.953125, difference 713.03125
Start train epoch 85, lr=0.0001 for run run_20220218T232800
Evaluating baseline on dataset...
epoch: 85, train_batch_id: 0, avg_cost: 160913.421875
loss: -3604.024658203125, grad norm: 24095.927734375, clipped: 1.0
epoch: 85, train_batch_id: 50, avg_cost: 161843.75
loss: -3804.052001953125, grad norm: 20238.439453125, clipped: 1.0
epoch: 85, train_batch_id: 100, avg_cost: 162921.40625
loss: -2651.325439453125, grad norm: 19932.03125, clipped: 1.0
epoch: 85, train_batch_id: 150, avg_cost: 160698.5625
loss: -2311.791748046875, grad norm: 20599.814453125, clipped: 1.0
Finished epoch 85, took 00:04:41 s
Saving model and state...
Validating...
Validation overall avg_cost: 159635.15625 +- 312.3445129394531
Evaluating candidate model on evaluation dataset
Epoch 85 candidate mean 159916.1875, baseline epoch 83 mean 159623.953125, difference 292.234375
Start train epoch 86, lr=0.0001 for run run_20220218T232800
Evaluating baseline on dataset...
epoch: 86, train_batch_id: 0, avg_cost: 159966.84375
loss: -2441.674072265625, grad norm: 18513.00390625, clipped: 1.0
epoch: 86, train_batch_id: 50, avg_cost: 162064.09375
loss: -3978.71142578125, grad norm: 22656.564453125, clipped: 1.0
epoch: 86, train_batch_id: 100, avg_cost: 160501.265625
loss: -3224.536865234375, grad norm: 18204.2109375, clipped: 1.0
epoch: 86, train_batch_id: 150, avg_cost: 160023.328125
loss: -2042.2733154296875, grad norm: 17981.1328125, clipped: 1.0
Finished epoch 86, took 00:04:40 s
Saving model and state...
Validating...
Validation overall avg_cost: 159722.78125 +- 307.4715270996094
Evaluating candidate model on evaluation dataset
Epoch 86 candidate mean 159580.03125, baseline epoch 83 mean 159623.953125, difference -43.921875
p-value: 0.403363757178134
Start train epoch 87, lr=0.0001 for run run_20220218T232800
Evaluating baseline on dataset...
epoch: 87, train_batch_id: 0, avg_cost: 161142.5625
loss: -1898.953125, grad norm: 20066.943359375, clipped: 1.0
epoch: 87, train_batch_id: 50, avg_cost: 161214.59375
loss: -3066.4091796875, grad norm: 17950.484375, clipped: 1.0
epoch: 87, train_batch_id: 100, avg_cost: 160612.5
loss: -2064.136474609375, grad norm: 18248.322265625, clipped: 1.0
epoch: 87, train_batch_id: 150, avg_cost: 162300.3125
loss: -1616.8529052734375, grad norm: 19140.27734375, clipped: 1.0
Finished epoch 87, took 00:04:40 s
Saving model and state...
Validating...
Validation overall avg_cost: 159405.765625 +- 306.22882080078125
Evaluating candidate model on evaluation dataset
Epoch 87 candidate mean 159753.859375, baseline epoch 83 mean 159623.953125, difference 129.90625
Start train epoch 88, lr=0.0001 for run run_20220218T232800
Evaluating baseline on dataset...
epoch: 88, train_batch_id: 0, avg_cost: 161985.6875
loss: -2604.78662109375, grad norm: 16884.9453125, clipped: 1.0
epoch: 88, train_batch_id: 50, avg_cost: 162169.0
loss: -2317.743896484375, grad norm: 16769.369140625, clipped: 1.0
epoch: 88, train_batch_id: 100, avg_cost: 160470.109375
loss: -1872.3607177734375, grad norm: 21369.3046875, clipped: 1.0
epoch: 88, train_batch_id: 150, avg_cost: 162601.609375
loss: -1434.417724609375, grad norm: 19152.517578125, clipped: 1.0
Finished epoch 88, took 00:04:39 s
Saving model and state...
Validating...
Validation overall avg_cost: 159026.015625 +- 307.02496337890625
Evaluating candidate model on evaluation dataset
Epoch 88 candidate mean 159242.609375, baseline epoch 83 mean 159623.953125, difference -381.34375
p-value: 0.019467423965417126
Update baseline
Evaluating baseline model on evaluation dataset
Start train epoch 89, lr=0.0001 for run run_20220218T232800
Evaluating baseline on dataset...
epoch: 89, train_batch_id: 0, avg_cost: 160173.765625
loss: -2665.89892578125, grad norm: 16933.740234375, clipped: 1.0
epoch: 89, train_batch_id: 50, avg_cost: 162808.890625
loss: -2183.912841796875, grad norm: 18002.751953125, clipped: 1.0
epoch: 89, train_batch_id: 100, avg_cost: 161048.28125
loss: -2632.10009765625, grad norm: 18232.478515625, clipped: 1.0
epoch: 89, train_batch_id: 150, avg_cost: 160714.5625
loss: -1639.776611328125, grad norm: 19385.23046875, clipped: 1.0
Finished epoch 89, took 00:04:40 s
Saving model and state...
Validating...
Validation overall avg_cost: 158885.515625 +- 302.4906005859375
Evaluating candidate model on evaluation dataset
Epoch 89 candidate mean 158686.46875, baseline epoch 88 mean 158758.125, difference -71.65625
p-value: 0.34506214592659756
Start train epoch 90, lr=0.0001 for run run_20220218T232800
Evaluating baseline on dataset...
epoch: 90, train_batch_id: 0, avg_cost: 160146.671875
loss: -2327.268798828125, grad norm: 19540.748046875, clipped: 1.0
epoch: 90, train_batch_id: 50, avg_cost: 160149.390625
loss: -2737.885498046875, grad norm: 21464.767578125, clipped: 1.0
epoch: 90, train_batch_id: 100, avg_cost: 161131.53125
loss: -1839.5250244140625, grad norm: 19151.203125, clipped: 1.0
epoch: 90, train_batch_id: 150, avg_cost: 160527.3125
loss: -2598.287109375, grad norm: 18411.85546875, clipped: 1.0
Finished epoch 90, took 00:04:40 s
Saving model and state...
Validating...
Validation overall avg_cost: 158301.0625 +- 303.77410888671875
Evaluating candidate model on evaluation dataset
Epoch 90 candidate mean 158204.984375, baseline epoch 88 mean 158758.125, difference -553.140625
p-value: 0.0006352294702613396
Update baseline
Evaluating baseline model on evaluation dataset
Start train epoch 91, lr=0.0001 for run run_20220218T232800
Evaluating baseline on dataset...
epoch: 91, train_batch_id: 0, avg_cost: 157392.375
loss: -1977.1058349609375, grad norm: 18724.283203125, clipped: 1.0
epoch: 91, train_batch_id: 50, avg_cost: 162554.734375
loss: -2968.240234375, grad norm: 24131.248046875, clipped: 1.0
epoch: 91, train_batch_id: 100, avg_cost: 160680.0625
loss: -2835.476806640625, grad norm: 19453.44921875, clipped: 1.0
epoch: 91, train_batch_id: 150, avg_cost: 163070.8125
loss: -2197.27001953125, grad norm: 21493.390625, clipped: 1.0
Finished epoch 91, took 00:04:42 s
Saving model and state...
Validating...
Validation overall avg_cost: 158958.15625 +- 313.3857421875
Evaluating candidate model on evaluation dataset
Epoch 91 candidate mean 159044.140625, baseline epoch 90 mean 158192.375, difference 851.765625
Start train epoch 92, lr=0.0001 for run run_20220218T232800
Evaluating baseline on dataset...
epoch: 92, train_batch_id: 0, avg_cost: 162963.75
loss: -2408.3818359375, grad norm: 20024.35546875, clipped: 1.0
epoch: 92, train_batch_id: 50, avg_cost: 159598.0
loss: -1947.1199951171875, grad norm: 18513.041015625, clipped: 1.0
epoch: 92, train_batch_id: 100, avg_cost: 159316.0
loss: -2222.397216796875, grad norm: 16768.650390625, clipped: 1.0
epoch: 92, train_batch_id: 150, avg_cost: 158186.53125
loss: -1370.2308349609375, grad norm: 16654.15625, clipped: 1.0
Finished epoch 92, took 00:04:40 s
Saving model and state...
Validating...
Validation overall avg_cost: 158488.65625 +- 306.29229736328125
Evaluating candidate model on evaluation dataset
Epoch 92 candidate mean 158535.359375, baseline epoch 90 mean 158192.375, difference 342.984375
Start train epoch 93, lr=0.0001 for run run_20220218T232800
Evaluating baseline on dataset...
epoch: 93, train_batch_id: 0, avg_cost: 159226.25
loss: -1942.0345458984375, grad norm: 17466.947265625, clipped: 1.0
epoch: 93, train_batch_id: 50, avg_cost: 159909.0625
loss: -2698.772705078125, grad norm: 19015.708984375, clipped: 1.0
epoch: 93, train_batch_id: 100, avg_cost: 160331.71875
loss: -2142.892578125, grad norm: 16804.736328125, clipped: 1.0
epoch: 93, train_batch_id: 150, avg_cost: 161020.21875
loss: -2358.49609375, grad norm: 17497.4921875, clipped: 1.0
Finished epoch 93, took 00:04:47 s
Saving model and state...
Validating...
Validation overall avg_cost: 158517.140625 +- 306.8828125
Evaluating candidate model on evaluation dataset
Epoch 93 candidate mean 158390.21875, baseline epoch 90 mean 158192.375, difference 197.84375
Start train epoch 94, lr=0.0001 for run run_20220218T232800
Evaluating baseline on dataset...
epoch: 94, train_batch_id: 0, avg_cost: 160645.59375
loss: -1367.77099609375, grad norm: 17631.8984375, clipped: 1.0
epoch: 94, train_batch_id: 50, avg_cost: 160919.53125
loss: -3063.041259765625, grad norm: 17684.12890625, clipped: 1.0
epoch: 94, train_batch_id: 100, avg_cost: 161655.34375
loss: -2446.738037109375, grad norm: 20379.462890625, clipped: 1.0
epoch: 94, train_batch_id: 150, avg_cost: 160212.71875
loss: -1921.748291015625, grad norm: 21898.69921875, clipped: 1.0
Finished epoch 94, took 00:04:43 s
Saving model and state...
Validating...
Validation overall avg_cost: 158436.3125 +- 310.4664001464844
Evaluating candidate model on evaluation dataset
Epoch 94 candidate mean 158614.75, baseline epoch 90 mean 158192.375, difference 422.375
Start train epoch 95, lr=0.0001 for run run_20220218T232800
Evaluating baseline on dataset...
epoch: 95, train_batch_id: 0, avg_cost: 158374.1875
loss: -1593.7576904296875, grad norm: 17255.853515625, clipped: 1.0
epoch: 95, train_batch_id: 50, avg_cost: 160945.40625
loss: -2255.552490234375, grad norm: 18610.5625, clipped: 1.0
epoch: 95, train_batch_id: 100, avg_cost: 158765.671875
loss: -2552.987060546875, grad norm: 17175.814453125, clipped: 1.0
epoch: 95, train_batch_id: 150, avg_cost: 159570.109375
loss: -2236.307373046875, grad norm: 17717.326171875, clipped: 1.0
Finished epoch 95, took 00:04:41 s
Saving model and state...
Validating...
Validation overall avg_cost: 158375.0625 +- 304.4423828125
Evaluating candidate model on evaluation dataset
Epoch 95 candidate mean 158348.21875, baseline epoch 90 mean 158192.375, difference 155.84375
Start train epoch 96, lr=0.0001 for run run_20220218T232800
Evaluating baseline on dataset...
epoch: 96, train_batch_id: 0, avg_cost: 159845.078125
loss: -2896.32421875, grad norm: 18487.666015625, clipped: 1.0
epoch: 96, train_batch_id: 50, avg_cost: 161691.375
loss: -2514.462158203125, grad norm: 18167.1640625, clipped: 1.0
epoch: 96, train_batch_id: 100, avg_cost: 161566.625
loss: -1964.5340576171875, grad norm: 19171.115234375, clipped: 1.0
epoch: 96, train_batch_id: 150, avg_cost: 160098.5625
loss: -2315.600830078125, grad norm: 18260.447265625, clipped: 1.0
Finished epoch 96, took 00:04:42 s
Saving model and state...
Validating...
Validation overall avg_cost: 158412.21875 +- 304.31353759765625
Evaluating candidate model on evaluation dataset
Epoch 96 candidate mean 158209.5, baseline epoch 90 mean 158192.375, difference 17.125
Start train epoch 97, lr=0.0001 for run run_20220218T232800
Evaluating baseline on dataset...
epoch: 97, train_batch_id: 0, avg_cost: 159591.15625
loss: -1242.4051513671875, grad norm: 19865.701171875, clipped: 1.0
epoch: 97, train_batch_id: 50, avg_cost: 160774.59375
loss: -2220.439697265625, grad norm: 19367.53125, clipped: 1.0
epoch: 97, train_batch_id: 100, avg_cost: 161148.203125
loss: -1577.4287109375, grad norm: 15950.7353515625, clipped: 1.0
epoch: 97, train_batch_id: 150, avg_cost: 161131.546875
loss: -1915.339111328125, grad norm: 18639.818359375, clipped: 1.0
Finished epoch 97, took 00:04:41 s
Saving model and state...
Validating...
Validation overall avg_cost: 158574.078125 +- 309.5194091796875
Evaluating candidate model on evaluation dataset
Epoch 97 candidate mean 158379.4375, baseline epoch 90 mean 158192.375, difference 187.0625
Start train epoch 98, lr=0.0001 for run run_20220218T232800
Evaluating baseline on dataset...
epoch: 98, train_batch_id: 0, avg_cost: 160230.78125
loss: -2779.487060546875, grad norm: 20409.919921875, clipped: 1.0
epoch: 98, train_batch_id: 50, avg_cost: 161098.46875
loss: -1863.9031982421875, grad norm: 19119.091796875, clipped: 1.0
epoch: 98, train_batch_id: 100, avg_cost: 161333.28125
loss: -2064.951416015625, grad norm: 17298.626953125, clipped: 1.0
epoch: 98, train_batch_id: 150, avg_cost: 160816.859375
loss: -2499.910888671875, grad norm: 17418.232421875, clipped: 1.0
Finished epoch 98, took 00:04:41 s
Saving model and state...
Validating...
Validation overall avg_cost: 158088.59375 +- 304.86761474609375
Evaluating candidate model on evaluation dataset
Epoch 98 candidate mean 158123.21875, baseline epoch 90 mean 158192.375, difference -69.15625
p-value: 0.3311490807059748
Start train epoch 99, lr=0.0001 for run run_20220218T232800
Evaluating baseline on dataset...
epoch: 99, train_batch_id: 0, avg_cost: 160255.03125
loss: -2362.404052734375, grad norm: 18210.91796875, clipped: 1.0
epoch: 99, train_batch_id: 50, avg_cost: 162051.0625
loss: -1066.140869140625, grad norm: 18455.560546875, clipped: 1.0
epoch: 99, train_batch_id: 100, avg_cost: 161041.84375
loss: -2620.412841796875, grad norm: 19387.671875, clipped: 1.0
epoch: 99, train_batch_id: 150, avg_cost: 159642.34375
loss: -1464.6070556640625, grad norm: 16963.837890625, clipped: 1.0
Finished epoch 99, took 00:04:41 s
Saving model and state...
Validating...
Validation overall avg_cost: 157833.3125 +- 301.79205322265625
Evaluating candidate model on evaluation dataset
Epoch 99 candidate mean 157858.109375, baseline epoch 90 mean 158192.375, difference -334.265625
p-value: 0.01892086040787784
Update baseline
Evaluating baseline model on evaluation dataset
