{'baseline': 'rollout',
 'batch_size': 64,
 'bl_alpha': 0.05,
 'bl_warmup_epochs': 0,
 'checkpoint_encoder': False,
 'checkpoint_epochs': 1,
 'data_distribution': None,
 'embedding_dim': 128,
 'epoch_size': 12800,
 'epoch_start': 0,
 'eval_batch_size': 1000,
 'eval_only': False,
 'exp_beta': 0.8,
 'fine_tune': False,
 'graph_size': 20,
 'hidden_dim': 128,
 'load_path': None,
 'log_dir': 'logs',
 'log_stdout': True,
 'log_step': 50,
 'lr_critic': 0.0001,
 'lr_decay': 1.0,
 'lr_model': 0.0001,
 'max_grad_norm': 1.0,
 'model': 'attention',
 'n_encode_layers': 3,
 'n_epochs': 100,
 'no_cuda': False,
 'no_progress_bar': True,
 'no_tensorboard': True,
 'normalization': 'batch',
 'optimizer': 'Adam',
 'output_dir': 'outputs',
 'problem': 'agh',
 'resume': None,
 'rnn_time': False,
 'run_name': 'run_20220219T132023',
 'save_dir': 'outputs/agh_20/run_20220219T132023',
 'seed': 1234,
 'shrink_size': None,
 'tanh_clipping': 10.0,
 'use_cuda': True,
 'val_dataset': None,
 'val_size': 1000,
 'wo_time': False}
Evaluating baseline model on evaluation dataset
Start train epoch 0, lr=0.0001 for run run_20220219T132023
Evaluating baseline on dataset...
epoch: 0, train_batch_id: 0, avg_cost: 212453.21875
loss: 135943.140625, grad norm: 62173.41796875, clipped: 1.0
epoch: 0, train_batch_id: 50, avg_cost: 191560.9375
loss: 178418.5625, grad norm: 69677.0625, clipped: 1.0
epoch: 0, train_batch_id: 100, avg_cost: 188239.25
loss: 171567.484375, grad norm: 74683.7578125, clipped: 1.0
epoch: 0, train_batch_id: 150, avg_cost: 185919.609375
loss: 165860.21875, grad norm: 76701.6015625, clipped: 1.0
Finished epoch 0, took 00:02:32 s
Saving model and state...
Validating...
Validation overall avg_cost: 178397.53125 +- 489.5242004394531
Evaluating candidate model on evaluation dataset
Epoch 0 candidate mean 178843.078125, baseline epoch 0 mean 251818.96875, difference -72975.890625
p-value: 0.0
Update baseline
Evaluating baseline model on evaluation dataset
Start train epoch 1, lr=0.0001 for run run_20220219T132023
Evaluating baseline on dataset...
epoch: 1, train_batch_id: 0, avg_cost: 183557.296875
loss: -14361.140625, grad norm: 23471.283203125, clipped: 1.0
epoch: 1, train_batch_id: 50, avg_cost: 175286.578125
loss: 9521.4912109375, grad norm: 28611.826171875, clipped: 1.0
epoch: 1, train_batch_id: 100, avg_cost: 165898.59375
loss: 24016.115234375, grad norm: 33878.75390625, clipped: 1.0
epoch: 1, train_batch_id: 150, avg_cost: 160194.171875
loss: 31463.681640625, grad norm: 38843.5546875, clipped: 1.0
Finished epoch 1, took 00:02:26 s
Saving model and state...
Validating...
Validation overall avg_cost: 146982.8125 +- 495.34405517578125
Evaluating candidate model on evaluation dataset
Epoch 1 candidate mean 147366.640625, baseline epoch 0 mean 178986.078125, difference -31619.4375
p-value: 0.0
Update baseline
Evaluating baseline model on evaluation dataset
Start train epoch 2, lr=0.0001 for run run_20220219T132023
Evaluating baseline on dataset...
epoch: 2, train_batch_id: 0, avg_cost: 153649.78125
loss: -13245.048828125, grad norm: 27150.35546875, clipped: 1.0
epoch: 2, train_batch_id: 50, avg_cost: 143405.0625
loss: -1590.913330078125, grad norm: 24095.2578125, clipped: 1.0
epoch: 2, train_batch_id: 100, avg_cost: 142719.625
loss: 5669.7265625, grad norm: 25829.935546875, clipped: 1.0
epoch: 2, train_batch_id: 150, avg_cost: 139076.625
loss: 10893.0927734375, grad norm: 29149.822265625, clipped: 1.0
Finished epoch 2, took 00:02:18 s
Saving model and state...
Validating...
Validation overall avg_cost: 129781.203125 +- 396.0414733886719
Evaluating candidate model on evaluation dataset
Epoch 2 candidate mean 130789.7421875, baseline epoch 1 mean 147633.375, difference -16843.6328125
p-value: 3.4440570100985365e-193
Update baseline
Evaluating baseline model on evaluation dataset
Start train epoch 3, lr=0.0001 for run run_20220219T132023
Evaluating baseline on dataset...
epoch: 3, train_batch_id: 0, avg_cost: 136259.5
loss: -10183.462890625, grad norm: 24548.5234375, clipped: 1.0
epoch: 3, train_batch_id: 50, avg_cost: 136189.4375
loss: -6425.24169921875, grad norm: 22299.72265625, clipped: 1.0
epoch: 3, train_batch_id: 100, avg_cost: 133901.140625
loss: -7515.70068359375, grad norm: 22748.548828125, clipped: 1.0
epoch: 3, train_batch_id: 150, avg_cost: 128674.2890625
loss: -3211.447998046875, grad norm: 21159.373046875, clipped: 1.0
Finished epoch 3, took 00:02:16 s
Saving model and state...
Validating...
Validation overall avg_cost: 122900.5859375 +- 409.8714599609375
Evaluating candidate model on evaluation dataset
Epoch 3 candidate mean 122751.0859375, baseline epoch 2 mean 130531.671875, difference -7780.5859375
p-value: 3.5691927884450245e-92
Update baseline
Evaluating baseline model on evaluation dataset
Start train epoch 4, lr=0.0001 for run run_20220219T132023
Evaluating baseline on dataset...
epoch: 4, train_batch_id: 0, avg_cost: 129828.65625
loss: -7883.94287109375, grad norm: 21930.2421875, clipped: 1.0
epoch: 4, train_batch_id: 50, avg_cost: 128787.171875
loss: -8655.646484375, grad norm: 20956.11328125, clipped: 1.0
epoch: 4, train_batch_id: 100, avg_cost: 129933.859375
loss: -8382.1787109375, grad norm: 19254.533203125, clipped: 1.0
epoch: 4, train_batch_id: 150, avg_cost: 128857.2421875
loss: -2405.616943359375, grad norm: 19704.919921875, clipped: 1.0
Finished epoch 4, took 00:02:15 s
Saving model and state...
Validating...
Validation overall avg_cost: 118779.171875 +- 426.93853759765625
Evaluating candidate model on evaluation dataset
Epoch 4 candidate mean 118924.3515625, baseline epoch 3 mean 123360.5703125, difference -4436.21875
p-value: 2.911498631504702e-41
Update baseline
Evaluating baseline model on evaluation dataset
Start train epoch 5, lr=0.0001 for run run_20220219T132023
Evaluating baseline on dataset...
epoch: 5, train_batch_id: 0, avg_cost: 125049.84375
loss: -10035.9013671875, grad norm: 19661.57421875, clipped: 1.0
epoch: 5, train_batch_id: 50, avg_cost: 126658.890625
loss: -9304.1064453125, grad norm: 19856.67578125, clipped: 1.0
epoch: 5, train_batch_id: 100, avg_cost: 123659.078125
loss: -7322.35791015625, grad norm: 18485.021484375, clipped: 1.0
epoch: 5, train_batch_id: 150, avg_cost: 124330.5625
loss: -4883.94091796875, grad norm: 19354.888671875, clipped: 1.0
Finished epoch 5, took 00:02:15 s
Saving model and state...
Validating...
Validation overall avg_cost: 116406.2109375 +- 410.6492614746094
Evaluating candidate model on evaluation dataset
Epoch 5 candidate mean 115971.3125, baseline epoch 4 mean 118002.0625, difference -2030.75
p-value: 8.65698745758091e-11
Update baseline
Evaluating baseline model on evaluation dataset
Start train epoch 6, lr=0.0001 for run run_20220219T132023
Evaluating baseline on dataset...
epoch: 6, train_batch_id: 0, avg_cost: 123378.828125
loss: -7259.4375, grad norm: 18300.4609375, clipped: 1.0
epoch: 6, train_batch_id: 50, avg_cost: 124154.890625
loss: -10193.82421875, grad norm: 18280.900390625, clipped: 1.0
epoch: 6, train_batch_id: 100, avg_cost: 123283.4765625
loss: -7658.62451171875, grad norm: 16626.09375, clipped: 1.0
epoch: 6, train_batch_id: 150, avg_cost: 122507.765625
loss: -7051.79931640625, grad norm: 19091.830078125, clipped: 1.0
Finished epoch 6, took 00:02:14 s
Saving model and state...
Validating...
Validation overall avg_cost: 114253.9296875 +- 402.6518859863281
Evaluating candidate model on evaluation dataset
Epoch 6 candidate mean 114949.5625, baseline epoch 5 mean 116711.21875, difference -1761.65625
p-value: 6.892000639907129e-09
Update baseline
Evaluating baseline model on evaluation dataset
Start train epoch 7, lr=0.0001 for run run_20220219T132023
Evaluating baseline on dataset...
epoch: 7, train_batch_id: 0, avg_cost: 121291.8203125
loss: -8661.611328125, grad norm: 18537.40234375, clipped: 1.0
epoch: 7, train_batch_id: 50, avg_cost: 118925.65625
loss: -7734.18115234375, grad norm: 15506.162109375, clipped: 1.0
epoch: 7, train_batch_id: 100, avg_cost: 120195.375
loss: -3998.556640625, grad norm: 20782.9453125, clipped: 1.0
epoch: 7, train_batch_id: 150, avg_cost: 117812.9921875
loss: -3542.1015625, grad norm: 18372.046875, clipped: 1.0
Finished epoch 7, took 00:02:14 s
Saving model and state...
Validating...
Validation overall avg_cost: 112612.125 +- 410.4258117675781
Evaluating candidate model on evaluation dataset
Epoch 7 candidate mean 113050.671875, baseline epoch 6 mean 115050.765625, difference -2000.09375
p-value: 9.853797395022715e-12
Update baseline
Evaluating baseline model on evaluation dataset
Start train epoch 8, lr=0.0001 for run run_20220219T132023
Evaluating baseline on dataset...
epoch: 8, train_batch_id: 0, avg_cost: 117224.390625
loss: -6266.53662109375, grad norm: 18971.650390625, clipped: 1.0
epoch: 8, train_batch_id: 50, avg_cost: 117748.6484375
loss: -7059.85498046875, grad norm: 19744.947265625, clipped: 1.0
epoch: 8, train_batch_id: 100, avg_cost: 115962.0625
loss: -4525.61474609375, grad norm: 17242.6640625, clipped: 1.0
epoch: 8, train_batch_id: 150, avg_cost: 118257.6640625
loss: -3342.99658203125, grad norm: 18053.587890625, clipped: 1.0
Finished epoch 8, took 00:02:14 s
Saving model and state...
Validating...
Validation overall avg_cost: 111618.78125 +- 408.56707763671875
Evaluating candidate model on evaluation dataset
Epoch 8 candidate mean 112209.6875, baseline epoch 7 mean 112975.21875, difference -765.53125
p-value: 0.0038530068119673826
Update baseline
Evaluating baseline model on evaluation dataset
Start train epoch 9, lr=0.0001 for run run_20220219T132023
Evaluating baseline on dataset...
epoch: 9, train_batch_id: 0, avg_cost: 117033.484375
loss: -6565.56005859375, grad norm: 17557.1953125, clipped: 1.0
epoch: 9, train_batch_id: 50, avg_cost: 115786.8984375
loss: -4289.46728515625, grad norm: 16599.912109375, clipped: 1.0
epoch: 9, train_batch_id: 100, avg_cost: 114833.3828125
loss: -3266.911865234375, grad norm: 16731.244140625, clipped: 1.0
epoch: 9, train_batch_id: 150, avg_cost: 112942.828125
loss: -2472.916748046875, grad norm: 17182.21875, clipped: 1.0
Finished epoch 9, took 00:02:13 s
Saving model and state...
Validating...
Validation overall avg_cost: 109236.46875 +- 415.0206298828125
Evaluating candidate model on evaluation dataset
Epoch 9 candidate mean 109443.4375, baseline epoch 8 mean 111452.578125, difference -2009.140625
p-value: 3.3717138309206246e-12
Update baseline
Evaluating baseline model on evaluation dataset
Start train epoch 10, lr=0.0001 for run run_20220219T132023
Evaluating baseline on dataset...
epoch: 10, train_batch_id: 0, avg_cost: 112536.5703125
loss: -3174.78125, grad norm: 15752.724609375, clipped: 1.0
epoch: 10, train_batch_id: 50, avg_cost: 115821.21875
loss: -5194.9375, grad norm: 17415.912109375, clipped: 1.0
epoch: 10, train_batch_id: 100, avg_cost: 112822.21875
loss: -2303.617919921875, grad norm: 17505.40234375, clipped: 1.0
epoch: 10, train_batch_id: 150, avg_cost: 109554.609375
loss: -1860.0751953125, grad norm: 15417.6201171875, clipped: 1.0
Finished epoch 10, took 00:02:14 s
Saving model and state...
Validating...
Validation overall avg_cost: 106611.0078125 +- 413.0093078613281
Evaluating candidate model on evaluation dataset
Epoch 10 candidate mean 108200.5234375, baseline epoch 9 mean 109675.359375, difference -1474.8359375
p-value: 3.654976037598421e-07
Update baseline
Evaluating baseline model on evaluation dataset
Start train epoch 11, lr=0.0001 for run run_20220219T132023
Evaluating baseline on dataset...
epoch: 11, train_batch_id: 0, avg_cost: 109853.2421875
loss: -4915.6396484375, grad norm: 15758.2294921875, clipped: 1.0
epoch: 11, train_batch_id: 50, avg_cost: 113460.421875
loss: -4482.4228515625, grad norm: 16520.177734375, clipped: 1.0
epoch: 11, train_batch_id: 100, avg_cost: 108378.265625
loss: -3046.711181640625, grad norm: 15651.91015625, clipped: 1.0
epoch: 11, train_batch_id: 150, avg_cost: 107232.9296875
loss: -3680.281982421875, grad norm: 17501.48828125, clipped: 1.0
Finished epoch 11, took 00:02:13 s
Saving model and state...
Validating...
Validation overall avg_cost: 106023.640625 +- 419.7882080078125
Evaluating candidate model on evaluation dataset
Epoch 11 candidate mean 106093.40625, baseline epoch 10 mean 107398.5625, difference -1305.15625
p-value: 8.114247366839438e-07
Update baseline
Evaluating baseline model on evaluation dataset
Start train epoch 12, lr=0.0001 for run run_20220219T132023
Evaluating baseline on dataset...
epoch: 12, train_batch_id: 0, avg_cost: 113886.53125
loss: -3861.53173828125, grad norm: 18125.62109375, clipped: 1.0
epoch: 12, train_batch_id: 50, avg_cost: 108926.359375
loss: -1338.2706298828125, grad norm: 15654.38671875, clipped: 1.0
epoch: 12, train_batch_id: 100, avg_cost: 108104.578125
loss: -1680.7244873046875, grad norm: 15392.919921875, clipped: 1.0
epoch: 12, train_batch_id: 150, avg_cost: 108263.34375
loss: -3139.294189453125, grad norm: 16014.5205078125, clipped: 1.0
Finished epoch 12, took 00:02:14 s
Saving model and state...
Validating...
Validation overall avg_cost: 104940.703125 +- 413.26995849609375
Evaluating candidate model on evaluation dataset
Epoch 12 candidate mean 104963.2421875, baseline epoch 11 mean 105675.7578125, difference -712.515625
p-value: 0.005677465652441296
Update baseline
Evaluating baseline model on evaluation dataset
Start train epoch 13, lr=0.0001 for run run_20220219T132023
Evaluating baseline on dataset...
epoch: 13, train_batch_id: 0, avg_cost: 110240.4765625
loss: -2887.751220703125, grad norm: 15188.1162109375, clipped: 1.0
epoch: 13, train_batch_id: 50, avg_cost: 109874.0625
loss: -2192.140625, grad norm: 14115.4609375, clipped: 1.0
epoch: 13, train_batch_id: 100, avg_cost: 106802.421875
loss: -1501.059814453125, grad norm: 17114.212890625, clipped: 1.0
epoch: 13, train_batch_id: 150, avg_cost: 105552.296875
loss: -2046.4954833984375, grad norm: 15448.9619140625, clipped: 1.0
Finished epoch 13, took 00:02:14 s
Saving model and state...
Validating...
Validation overall avg_cost: 103831.140625 +- 404.7477722167969
Evaluating candidate model on evaluation dataset
Epoch 13 candidate mean 103859.515625, baseline epoch 12 mean 105023.6328125, difference -1164.1171875
p-value: 1.6075181291844466e-05
Update baseline
Evaluating baseline model on evaluation dataset
Start train epoch 14, lr=0.0001 for run run_20220219T132023
Evaluating baseline on dataset...
epoch: 14, train_batch_id: 0, avg_cost: 105405.15625
loss: -1364.6038818359375, grad norm: 14915.8330078125, clipped: 1.0
epoch: 14, train_batch_id: 50, avg_cost: 105952.6875
loss: -1242.16845703125, grad norm: 17951.859375, clipped: 1.0
epoch: 14, train_batch_id: 100, avg_cost: 105024.90625
loss: -1371.161376953125, grad norm: 15059.126953125, clipped: 1.0
epoch: 14, train_batch_id: 150, avg_cost: 104785.375
loss: -1188.5609130859375, grad norm: 15273.3837890625, clipped: 1.0
Finished epoch 14, took 00:02:13 s
Saving model and state...
Validating...
Validation overall avg_cost: 103552.4296875 +- 414.1374816894531
Evaluating candidate model on evaluation dataset
Epoch 14 candidate mean 104007.359375, baseline epoch 13 mean 104853.8046875, difference -846.4453125
p-value: 0.001278168628606365
Update baseline
Evaluating baseline model on evaluation dataset
Start train epoch 15, lr=0.0001 for run run_20220219T132023
Evaluating baseline on dataset...
epoch: 15, train_batch_id: 0, avg_cost: 105202.6875
loss: -1841.4853515625, grad norm: 14511.3154296875, clipped: 1.0
epoch: 15, train_batch_id: 50, avg_cost: 107738.6953125
loss: -1625.23486328125, grad norm: 19194.833984375, clipped: 1.0
epoch: 15, train_batch_id: 100, avg_cost: 105771.890625
loss: -1152.5673828125, grad norm: 16247.947265625, clipped: 1.0
epoch: 15, train_batch_id: 150, avg_cost: 110530.671875
loss: -1590.6737060546875, grad norm: 16268.8134765625, clipped: 1.0
Finished epoch 15, took 00:02:12 s
Saving model and state...
Validating...
Validation overall avg_cost: 103011.1328125 +- 396.1988830566406
Evaluating candidate model on evaluation dataset
Epoch 15 candidate mean 102739.96875, baseline epoch 14 mean 103949.6015625, difference -1209.6328125
p-value: 1.6611485211832975e-06
Update baseline
Evaluating baseline model on evaluation dataset
Start train epoch 16, lr=0.0001 for run run_20220219T132023
Evaluating baseline on dataset...
epoch: 16, train_batch_id: 0, avg_cost: 109365.2421875
loss: -1293.0928955078125, grad norm: 14779.9521484375, clipped: 1.0
epoch: 16, train_batch_id: 50, avg_cost: 103095.09375
loss: -1120.3343505859375, grad norm: 14900.9853515625, clipped: 1.0
epoch: 16, train_batch_id: 100, avg_cost: 104641.109375
loss: -1789.7791748046875, grad norm: 15608.384765625, clipped: 1.0
epoch: 16, train_batch_id: 150, avg_cost: 101509.3515625
loss: -1042.5433349609375, grad norm: 13473.671875, clipped: 1.0
Finished epoch 16, took 00:02:12 s
Saving model and state...
Validating...
Validation overall avg_cost: 102354.5703125 +- 405.06988525390625
Evaluating candidate model on evaluation dataset
Epoch 16 candidate mean 102590.96875, baseline epoch 15 mean 103244.4453125, difference -653.4765625
p-value: 0.00703757229266833
Update baseline
Evaluating baseline model on evaluation dataset
Start train epoch 17, lr=0.0001 for run run_20220219T132023
Evaluating baseline on dataset...
epoch: 17, train_batch_id: 0, avg_cost: 102581.65625
loss: -1297.3963623046875, grad norm: 12010.2578125, clipped: 1.0
epoch: 17, train_batch_id: 50, avg_cost: 105138.6171875
loss: -944.5994262695312, grad norm: 15167.9931640625, clipped: 1.0
epoch: 17, train_batch_id: 100, avg_cost: 104869.578125
loss: -1622.51708984375, grad norm: 16980.76171875, clipped: 1.0
epoch: 17, train_batch_id: 150, avg_cost: 102407.4375
loss: -1056.8717041015625, grad norm: 14262.6357421875, clipped: 1.0
Finished epoch 17, took 00:02:12 s
Saving model and state...
Validating...
Validation overall avg_cost: 102354.9296875 +- 408.9255676269531
Evaluating candidate model on evaluation dataset
Epoch 17 candidate mean 102167.640625, baseline epoch 16 mean 102252.515625, difference -84.875
p-value: 0.37375084602224695
Start train epoch 18, lr=0.0001 for run run_20220219T132023
Evaluating baseline on dataset...
epoch: 18, train_batch_id: 0, avg_cost: 105068.0390625
loss: -1211.7025146484375, grad norm: 16422.755859375, clipped: 1.0
epoch: 18, train_batch_id: 50, avg_cost: 104911.1796875
loss: -1739.7125244140625, grad norm: 14870.396484375, clipped: 1.0
epoch: 18, train_batch_id: 100, avg_cost: 103642.7421875
loss: -1054.6961669921875, grad norm: 17469.404296875, clipped: 1.0
epoch: 18, train_batch_id: 150, avg_cost: 102313.1640625
loss: -728.5845947265625, grad norm: 16673.60546875, clipped: 1.0
Finished epoch 18, took 00:02:13 s
Saving model and state...
Validating...
Validation overall avg_cost: 101525.171875 +- 389.1217346191406
Evaluating candidate model on evaluation dataset
Epoch 18 candidate mean 101351.21875, baseline epoch 16 mean 102252.515625, difference -901.296875
p-value: 0.0003240929914228075
Update baseline
Evaluating baseline model on evaluation dataset
Start train epoch 19, lr=0.0001 for run run_20220219T132023
Evaluating baseline on dataset...
epoch: 19, train_batch_id: 0, avg_cost: 101822.2890625
loss: -1061.2232666015625, grad norm: 15289.423828125, clipped: 1.0
epoch: 19, train_batch_id: 50, avg_cost: 103446.6875
loss: -1050.9180908203125, grad norm: 13571.4189453125, clipped: 1.0
epoch: 19, train_batch_id: 100, avg_cost: 100097.671875
loss: 18.2956485748291, grad norm: 13630.3212890625, clipped: 1.0
epoch: 19, train_batch_id: 150, avg_cost: 101846.640625
loss: -596.815185546875, grad norm: 17073.11328125, clipped: 1.0
Finished epoch 19, took 00:02:12 s
Saving model and state...
Validating...
Validation overall avg_cost: 100746.359375 +- 396.68829345703125
Evaluating candidate model on evaluation dataset
Epoch 19 candidate mean 101203.3125, baseline epoch 18 mean 101954.4296875, difference -751.1171875
p-value: 0.0019146630521213548
Update baseline
Evaluating baseline model on evaluation dataset
Start train epoch 20, lr=0.0001 for run run_20220219T132023
Evaluating baseline on dataset...
epoch: 20, train_batch_id: 0, avg_cost: 101663.625
loss: -893.4677734375, grad norm: 15668.8134765625, clipped: 1.0
epoch: 20, train_batch_id: 50, avg_cost: 104075.765625
loss: -1027.1978759765625, grad norm: 16498.01953125, clipped: 1.0
epoch: 20, train_batch_id: 100, avg_cost: 101404.3046875
loss: -919.7499389648438, grad norm: 14572.1083984375, clipped: 1.0
epoch: 20, train_batch_id: 150, avg_cost: 103366.109375
loss: -332.609619140625, grad norm: 14289.44921875, clipped: 1.0
Finished epoch 20, took 00:02:12 s
Saving model and state...
Validating...
Validation overall avg_cost: 99591.8515625 +- 376.6641845703125
Evaluating candidate model on evaluation dataset
Epoch 20 candidate mean 100478.296875, baseline epoch 19 mean 101544.3046875, difference -1066.0078125
p-value: 3.6981588444486228e-06
Update baseline
Evaluating baseline model on evaluation dataset
Start train epoch 21, lr=0.0001 for run run_20220219T132023
Evaluating baseline on dataset...
epoch: 21, train_batch_id: 0, avg_cost: 100117.25
loss: -1257.6466064453125, grad norm: 11690.3505859375, clipped: 1.0
epoch: 21, train_batch_id: 50, avg_cost: 99732.921875
loss: -1768.6510009765625, grad norm: 18283.248046875, clipped: 1.0
epoch: 21, train_batch_id: 100, avg_cost: 100692.2890625
loss: -1135.8675537109375, grad norm: 16295.6708984375, clipped: 1.0
epoch: 21, train_batch_id: 150, avg_cost: 100157.921875
loss: -1062.6812744140625, grad norm: 13340.83203125, clipped: 1.0
Finished epoch 21, took 00:02:12 s
Saving model and state...
Validating...
Validation overall avg_cost: 99532.9609375 +- 378.120849609375
Evaluating candidate model on evaluation dataset
Epoch 21 candidate mean 98985.5546875, baseline epoch 20 mean 99866.765625, difference -881.2109375
p-value: 7.196459839179457e-05
Update baseline
Evaluating baseline model on evaluation dataset
Start train epoch 22, lr=0.0001 for run run_20220219T132023
Evaluating baseline on dataset...
epoch: 22, train_batch_id: 0, avg_cost: 102984.8046875
loss: -833.380859375, grad norm: 14505.2158203125, clipped: 1.0
epoch: 22, train_batch_id: 50, avg_cost: 98608.0546875
loss: -202.9484100341797, grad norm: 13415.6259765625, clipped: 1.0
epoch: 22, train_batch_id: 100, avg_cost: 99657.796875
loss: -805.6931762695312, grad norm: 16265.931640625, clipped: 1.0
epoch: 22, train_batch_id: 150, avg_cost: 98608.75
loss: -473.34698486328125, grad norm: 13896.8564453125, clipped: 1.0
Finished epoch 22, took 00:02:13 s
Saving model and state...
Validating...
Validation overall avg_cost: 99048.28125 +- 381.26141357421875
Evaluating candidate model on evaluation dataset
Epoch 22 candidate mean 99809.0625, baseline epoch 21 mean 99816.9453125, difference -7.8828125
p-value: 0.4867146429437911
Start train epoch 23, lr=0.0001 for run run_20220219T132023
Evaluating baseline on dataset...
epoch: 23, train_batch_id: 0, avg_cost: 99705.609375
loss: -1231.1297607421875, grad norm: 12843.8232421875, clipped: 1.0
epoch: 23, train_batch_id: 50, avg_cost: 100315.234375
loss: -846.0685424804688, grad norm: 15189.09375, clipped: 1.0
epoch: 23, train_batch_id: 100, avg_cost: 101199.59375
loss: -829.140625, grad norm: 14937.8193359375, clipped: 1.0
epoch: 23, train_batch_id: 150, avg_cost: 100193.90625
loss: -615.9711303710938, grad norm: 14598.2177734375, clipped: 1.0
Finished epoch 23, took 00:02:12 s
Saving model and state...
Validating...
Validation overall avg_cost: 98335.0390625 +- 366.0062255859375
Evaluating candidate model on evaluation dataset
Epoch 23 candidate mean 99316.3984375, baseline epoch 21 mean 99816.9453125, difference -500.546875
p-value: 0.016202293596382263
Update baseline
Evaluating baseline model on evaluation dataset
Start train epoch 24, lr=0.0001 for run run_20220219T132023
Evaluating baseline on dataset...
epoch: 24, train_batch_id: 0, avg_cost: 101754.671875
loss: -724.3527221679688, grad norm: 12174.822265625, clipped: 1.0
epoch: 24, train_batch_id: 50, avg_cost: 100981.75
loss: -712.9153442382812, grad norm: 14174.59375, clipped: 1.0
epoch: 24, train_batch_id: 100, avg_cost: 99727.9375
loss: -639.8596801757812, grad norm: 10595.236328125, clipped: 1.0
epoch: 24, train_batch_id: 150, avg_cost: 100773.4375
loss: -486.3978576660156, grad norm: 12976.140625, clipped: 1.0
Finished epoch 24, took 00:02:12 s
Saving model and state...
Validating...
Validation overall avg_cost: 98308.3828125 +- 374.0556640625
Evaluating candidate model on evaluation dataset
Epoch 24 candidate mean 99311.7734375, baseline epoch 23 mean 99667.7578125, difference -355.984375
p-value: 0.056131183439950286
Start train epoch 25, lr=0.0001 for run run_20220219T132023
Evaluating baseline on dataset...
epoch: 25, train_batch_id: 0, avg_cost: 98631.71875
loss: -827.6244506835938, grad norm: 14451.689453125, clipped: 1.0
epoch: 25, train_batch_id: 50, avg_cost: 101903.8359375
loss: -185.71206665039062, grad norm: 15038.16015625, clipped: 1.0
epoch: 25, train_batch_id: 100, avg_cost: 98678.1171875
loss: -669.3425903320312, grad norm: 15229.8798828125, clipped: 1.0
epoch: 25, train_batch_id: 150, avg_cost: 99553.8515625
loss: -554.1614379882812, grad norm: 16347.8349609375, clipped: 1.0
Finished epoch 25, took 00:02:12 s
Saving model and state...
Validating...
Validation overall avg_cost: 97989.171875 +- 361.30560302734375
Evaluating candidate model on evaluation dataset
Epoch 25 candidate mean 99058.3671875, baseline epoch 23 mean 99667.7578125, difference -609.390625
p-value: 0.0052650351025396195
Update baseline
Evaluating baseline model on evaluation dataset
Start train epoch 26, lr=0.0001 for run run_20220219T132023
Evaluating baseline on dataset...
epoch: 26, train_batch_id: 0, avg_cost: 99814.03125
loss: -814.8135375976562, grad norm: 12222.935546875, clipped: 1.0
epoch: 26, train_batch_id: 50, avg_cost: 99197.078125
loss: -291.2630615234375, grad norm: 12588.4453125, clipped: 1.0
epoch: 26, train_batch_id: 100, avg_cost: 99043.6328125
loss: -434.2725524902344, grad norm: 14703.958984375, clipped: 1.0
epoch: 26, train_batch_id: 150, avg_cost: 100408.859375
loss: -759.9198608398438, grad norm: 12739.4580078125, clipped: 1.0
Finished epoch 26, took 00:02:12 s
Saving model and state...
Validating...
Validation overall avg_cost: 97748.4140625 +- 361.6031494140625
Evaluating candidate model on evaluation dataset
Epoch 26 candidate mean 98185.5703125, baseline epoch 25 mean 98665.0234375, difference -479.453125
p-value: 0.01616132134590258
Update baseline
Evaluating baseline model on evaluation dataset
Start train epoch 27, lr=0.0001 for run run_20220219T132023
Evaluating baseline on dataset...
epoch: 27, train_batch_id: 0, avg_cost: 100953.3515625
loss: -883.02197265625, grad norm: 16550.177734375, clipped: 1.0
epoch: 27, train_batch_id: 50, avg_cost: 99599.6796875
loss: -1259.061767578125, grad norm: 14053.861328125, clipped: 1.0
epoch: 27, train_batch_id: 100, avg_cost: 101889.859375
loss: -846.8170776367188, grad norm: 15089.193359375, clipped: 1.0
epoch: 27, train_batch_id: 150, avg_cost: 100523.5859375
loss: -869.4074096679688, grad norm: 14486.51171875, clipped: 1.0
Finished epoch 27, took 00:02:12 s
Saving model and state...
Validating...
Validation overall avg_cost: 97535.609375 +- 361.5247497558594
Evaluating candidate model on evaluation dataset
Epoch 27 candidate mean 97564.515625, baseline epoch 26 mean 97904.0859375, difference -339.5703125
p-value: 0.05242700084385145
Start train epoch 28, lr=0.0001 for run run_20220219T132023
Evaluating baseline on dataset...
epoch: 28, train_batch_id: 0, avg_cost: 102544.546875
loss: -706.1429443359375, grad norm: 16047.3662109375, clipped: 1.0
epoch: 28, train_batch_id: 50, avg_cost: 98654.609375
loss: -581.3135986328125, grad norm: 14683.7880859375, clipped: 1.0
epoch: 28, train_batch_id: 100, avg_cost: 99704.8984375
loss: -846.2265014648438, grad norm: 13883.8203125, clipped: 1.0
epoch: 28, train_batch_id: 150, avg_cost: 100179.1484375
loss: -836.9057006835938, grad norm: 11566.6171875, clipped: 1.0
Finished epoch 28, took 00:02:12 s
Saving model and state...
Validating...
Validation overall avg_cost: 97606.5234375 +- 364.0947570800781
Evaluating candidate model on evaluation dataset
Epoch 28 candidate mean 97431.4765625, baseline epoch 26 mean 97904.0859375, difference -472.609375
p-value: 0.017874052220461806
Update baseline
Evaluating baseline model on evaluation dataset
Start train epoch 29, lr=0.0001 for run run_20220219T132023
Evaluating baseline on dataset...
epoch: 29, train_batch_id: 0, avg_cost: 99687.78125
loss: -770.8961791992188, grad norm: 10394.99609375, clipped: 1.0
epoch: 29, train_batch_id: 50, avg_cost: 99822.9765625
loss: -781.0399780273438, grad norm: 13683.3046875, clipped: 1.0
epoch: 29, train_batch_id: 100, avg_cost: 100276.703125
loss: -739.4700317382812, grad norm: 13712.9873046875, clipped: 1.0
epoch: 29, train_batch_id: 150, avg_cost: 99710.015625
loss: -1004.52099609375, grad norm: 14524.8857421875, clipped: 1.0
Finished epoch 29, took 00:02:12 s
Saving model and state...
Validating...
Validation overall avg_cost: 96912.265625 +- 357.13641357421875
Evaluating candidate model on evaluation dataset
Epoch 29 candidate mean 97518.3359375, baseline epoch 28 mean 98011.4453125, difference -493.109375
p-value: 0.014765325478351375
Update baseline
Evaluating baseline model on evaluation dataset
Start train epoch 30, lr=0.0001 for run run_20220219T132023
Evaluating baseline on dataset...
epoch: 30, train_batch_id: 0, avg_cost: 97581.8359375
loss: -946.11083984375, grad norm: 15312.2265625, clipped: 1.0
epoch: 30, train_batch_id: 50, avg_cost: 98126.15625
loss: -538.2940673828125, grad norm: 12364.6728515625, clipped: 1.0
epoch: 30, train_batch_id: 100, avg_cost: 100063.765625
loss: -1273.8385009765625, grad norm: 15043.9140625, clipped: 1.0
epoch: 30, train_batch_id: 150, avg_cost: 97738.015625
loss: -768.5111694335938, grad norm: 13241.1708984375, clipped: 1.0
Finished epoch 30, took 00:02:12 s
Saving model and state...
Validating...
Validation overall avg_cost: 97261.4453125 +- 373.3948059082031
Evaluating candidate model on evaluation dataset
Epoch 30 candidate mean 97477.515625, baseline epoch 29 mean 97306.734375, difference 170.78125
Start train epoch 31, lr=0.0001 for run run_20220219T132023
Evaluating baseline on dataset...
epoch: 31, train_batch_id: 0, avg_cost: 98576.6796875
loss: -1236.435791015625, grad norm: 19704.087890625, clipped: 1.0
epoch: 31, train_batch_id: 50, avg_cost: 98133.40625
loss: -349.0821838378906, grad norm: 14862.109375, clipped: 1.0
epoch: 31, train_batch_id: 100, avg_cost: 99183.0234375
loss: -1023.6121215820312, grad norm: 12267.830078125, clipped: 1.0
epoch: 31, train_batch_id: 150, avg_cost: 98873.9375
loss: -243.9476318359375, grad norm: 11292.310546875, clipped: 1.0
Finished epoch 31, took 00:02:11 s
Saving model and state...
Validating...
Validation overall avg_cost: 96706.984375 +- 356.0119323730469
Evaluating candidate model on evaluation dataset
Epoch 31 candidate mean 97200.5390625, baseline epoch 29 mean 97306.734375, difference -106.1953125
p-value: 0.3036048645821341
Start train epoch 32, lr=0.0001 for run run_20220219T132023
Evaluating baseline on dataset...
epoch: 32, train_batch_id: 0, avg_cost: 97149.5625
loss: -491.35528564453125, grad norm: 14765.4306640625, clipped: 1.0
epoch: 32, train_batch_id: 50, avg_cost: 98576.5
loss: -535.6283569335938, grad norm: 11495.4619140625, clipped: 1.0
epoch: 32, train_batch_id: 100, avg_cost: 102628.984375
loss: -788.2509155273438, grad norm: 13556.8935546875, clipped: 1.0
epoch: 32, train_batch_id: 150, avg_cost: 97340.609375
loss: -346.7616882324219, grad norm: 15056.111328125, clipped: 1.0
Finished epoch 32, took 00:02:12 s
Saving model and state...
Validating...
Validation overall avg_cost: 96631.671875 +- 362.4869079589844
Evaluating candidate model on evaluation dataset
Epoch 32 candidate mean 96680.3828125, baseline epoch 29 mean 97306.734375, difference -626.3515625
p-value: 0.0008639069491520597
Update baseline
Evaluating baseline model on evaluation dataset
Start train epoch 33, lr=0.0001 for run run_20220219T132023
Evaluating baseline on dataset...
epoch: 33, train_batch_id: 0, avg_cost: 96009.0390625
loss: -270.58074951171875, grad norm: 10254.3125, clipped: 1.0
epoch: 33, train_batch_id: 50, avg_cost: 100415.3515625
loss: -394.3460693359375, grad norm: 10718.1962890625, clipped: 1.0
epoch: 33, train_batch_id: 100, avg_cost: 98419.0625
loss: -637.0301513671875, grad norm: 13109.67578125, clipped: 1.0
epoch: 33, train_batch_id: 150, avg_cost: 96256.09375
loss: -603.9491577148438, grad norm: 13062.56640625, clipped: 1.0
Finished epoch 33, took 00:02:12 s
Saving model and state...
Validating...
Validation overall avg_cost: 96257.3203125 +- 350.4174499511719
Evaluating candidate model on evaluation dataset
Epoch 33 candidate mean 95797.28125, baseline epoch 32 mean 96193.2109375, difference -395.9296875
p-value: 0.018004087131583888
Update baseline
Evaluating baseline model on evaluation dataset
Start train epoch 34, lr=0.0001 for run run_20220219T132023
Evaluating baseline on dataset...
epoch: 34, train_batch_id: 0, avg_cost: 97914.1796875
loss: -439.37823486328125, grad norm: 11425.544921875, clipped: 1.0
epoch: 34, train_batch_id: 50, avg_cost: 97246.4375
loss: -788.4617919921875, grad norm: 11943.73046875, clipped: 1.0
epoch: 34, train_batch_id: 100, avg_cost: 98255.4453125
loss: -689.7681884765625, grad norm: 14268.5986328125, clipped: 1.0
epoch: 34, train_batch_id: 150, avg_cost: 97456.984375
loss: -720.8682861328125, grad norm: 13414.302734375, clipped: 1.0
Finished epoch 34, took 00:02:11 s
Saving model and state...
Validating...
Validation overall avg_cost: 95747.9921875 +- 334.8595886230469
Evaluating candidate model on evaluation dataset
Epoch 34 candidate mean 96519.5859375, baseline epoch 33 mean 96455.453125, difference 64.1328125
Start train epoch 35, lr=0.0001 for run run_20220219T132023
Evaluating baseline on dataset...
epoch: 35, train_batch_id: 0, avg_cost: 96543.2109375
loss: -512.0263671875, grad norm: 13425.908203125, clipped: 1.0
epoch: 35, train_batch_id: 50, avg_cost: 96373.265625
loss: -970.1674194335938, grad norm: 14981.7265625, clipped: 1.0
epoch: 35, train_batch_id: 100, avg_cost: 100018.1875
loss: -456.2005920410156, grad norm: 15991.6181640625, clipped: 1.0
epoch: 35, train_batch_id: 150, avg_cost: 97626.84375
loss: -504.8905944824219, grad norm: 14693.9189453125, clipped: 1.0
Finished epoch 35, took 00:02:12 s
Saving model and state...
Validating...
Validation overall avg_cost: 95813.0859375 +- 346.9626770019531
Evaluating candidate model on evaluation dataset
Epoch 35 candidate mean 96487.8046875, baseline epoch 33 mean 96455.453125, difference 32.3515625
Start train epoch 36, lr=0.0001 for run run_20220219T132023
Evaluating baseline on dataset...
epoch: 36, train_batch_id: 0, avg_cost: 96227.140625
loss: -320.3694763183594, grad norm: 10619.5712890625, clipped: 1.0
epoch: 36, train_batch_id: 50, avg_cost: 96775.4296875
loss: -403.2489318847656, grad norm: 10581.197265625, clipped: 1.0
epoch: 36, train_batch_id: 100, avg_cost: 96331.0546875
loss: -343.18701171875, grad norm: 13164.9365234375, clipped: 1.0
epoch: 36, train_batch_id: 150, avg_cost: 98941.1171875
loss: -574.1237182617188, grad norm: 11479.6435546875, clipped: 1.0
Finished epoch 36, took 00:02:12 s
Saving model and state...
Validating...
Validation overall avg_cost: 95827.890625 +- 343.7421875
Evaluating candidate model on evaluation dataset
Epoch 36 candidate mean 96011.4375, baseline epoch 33 mean 96455.453125, difference -444.015625
p-value: 0.016286583194891156
Update baseline
Evaluating baseline model on evaluation dataset
Start train epoch 37, lr=0.0001 for run run_20220219T132023
Evaluating baseline on dataset...
epoch: 37, train_batch_id: 0, avg_cost: 97308.1875
loss: -727.1644897460938, grad norm: 12775.76953125, clipped: 1.0
epoch: 37, train_batch_id: 50, avg_cost: 97737.2578125
loss: -552.2623291015625, grad norm: 10934.224609375, clipped: 1.0
epoch: 37, train_batch_id: 100, avg_cost: 97233.1953125
loss: -959.7459106445312, grad norm: 10355.3095703125, clipped: 1.0
epoch: 37, train_batch_id: 150, avg_cost: 99074.4375
loss: -691.9060668945312, grad norm: 13209.255859375, clipped: 1.0
Finished epoch 37, took 00:02:12 s
Saving model and state...
Validating...
Validation overall avg_cost: 95958.078125 +- 341.69854736328125
Evaluating candidate model on evaluation dataset
Epoch 37 candidate mean 96325.6875, baseline epoch 36 mean 95931.9921875, difference 393.6953125
Start train epoch 38, lr=0.0001 for run run_20220219T132023
Evaluating baseline on dataset...
epoch: 38, train_batch_id: 0, avg_cost: 96890.484375
loss: -302.3755798339844, grad norm: 12345.638671875, clipped: 1.0
epoch: 38, train_batch_id: 50, avg_cost: 99005.2109375
loss: -589.8361206054688, grad norm: 12509.4228515625, clipped: 1.0
epoch: 38, train_batch_id: 100, avg_cost: 97347.140625
loss: -563.7687377929688, grad norm: 11606.78125, clipped: 1.0
epoch: 38, train_batch_id: 150, avg_cost: 99105.8203125
loss: -844.1280517578125, grad norm: 15220.8056640625, clipped: 1.0
Finished epoch 38, took 00:02:14 s
Saving model and state...
Validating...
Validation overall avg_cost: 95997.484375 +- 342.3055419921875
Evaluating candidate model on evaluation dataset
Epoch 38 candidate mean 95825.7265625, baseline epoch 36 mean 95931.9921875, difference -106.265625
p-value: 0.29578823715401426
Start train epoch 39, lr=0.0001 for run run_20220219T132023
Evaluating baseline on dataset...
epoch: 39, train_batch_id: 0, avg_cost: 96256.109375
loss: -471.7040100097656, grad norm: 13510.6630859375, clipped: 1.0
epoch: 39, train_batch_id: 50, avg_cost: 98751.1640625
loss: -801.94140625, grad norm: 14045.3564453125, clipped: 1.0
epoch: 39, train_batch_id: 100, avg_cost: 96916.5390625
loss: 192.22854614257812, grad norm: 13208.525390625, clipped: 1.0
epoch: 39, train_batch_id: 150, avg_cost: 96547.5625
loss: -399.9071960449219, grad norm: 12138.1689453125, clipped: 1.0
Finished epoch 39, took 00:02:12 s
Saving model and state...
Validating...
Validation overall avg_cost: 95971.921875 +- 339.8491516113281
Evaluating candidate model on evaluation dataset
Epoch 39 candidate mean 95972.375, baseline epoch 36 mean 95931.9921875, difference 40.3828125
Start train epoch 40, lr=0.0001 for run run_20220219T132023
Evaluating baseline on dataset...
epoch: 40, train_batch_id: 0, avg_cost: 97093.203125
loss: -1102.6087646484375, grad norm: 13958.2431640625, clipped: 1.0
epoch: 40, train_batch_id: 50, avg_cost: 95751.6484375
loss: -386.5376892089844, grad norm: 11618.73828125, clipped: 1.0
epoch: 40, train_batch_id: 100, avg_cost: 94533.2890625
loss: -371.2944030761719, grad norm: 10130.0302734375, clipped: 1.0
epoch: 40, train_batch_id: 150, avg_cost: 98775.90625
loss: -521.1422119140625, grad norm: 14974.3984375, clipped: 1.0
Finished epoch 40, took 00:02:13 s
Saving model and state...
Validating...
Validation overall avg_cost: 95344.609375 +- 341.9001770019531
Evaluating candidate model on evaluation dataset
Epoch 40 candidate mean 95461.1875, baseline epoch 36 mean 95931.9921875, difference -470.8046875
p-value: 0.007917898615244211
Update baseline
Evaluating baseline model on evaluation dataset
Start train epoch 41, lr=0.0001 for run run_20220219T132023
Evaluating baseline on dataset...
epoch: 41, train_batch_id: 0, avg_cost: 97592.953125
loss: -406.78106689453125, grad norm: 10152.78515625, clipped: 1.0
epoch: 41, train_batch_id: 50, avg_cost: 95824.78125
loss: -450.5624694824219, grad norm: 12828.7255859375, clipped: 1.0
epoch: 41, train_batch_id: 100, avg_cost: 95885.6875
loss: -356.38775634765625, grad norm: 11361.6826171875, clipped: 1.0
epoch: 41, train_batch_id: 150, avg_cost: 97306.390625
loss: -116.3027572631836, grad norm: 11841.408203125, clipped: 1.0
Finished epoch 41, took 00:02:12 s
Saving model and state...
Validating...
Validation overall avg_cost: 95306.9140625 +- 343.3397521972656
Evaluating candidate model on evaluation dataset
Epoch 41 candidate mean 95675.8125, baseline epoch 40 mean 95583.0234375, difference 92.7890625
Start train epoch 42, lr=0.0001 for run run_20220219T132023
Evaluating baseline on dataset...
epoch: 42, train_batch_id: 0, avg_cost: 95317.828125
loss: -462.2335510253906, grad norm: 14439.5849609375, clipped: 1.0
epoch: 42, train_batch_id: 50, avg_cost: 97890.171875
loss: -538.4340209960938, grad norm: 12205.193359375, clipped: 1.0
epoch: 42, train_batch_id: 100, avg_cost: 97940.6015625
loss: 43.42316436767578, grad norm: 13032.0341796875, clipped: 1.0
epoch: 42, train_batch_id: 150, avg_cost: 94963.4375
loss: -549.2449340820312, grad norm: 13678.3251953125, clipped: 1.0
Finished epoch 42, took 00:02:12 s
Saving model and state...
Validating...
Validation overall avg_cost: 95151.0703125 +- 336.42010498046875
Evaluating candidate model on evaluation dataset
Epoch 42 candidate mean 95458.9375, baseline epoch 40 mean 95583.0234375, difference -124.0859375
p-value: 0.2588806693005173
Start train epoch 43, lr=0.0001 for run run_20220219T132023
Evaluating baseline on dataset...
epoch: 43, train_batch_id: 0, avg_cost: 97255.484375
loss: -295.106689453125, grad norm: 9836.9375, clipped: 1.0
epoch: 43, train_batch_id: 50, avg_cost: 97025.3125
loss: -423.4115905761719, grad norm: 13855.77734375, clipped: 1.0
epoch: 43, train_batch_id: 100, avg_cost: 97485.5703125
loss: -497.6983337402344, grad norm: 12911.0927734375, clipped: 1.0
epoch: 43, train_batch_id: 150, avg_cost: 94501.3515625
loss: -207.9226837158203, grad norm: 15303.78125, clipped: 1.0
Finished epoch 43, took 00:02:11 s
Saving model and state...
Validating...
Validation overall avg_cost: 95168.5546875 +- 328.0418701171875
Evaluating candidate model on evaluation dataset
Epoch 43 candidate mean 95498.1796875, baseline epoch 40 mean 95583.0234375, difference -84.84375
p-value: 0.33451806296122766
Start train epoch 44, lr=0.0001 for run run_20220219T132023
Evaluating baseline on dataset...
epoch: 44, train_batch_id: 0, avg_cost: 95556.078125
loss: -245.8973846435547, grad norm: 10244.1318359375, clipped: 1.0
epoch: 44, train_batch_id: 50, avg_cost: 96313.484375
loss: -660.5097045898438, grad norm: 12404.404296875, clipped: 1.0
epoch: 44, train_batch_id: 100, avg_cost: 95870.15625
loss: -286.4126892089844, grad norm: 12371.029296875, clipped: 1.0
epoch: 44, train_batch_id: 150, avg_cost: 97935.3515625
loss: -245.20286560058594, grad norm: 14922.7666015625, clipped: 1.0
Finished epoch 44, took 00:02:12 s
Saving model and state...
Validating...
Validation overall avg_cost: 95657.40625 +- 336.54052734375
Evaluating candidate model on evaluation dataset
Epoch 44 candidate mean 96070.609375, baseline epoch 40 mean 95583.0234375, difference 487.5859375
Start train epoch 45, lr=0.0001 for run run_20220219T132023
Evaluating baseline on dataset...
epoch: 45, train_batch_id: 0, avg_cost: 97882.0390625
loss: -594.6813354492188, grad norm: 10293.2587890625, clipped: 1.0
epoch: 45, train_batch_id: 50, avg_cost: 97134.28125
loss: -21.251474380493164, grad norm: 12984.40625, clipped: 1.0
epoch: 45, train_batch_id: 100, avg_cost: 97319.5234375
loss: -100.9533462524414, grad norm: 14023.5341796875, clipped: 1.0
epoch: 45, train_batch_id: 150, avg_cost: 98189.140625
loss: -201.78077697753906, grad norm: 10399.6533203125, clipped: 1.0
Finished epoch 45, took 00:02:11 s
Saving model and state...
Validating...
Validation overall avg_cost: 94801.6015625 +- 333.55682373046875
Evaluating candidate model on evaluation dataset
Epoch 45 candidate mean 95443.34375, baseline epoch 40 mean 95583.0234375, difference -139.6796875
p-value: 0.22839597212312202
Start train epoch 46, lr=0.0001 for run run_20220219T132023
Evaluating baseline on dataset...
epoch: 46, train_batch_id: 0, avg_cost: 96473.78125
loss: -166.5980682373047, grad norm: 12225.841796875, clipped: 1.0
epoch: 46, train_batch_id: 50, avg_cost: 97125.25
loss: -542.3482666015625, grad norm: 9414.5771484375, clipped: 1.0
epoch: 46, train_batch_id: 100, avg_cost: 95675.921875
loss: -189.94834899902344, grad norm: 10584.97265625, clipped: 1.0
epoch: 46, train_batch_id: 150, avg_cost: 96161.734375
loss: -73.02520751953125, grad norm: 11031.7275390625, clipped: 1.0
Finished epoch 46, took 00:02:12 s
Saving model and state...
Validating...
Validation overall avg_cost: 94723.578125 +- 325.7921447753906
Evaluating candidate model on evaluation dataset
Epoch 46 candidate mean 95131.6015625, baseline epoch 40 mean 95583.0234375, difference -451.421875
p-value: 0.013948038805731455
Update baseline
Evaluating baseline model on evaluation dataset
Start train epoch 47, lr=0.0001 for run run_20220219T132023
Evaluating baseline on dataset...
epoch: 47, train_batch_id: 0, avg_cost: 94847.6484375
loss: -268.9486999511719, grad norm: 7113.54541015625, clipped: 1.0
epoch: 47, train_batch_id: 50, avg_cost: 96185.015625
loss: -406.4886779785156, grad norm: 10508.1962890625, clipped: 1.0
epoch: 47, train_batch_id: 100, avg_cost: 96291.8359375
loss: -481.9591979980469, grad norm: 10058.462890625, clipped: 1.0
epoch: 47, train_batch_id: 150, avg_cost: 95081.34375
loss: -355.0601501464844, grad norm: 11449.099609375, clipped: 1.0
Finished epoch 47, took 00:02:11 s
Saving model and state...
Validating...
Validation overall avg_cost: 94586.4140625 +- 326.7599182128906
Evaluating candidate model on evaluation dataset
Epoch 47 candidate mean 95422.484375, baseline epoch 46 mean 95356.6796875, difference 65.8046875
Start train epoch 48, lr=0.0001 for run run_20220219T132023
Evaluating baseline on dataset...
epoch: 48, train_batch_id: 0, avg_cost: 95078.796875
loss: -366.23455810546875, grad norm: 13025.138671875, clipped: 1.0
epoch: 48, train_batch_id: 50, avg_cost: 96805.984375
loss: -493.8852233886719, grad norm: 10488.1064453125, clipped: 1.0
epoch: 48, train_batch_id: 100, avg_cost: 97498.359375
loss: -477.0520935058594, grad norm: 14193.794921875, clipped: 1.0
epoch: 48, train_batch_id: 150, avg_cost: 97614.859375
loss: -717.8170166015625, grad norm: 10643.1015625, clipped: 1.0
Finished epoch 48, took 00:02:12 s
Saving model and state...
Validating...
Validation overall avg_cost: 94657.3125 +- 331.46661376953125
Evaluating candidate model on evaluation dataset
Epoch 48 candidate mean 95211.6015625, baseline epoch 46 mean 95356.6796875, difference -145.078125
p-value: 0.22140555349086177
Start train epoch 49, lr=0.0001 for run run_20220219T132023
Evaluating baseline on dataset...
epoch: 49, train_batch_id: 0, avg_cost: 97020.8203125
loss: -309.7485046386719, grad norm: 10392.74609375, clipped: 1.0
epoch: 49, train_batch_id: 50, avg_cost: 95360.3125
loss: -473.0174255371094, grad norm: 12308.5205078125, clipped: 1.0
epoch: 49, train_batch_id: 100, avg_cost: 96286.21875
loss: -292.5822448730469, grad norm: 9950.9169921875, clipped: 1.0
epoch: 49, train_batch_id: 150, avg_cost: 95018.109375
loss: 91.6056900024414, grad norm: 9461.1552734375, clipped: 1.0
Finished epoch 49, took 00:02:12 s
Saving model and state...
Validating...
Validation overall avg_cost: 94848.078125 +- 320.3326721191406
Evaluating candidate model on evaluation dataset
Epoch 49 candidate mean 95083.5703125, baseline epoch 46 mean 95356.6796875, difference -273.109375
p-value: 0.07063753784528615
Start train epoch 50, lr=0.0001 for run run_20220219T132023
Evaluating baseline on dataset...
epoch: 50, train_batch_id: 0, avg_cost: 96410.234375
loss: -809.7926025390625, grad norm: 11330.0107421875, clipped: 1.0
epoch: 50, train_batch_id: 50, avg_cost: 97521.703125
loss: -697.2074584960938, grad norm: 12112.69921875, clipped: 1.0
epoch: 50, train_batch_id: 100, avg_cost: 94742.671875
loss: -266.6088562011719, grad norm: 7589.34130859375, clipped: 1.0
epoch: 50, train_batch_id: 150, avg_cost: 95241.09375
loss: -543.5347290039062, grad norm: 11098.88671875, clipped: 1.0
Finished epoch 50, took 00:02:11 s
Saving model and state...
Validating...
Validation overall avg_cost: 94249.7890625 +- 309.4019775390625
Evaluating candidate model on evaluation dataset
Epoch 50 candidate mean 94718.5859375, baseline epoch 46 mean 95356.6796875, difference -638.09375
p-value: 0.0003133184715946762
Update baseline
Evaluating baseline model on evaluation dataset
Start train epoch 51, lr=0.0001 for run run_20220219T132023
Evaluating baseline on dataset...
epoch: 51, train_batch_id: 0, avg_cost: 96772.921875
loss: -234.6021270751953, grad norm: 8089.74267578125, clipped: 1.0
epoch: 51, train_batch_id: 50, avg_cost: 96091.171875
loss: -495.6908874511719, grad norm: 11306.7998046875, clipped: 1.0
epoch: 51, train_batch_id: 100, avg_cost: 95489.6015625
loss: -574.8341674804688, grad norm: 12633.9501953125, clipped: 1.0
epoch: 51, train_batch_id: 150, avg_cost: 97227.453125
loss: -695.1118774414062, grad norm: 13247.1533203125, clipped: 1.0
Finished epoch 51, took 00:02:11 s
Saving model and state...
Validating...
Validation overall avg_cost: 94263.6953125 +- 320.44049072265625
Evaluating candidate model on evaluation dataset
Epoch 51 candidate mean 94499.34375, baseline epoch 50 mean 94756.9375, difference -257.59375
p-value: 0.06561114640924329
Start train epoch 52, lr=0.0001 for run run_20220219T132023
Evaluating baseline on dataset...
epoch: 52, train_batch_id: 0, avg_cost: 94101.453125
loss: -481.6261901855469, grad norm: 11122.5537109375, clipped: 1.0
epoch: 52, train_batch_id: 50, avg_cost: 96190.28125
loss: -696.462890625, grad norm: 10159.328125, clipped: 1.0
epoch: 52, train_batch_id: 100, avg_cost: 95472.0703125
loss: -374.3132019042969, grad norm: 8940.1494140625, clipped: 1.0
epoch: 52, train_batch_id: 150, avg_cost: 95229.6328125
loss: -441.1534729003906, grad norm: 13295.46484375, clipped: 1.0
Finished epoch 52, took 00:02:12 s
Saving model and state...
Validating...
Validation overall avg_cost: 94111.375 +- 314.6600341796875
Evaluating candidate model on evaluation dataset
Epoch 52 candidate mean 94784.640625, baseline epoch 50 mean 94756.9375, difference 27.703125
Start train epoch 53, lr=0.0001 for run run_20220219T132023
Evaluating baseline on dataset...
epoch: 53, train_batch_id: 0, avg_cost: 96811.0625
loss: -441.1643981933594, grad norm: 10291.59765625, clipped: 1.0
epoch: 53, train_batch_id: 50, avg_cost: 94486.3515625
loss: -238.053466796875, grad norm: 9074.708984375, clipped: 1.0
epoch: 53, train_batch_id: 100, avg_cost: 95536.28125
loss: -394.17047119140625, grad norm: 9809.30859375, clipped: 1.0
epoch: 53, train_batch_id: 150, avg_cost: 96515.4296875
loss: -445.905517578125, grad norm: 12946.0224609375, clipped: 1.0
Finished epoch 53, took 00:02:12 s
Saving model and state...
Validating...
Validation overall avg_cost: 93876.3515625 +- 311.87652587890625
Evaluating candidate model on evaluation dataset
Epoch 53 candidate mean 94430.328125, baseline epoch 50 mean 94756.9375, difference -326.609375
p-value: 0.02446839720230606
Update baseline
Evaluating baseline model on evaluation dataset
Start train epoch 54, lr=0.0001 for run run_20220219T132023
Evaluating baseline on dataset...
epoch: 54, train_batch_id: 0, avg_cost: 94993.1015625
loss: -405.2542724609375, grad norm: 11459.5361328125, clipped: 1.0
epoch: 54, train_batch_id: 50, avg_cost: 95739.3125
loss: -176.2335968017578, grad norm: 10201.12890625, clipped: 1.0
epoch: 54, train_batch_id: 100, avg_cost: 96447.140625
loss: -483.4759826660156, grad norm: 9559.728515625, clipped: 1.0
epoch: 54, train_batch_id: 150, avg_cost: 93902.265625
loss: -283.0433349609375, grad norm: 8724.021484375, clipped: 1.0
Finished epoch 54, took 00:02:11 s
Saving model and state...
Validating...
Validation overall avg_cost: 94177.4609375 +- 316.54376220703125
Evaluating candidate model on evaluation dataset
Epoch 54 candidate mean 94619.90625, baseline epoch 53 mean 94414.3203125, difference 205.5859375
Start train epoch 55, lr=0.0001 for run run_20220219T132023
Evaluating baseline on dataset...
epoch: 55, train_batch_id: 0, avg_cost: 94638.0625
loss: -126.4770736694336, grad norm: 8752.7958984375, clipped: 1.0
epoch: 55, train_batch_id: 50, avg_cost: 96262.265625
loss: -517.9396362304688, grad norm: 11219.6435546875, clipped: 1.0
epoch: 55, train_batch_id: 100, avg_cost: 95321.34375
loss: -613.6488647460938, grad norm: 8993.123046875, clipped: 1.0
epoch: 55, train_batch_id: 150, avg_cost: 95838.3671875
loss: -456.9927673339844, grad norm: 10144.5068359375, clipped: 1.0
Finished epoch 55, took 00:02:11 s
Saving model and state...
Validating...
Validation overall avg_cost: 93573.9609375 +- 301.628662109375
Evaluating candidate model on evaluation dataset
Epoch 55 candidate mean 94368.828125, baseline epoch 53 mean 94414.3203125, difference -45.4921875
p-value: 0.3936152522915143
Start train epoch 56, lr=0.0001 for run run_20220219T132023
Evaluating baseline on dataset...
epoch: 56, train_batch_id: 0, avg_cost: 95167.78125
loss: -182.1947479248047, grad norm: 10104.076171875, clipped: 1.0
epoch: 56, train_batch_id: 50, avg_cost: 97815.796875
loss: -746.2261962890625, grad norm: 15259.80859375, clipped: 1.0
epoch: 56, train_batch_id: 100, avg_cost: 94482.4296875
loss: -568.80712890625, grad norm: 10395.4482421875, clipped: 1.0
epoch: 56, train_batch_id: 150, avg_cost: 96624.5546875
loss: -404.4142761230469, grad norm: 8791.0595703125, clipped: 1.0
Finished epoch 56, took 00:02:11 s
Saving model and state...
Validating...
Validation overall avg_cost: 93578.1015625 +- 306.4211730957031
Evaluating candidate model on evaluation dataset
Epoch 56 candidate mean 94172.09375, baseline epoch 53 mean 94414.3203125, difference -242.2265625
p-value: 0.07023165678758396
Start train epoch 57, lr=0.0001 for run run_20220219T132023
Evaluating baseline on dataset...
epoch: 57, train_batch_id: 0, avg_cost: 95573.9921875
loss: -252.09060668945312, grad norm: 9299.2587890625, clipped: 1.0
epoch: 57, train_batch_id: 50, avg_cost: 95044.6875
loss: -254.1216583251953, grad norm: 10264.8740234375, clipped: 1.0
epoch: 57, train_batch_id: 100, avg_cost: 94697.21875
loss: -162.1158905029297, grad norm: 8907.9228515625, clipped: 1.0
epoch: 57, train_batch_id: 150, avg_cost: 95093.328125
loss: -269.6394958496094, grad norm: 11474.5625, clipped: 1.0
Finished epoch 57, took 00:02:11 s
Saving model and state...
Validating...
Validation overall avg_cost: 93758.0 +- 306.0325012207031
Evaluating candidate model on evaluation dataset
Epoch 57 candidate mean 94119.96875, baseline epoch 53 mean 94414.3203125, difference -294.3515625
p-value: 0.03794880956149274
Update baseline
Evaluating baseline model on evaluation dataset
Start train epoch 58, lr=0.0001 for run run_20220219T132023
Evaluating baseline on dataset...
epoch: 58, train_batch_id: 0, avg_cost: 93210.359375
loss: -464.287353515625, grad norm: 10069.8408203125, clipped: 1.0
epoch: 58, train_batch_id: 50, avg_cost: 95937.203125
loss: -517.4182739257812, grad norm: 10395.3193359375, clipped: 1.0
epoch: 58, train_batch_id: 100, avg_cost: 94437.0546875
loss: -399.9937438964844, grad norm: 9521.005859375, clipped: 1.0
epoch: 58, train_batch_id: 150, avg_cost: 96682.8828125
loss: -768.3678588867188, grad norm: 10585.15625, clipped: 1.0
Finished epoch 58, took 00:02:12 s
Saving model and state...
Validating...
Validation overall avg_cost: 93707.484375 +- 307.9056396484375
Evaluating candidate model on evaluation dataset
Epoch 58 candidate mean 94025.0703125, baseline epoch 57 mean 94034.578125, difference -9.5078125
p-value: 0.4765463072896731
Start train epoch 59, lr=0.0001 for run run_20220219T132023
Evaluating baseline on dataset...
epoch: 59, train_batch_id: 0, avg_cost: 94783.921875
loss: -312.3912658691406, grad norm: 10179.08984375, clipped: 1.0
epoch: 59, train_batch_id: 50, avg_cost: 93971.5
loss: -309.5249938964844, grad norm: 9696.076171875, clipped: 1.0
epoch: 59, train_batch_id: 100, avg_cost: 95101.90625
loss: -315.0819396972656, grad norm: 11485.9111328125, clipped: 1.0
epoch: 59, train_batch_id: 150, avg_cost: 95213.7109375
loss: -463.90948486328125, grad norm: 7997.17626953125, clipped: 1.0
Finished epoch 59, took 00:02:11 s
Saving model and state...
Validating...
Validation overall avg_cost: 93635.921875 +- 311.5438537597656
Evaluating candidate model on evaluation dataset
Epoch 59 candidate mean 93842.171875, baseline epoch 57 mean 94034.578125, difference -192.40625
p-value: 0.13156240851546988
Start train epoch 60, lr=0.0001 for run run_20220219T132023
Evaluating baseline on dataset...
epoch: 60, train_batch_id: 0, avg_cost: 96051.875
loss: -327.5447692871094, grad norm: 9981.9248046875, clipped: 1.0
epoch: 60, train_batch_id: 50, avg_cost: 94005.5390625
loss: -138.57554626464844, grad norm: 10676.294921875, clipped: 1.0
epoch: 60, train_batch_id: 100, avg_cost: 95065.796875
loss: -474.13702392578125, grad norm: 11464.0810546875, clipped: 1.0
epoch: 60, train_batch_id: 150, avg_cost: 96046.21875
loss: -496.1304626464844, grad norm: 11113.71875, clipped: 1.0
Finished epoch 60, took 00:02:11 s
Saving model and state...
Validating...
Validation overall avg_cost: 93328.765625 +- 306.29803466796875
Evaluating candidate model on evaluation dataset
Epoch 60 candidate mean 93732.671875, baseline epoch 57 mean 94034.578125, difference -301.90625
p-value: 0.027313795927928878
Update baseline
Evaluating baseline model on evaluation dataset
Start train epoch 61, lr=0.0001 for run run_20220219T132023
Evaluating baseline on dataset...
epoch: 61, train_batch_id: 0, avg_cost: 94830.5390625
loss: -253.43789672851562, grad norm: 5949.302734375, clipped: 1.0
epoch: 61, train_batch_id: 50, avg_cost: 94733.5078125
loss: -394.2633972167969, grad norm: 11157.689453125, clipped: 1.0
epoch: 61, train_batch_id: 100, avg_cost: 94797.5625
loss: -591.7208862304688, grad norm: 11518.55859375, clipped: 1.0
epoch: 61, train_batch_id: 150, avg_cost: 95901.6875
loss: -490.8323669433594, grad norm: 10070.5908203125, clipped: 1.0
Finished epoch 61, took 00:02:11 s
Saving model and state...
Validating...
Validation overall avg_cost: 93455.7578125 +- 317.1533203125
Evaluating candidate model on evaluation dataset
Epoch 61 candidate mean 93626.65625, baseline epoch 60 mean 93630.21875, difference -3.5625
p-value: 0.4912869374902134
Start train epoch 62, lr=0.0001 for run run_20220219T132023
Evaluating baseline on dataset...
epoch: 62, train_batch_id: 0, avg_cost: 94941.546875
loss: -474.416259765625, grad norm: 10843.6591796875, clipped: 1.0
epoch: 62, train_batch_id: 50, avg_cost: 95001.6875
loss: -431.509765625, grad norm: 11091.0380859375, clipped: 1.0
epoch: 62, train_batch_id: 100, avg_cost: 92721.9375
loss: -296.7685241699219, grad norm: 8601.4912109375, clipped: 1.0
epoch: 62, train_batch_id: 150, avg_cost: 95202.015625
loss: -460.33209228515625, grad norm: 10127.35546875, clipped: 1.0
Finished epoch 62, took 00:02:11 s
Saving model and state...
Validating...
Validation overall avg_cost: 93273.515625 +- 303.1700134277344
Evaluating candidate model on evaluation dataset
Epoch 62 candidate mean 93734.640625, baseline epoch 60 mean 93630.21875, difference 104.421875
Start train epoch 63, lr=0.0001 for run run_20220219T132023
Evaluating baseline on dataset...
epoch: 63, train_batch_id: 0, avg_cost: 94426.59375
loss: -314.9714050292969, grad norm: 9089.8603515625, clipped: 1.0
epoch: 63, train_batch_id: 50, avg_cost: 94615.546875
loss: -60.5485725402832, grad norm: 7777.85986328125, clipped: 1.0
epoch: 63, train_batch_id: 100, avg_cost: 95018.171875
loss: -575.9288940429688, grad norm: 10717.6943359375, clipped: 1.0
epoch: 63, train_batch_id: 150, avg_cost: 97439.8125
loss: -792.0180053710938, grad norm: 10484.9443359375, clipped: 1.0
Finished epoch 63, took 00:02:12 s
Saving model and state...
Validating...
Validation overall avg_cost: 93516.2578125 +- 305.4339904785156
Evaluating candidate model on evaluation dataset
Epoch 63 candidate mean 93628.4765625, baseline epoch 60 mean 93630.21875, difference -1.7421875
p-value: 0.49590015595253933
Start train epoch 64, lr=0.0001 for run run_20220219T132023
Evaluating baseline on dataset...
epoch: 64, train_batch_id: 0, avg_cost: 91699.6875
loss: -228.3130340576172, grad norm: 11207.3828125, clipped: 1.0
epoch: 64, train_batch_id: 50, avg_cost: 93935.453125
loss: -423.581787109375, grad norm: 10398.16015625, clipped: 1.0
epoch: 64, train_batch_id: 100, avg_cost: 94230.40625
loss: -329.8227233886719, grad norm: 7622.1357421875, clipped: 1.0
epoch: 64, train_batch_id: 150, avg_cost: 93601.5625
loss: -96.3552474975586, grad norm: 10548.8759765625, clipped: 1.0
Finished epoch 64, took 00:02:12 s
Saving model and state...
Validating...
Validation overall avg_cost: 92837.4921875 +- 301.6909484863281
Evaluating candidate model on evaluation dataset
Epoch 64 candidate mean 93380.9921875, baseline epoch 60 mean 93630.21875, difference -249.2265625
p-value: 0.06662166619013969
Start train epoch 65, lr=0.0001 for run run_20220219T132023
Evaluating baseline on dataset...
epoch: 65, train_batch_id: 0, avg_cost: 95110.5625
loss: -212.04971313476562, grad norm: 10132.70703125, clipped: 1.0
epoch: 65, train_batch_id: 50, avg_cost: 96279.34375
loss: -393.3289489746094, grad norm: 11426.9638671875, clipped: 1.0
epoch: 65, train_batch_id: 100, avg_cost: 94542.2109375
loss: -572.0726318359375, grad norm: 12337.8671875, clipped: 1.0
epoch: 65, train_batch_id: 150, avg_cost: 95533.9765625
loss: -239.82102966308594, grad norm: 8420.4111328125, clipped: 1.0
Finished epoch 65, took 00:02:12 s
Saving model and state...
Validating...
Validation overall avg_cost: 93089.40625 +- 299.3974914550781
Evaluating candidate model on evaluation dataset
Epoch 65 candidate mean 93737.203125, baseline epoch 60 mean 93630.21875, difference 106.984375
Start train epoch 66, lr=0.0001 for run run_20220219T132023
Evaluating baseline on dataset...
epoch: 66, train_batch_id: 0, avg_cost: 93985.703125
loss: -197.3583526611328, grad norm: 10073.576171875, clipped: 1.0
epoch: 66, train_batch_id: 50, avg_cost: 94294.3203125
loss: -291.9776916503906, grad norm: 9554.5302734375, clipped: 1.0
epoch: 66, train_batch_id: 100, avg_cost: 94392.0234375
loss: -347.96087646484375, grad norm: 7933.814453125, clipped: 1.0
epoch: 66, train_batch_id: 150, avg_cost: 93260.9375
loss: -424.728271484375, grad norm: 8533.8818359375, clipped: 1.0
Finished epoch 66, took 00:02:14 s
Saving model and state...
Validating...
Validation overall avg_cost: 92943.609375 +- 298.90704345703125
Evaluating candidate model on evaluation dataset
Epoch 66 candidate mean 93474.78125, baseline epoch 60 mean 93630.21875, difference -155.4375
p-value: 0.16608064576209491
Start train epoch 67, lr=0.0001 for run run_20220219T132023
Evaluating baseline on dataset...
epoch: 67, train_batch_id: 0, avg_cost: 94638.34375
loss: -284.21368408203125, grad norm: 8527.103515625, clipped: 1.0
epoch: 67, train_batch_id: 50, avg_cost: 93154.765625
loss: -221.48716735839844, grad norm: 9224.71875, clipped: 1.0
epoch: 67, train_batch_id: 100, avg_cost: 95047.828125
loss: -549.2719116210938, grad norm: 9561.904296875, clipped: 1.0
epoch: 67, train_batch_id: 150, avg_cost: 94992.0234375
loss: -537.98974609375, grad norm: 10795.974609375, clipped: 1.0
Finished epoch 67, took 00:02:13 s
Saving model and state...
Validating...
Validation overall avg_cost: 92888.53125 +- 296.02581787109375
Evaluating candidate model on evaluation dataset
Epoch 67 candidate mean 93076.265625, baseline epoch 60 mean 93630.21875, difference -553.953125
p-value: 0.00029265342394377015
Update baseline
Evaluating baseline model on evaluation dataset
Start train epoch 68, lr=0.0001 for run run_20220219T132023
Evaluating baseline on dataset...
epoch: 68, train_batch_id: 0, avg_cost: 93258.2734375
loss: -102.67671966552734, grad norm: 7785.49365234375, clipped: 1.0
epoch: 68, train_batch_id: 50, avg_cost: 93735.1328125
loss: -392.8424377441406, grad norm: 10432.37109375, clipped: 1.0
epoch: 68, train_batch_id: 100, avg_cost: 94318.3984375
loss: -250.6674346923828, grad norm: 9525.423828125, clipped: 1.0
epoch: 68, train_batch_id: 150, avg_cost: 94392.515625
loss: -327.2303466796875, grad norm: 9384.6328125, clipped: 1.0
Finished epoch 68, took 00:02:13 s
Saving model and state...
Validating...
Validation overall avg_cost: 92841.21875 +- 297.1232604980469
Evaluating candidate model on evaluation dataset
Epoch 68 candidate mean 92897.1875, baseline epoch 67 mean 93069.484375, difference -172.296875
p-value: 0.12266902389317434
Start train epoch 69, lr=0.0001 for run run_20220219T132023
Evaluating baseline on dataset...
epoch: 69, train_batch_id: 0, avg_cost: 99020.3125
loss: -512.9132690429688, grad norm: 11455.890625, clipped: 1.0
epoch: 69, train_batch_id: 50, avg_cost: 95161.9765625
loss: -485.1054382324219, grad norm: 10332.7197265625, clipped: 1.0
epoch: 69, train_batch_id: 100, avg_cost: 96793.40625
loss: -572.0397338867188, grad norm: 11770.4521484375, clipped: 1.0
epoch: 69, train_batch_id: 150, avg_cost: 95369.71875
loss: -253.92971801757812, grad norm: 8423.220703125, clipped: 1.0
Finished epoch 69, took 00:02:12 s
Saving model and state...
Validating...
Validation overall avg_cost: 93156.9453125 +- 303.00738525390625
Evaluating candidate model on evaluation dataset
Epoch 69 candidate mean 93326.984375, baseline epoch 67 mean 93069.484375, difference 257.5
Start train epoch 70, lr=0.0001 for run run_20220219T132023
Evaluating baseline on dataset...
epoch: 70, train_batch_id: 0, avg_cost: 93934.7265625
loss: -529.5205688476562, grad norm: 8969.80859375, clipped: 1.0
epoch: 70, train_batch_id: 50, avg_cost: 94221.125
loss: -280.42108154296875, grad norm: 10016.6298828125, clipped: 1.0
epoch: 70, train_batch_id: 100, avg_cost: 95472.78125
loss: -501.3466796875, grad norm: 11014.0361328125, clipped: 1.0
epoch: 70, train_batch_id: 150, avg_cost: 93677.3984375
loss: -237.06228637695312, grad norm: 9315.5087890625, clipped: 1.0
Finished epoch 70, took 00:02:12 s
Saving model and state...
Validating...
Validation overall avg_cost: 93033.2109375 +- 300.52703857421875
Evaluating candidate model on evaluation dataset
Epoch 70 candidate mean 93233.9375, baseline epoch 67 mean 93069.484375, difference 164.453125
Start train epoch 71, lr=0.0001 for run run_20220219T132023
Evaluating baseline on dataset...
epoch: 71, train_batch_id: 0, avg_cost: 92239.703125
loss: -342.25921630859375, grad norm: 8091.71240234375, clipped: 1.0
epoch: 71, train_batch_id: 50, avg_cost: 93214.2734375
loss: -274.77642822265625, grad norm: 8055.66064453125, clipped: 1.0
epoch: 71, train_batch_id: 100, avg_cost: 94632.2109375
loss: -538.9276733398438, grad norm: 10830.7451171875, clipped: 1.0
epoch: 71, train_batch_id: 150, avg_cost: 93156.09375
loss: -296.4041442871094, grad norm: 9004.7021484375, clipped: 1.0
Finished epoch 71, took 00:02:12 s
Saving model and state...
Validating...
Validation overall avg_cost: 92812.7890625 +- 303.1756286621094
Evaluating candidate model on evaluation dataset
Epoch 71 candidate mean 92824.609375, baseline epoch 67 mean 93069.484375, difference -244.875
p-value: 0.0480464913726286
Update baseline
Evaluating baseline model on evaluation dataset
Start train epoch 72, lr=0.0001 for run run_20220219T132023
Evaluating baseline on dataset...
epoch: 72, train_batch_id: 0, avg_cost: 92793.765625
loss: -274.4202880859375, grad norm: 8702.638671875, clipped: 1.0
epoch: 72, train_batch_id: 50, avg_cost: 92985.0
loss: -303.0554504394531, grad norm: 7740.271484375, clipped: 1.0
epoch: 72, train_batch_id: 100, avg_cost: 94774.0
loss: -596.2239990234375, grad norm: 9546.962890625, clipped: 1.0
epoch: 72, train_batch_id: 150, avg_cost: 93251.921875
loss: -450.78125, grad norm: 9385.7421875, clipped: 1.0
Finished epoch 72, took 00:02:11 s
Saving model and state...
Validating...
Validation overall avg_cost: 92643.078125 +- 287.203857421875
Evaluating candidate model on evaluation dataset
Epoch 72 candidate mean 93450.8828125, baseline epoch 71 mean 93490.75, difference -39.8671875
p-value: 0.3946842644931383
Start train epoch 73, lr=0.0001 for run run_20220219T132023
Evaluating baseline on dataset...
epoch: 73, train_batch_id: 0, avg_cost: 95442.53125
loss: -327.0595703125, grad norm: 8831.4541015625, clipped: 1.0
epoch: 73, train_batch_id: 50, avg_cost: 92245.515625
loss: -357.3416748046875, grad norm: 8936.7490234375, clipped: 1.0
epoch: 73, train_batch_id: 100, avg_cost: 93236.5234375
loss: -415.7184143066406, grad norm: 11848.822265625, clipped: 1.0
epoch: 73, train_batch_id: 150, avg_cost: 92393.796875
loss: -298.8253479003906, grad norm: 9425.0966796875, clipped: 1.0
Finished epoch 73, took 00:02:12 s
Saving model and state...
Validating...
Validation overall avg_cost: 92959.2734375 +- 293.0479431152344
Evaluating candidate model on evaluation dataset
Epoch 73 candidate mean 93629.4609375, baseline epoch 71 mean 93490.75, difference 138.7109375
Start train epoch 74, lr=0.0001 for run run_20220219T132023
Evaluating baseline on dataset...
epoch: 74, train_batch_id: 0, avg_cost: 94454.9375
loss: -333.7503356933594, grad norm: 8610.064453125, clipped: 1.0
epoch: 74, train_batch_id: 50, avg_cost: 94495.8046875
loss: -327.6626281738281, grad norm: 7943.91064453125, clipped: 1.0
epoch: 74, train_batch_id: 100, avg_cost: 93842.125
loss: -213.68443298339844, grad norm: 8193.3544921875, clipped: 1.0
epoch: 74, train_batch_id: 150, avg_cost: 94229.296875
loss: -535.13916015625, grad norm: 9618.6640625, clipped: 1.0
Finished epoch 74, took 00:02:12 s
Saving model and state...
Validating...
Validation overall avg_cost: 92617.21875 +- 295.1801452636719
Evaluating candidate model on evaluation dataset
Epoch 74 candidate mean 93056.609375, baseline epoch 71 mean 93490.75, difference -434.140625
p-value: 0.002218674860216001
Update baseline
Evaluating baseline model on evaluation dataset
Start train epoch 75, lr=0.0001 for run run_20220219T132023
Evaluating baseline on dataset...
epoch: 75, train_batch_id: 0, avg_cost: 93402.40625
loss: -322.43914794921875, grad norm: 6648.2275390625, clipped: 1.0
epoch: 75, train_batch_id: 50, avg_cost: 91635.4296875
loss: -428.3547058105469, grad norm: 10234.728515625, clipped: 1.0
epoch: 75, train_batch_id: 100, avg_cost: 95555.4609375
loss: -462.9075622558594, grad norm: 8288.783203125, clipped: 1.0
epoch: 75, train_batch_id: 150, avg_cost: 95849.421875
loss: -375.0332946777344, grad norm: 8864.2734375, clipped: 1.0
Finished epoch 75, took 00:02:12 s
Saving model and state...
Validating...
Validation overall avg_cost: 93239.0 +- 306.25341796875
Evaluating candidate model on evaluation dataset
Epoch 75 candidate mean 93447.1328125, baseline epoch 74 mean 93025.7890625, difference 421.34375
Start train epoch 76, lr=0.0001 for run run_20220219T132023
Evaluating baseline on dataset...
epoch: 76, train_batch_id: 0, avg_cost: 93213.078125
loss: -258.10345458984375, grad norm: 9496.482421875, clipped: 1.0
epoch: 76, train_batch_id: 50, avg_cost: 94749.3046875
loss: -304.2190856933594, grad norm: 8464.994140625, clipped: 1.0
epoch: 76, train_batch_id: 100, avg_cost: 92717.3359375
loss: -311.28424072265625, grad norm: 9962.6416015625, clipped: 1.0
epoch: 76, train_batch_id: 150, avg_cost: 95843.8515625
loss: -246.70091247558594, grad norm: 9334.21484375, clipped: 1.0
Finished epoch 76, took 00:02:11 s
Saving model and state...
Validating...
Validation overall avg_cost: 92769.9296875 +- 294.85400390625
Evaluating candidate model on evaluation dataset
Epoch 76 candidate mean 93192.046875, baseline epoch 74 mean 93025.7890625, difference 166.2578125
Start train epoch 77, lr=0.0001 for run run_20220219T132023
Evaluating baseline on dataset...
epoch: 77, train_batch_id: 0, avg_cost: 95042.75
loss: -524.7200927734375, grad norm: 10620.7255859375, clipped: 1.0
epoch: 77, train_batch_id: 50, avg_cost: 92530.21875
loss: -388.7598571777344, grad norm: 9130.6708984375, clipped: 1.0
epoch: 77, train_batch_id: 100, avg_cost: 92942.0625
loss: -209.34776306152344, grad norm: 8763.779296875, clipped: 1.0
epoch: 77, train_batch_id: 150, avg_cost: 94682.421875
loss: -308.53643798828125, grad norm: 8001.068359375, clipped: 1.0
Finished epoch 77, took 00:02:10 s
Saving model and state...
Validating...
Validation overall avg_cost: 92626.9765625 +- 296.564453125
Evaluating candidate model on evaluation dataset
Epoch 77 candidate mean 93071.640625, baseline epoch 74 mean 93025.7890625, difference 45.8515625
Start train epoch 78, lr=0.0001 for run run_20220219T132023
Evaluating baseline on dataset...
epoch: 78, train_batch_id: 0, avg_cost: 92864.34375
loss: -459.4404296875, grad norm: 10171.9013671875, clipped: 1.0
epoch: 78, train_batch_id: 50, avg_cost: 94910.046875
loss: -267.9883728027344, grad norm: 11620.6845703125, clipped: 1.0
epoch: 78, train_batch_id: 100, avg_cost: 91431.78125
loss: -227.924560546875, grad norm: 8570.787109375, clipped: 1.0
epoch: 78, train_batch_id: 150, avg_cost: 93108.625
loss: 66.8819580078125, grad norm: 8568.9140625, clipped: 1.0
Finished epoch 78, took 00:02:11 s
Saving model and state...
Validating...
Validation overall avg_cost: 92428.5390625 +- 293.81744384765625
Evaluating candidate model on evaluation dataset
Epoch 78 candidate mean 92752.6640625, baseline epoch 74 mean 93025.7890625, difference -273.125
p-value: 0.02767836271032538
Update baseline
Evaluating baseline model on evaluation dataset
Start train epoch 79, lr=0.0001 for run run_20220219T132023
Evaluating baseline on dataset...
epoch: 79, train_batch_id: 0, avg_cost: 92459.8828125
loss: -224.7995147705078, grad norm: 6020.30126953125, clipped: 1.0
epoch: 79, train_batch_id: 50, avg_cost: 94270.46875
loss: -166.9720458984375, grad norm: 8061.0771484375, clipped: 1.0
epoch: 79, train_batch_id: 100, avg_cost: 93170.96875
loss: -429.060546875, grad norm: 9189.501953125, clipped: 1.0
epoch: 79, train_batch_id: 150, avg_cost: 96115.90625
loss: -368.7088317871094, grad norm: 12058.01953125, clipped: 1.0
Finished epoch 79, took 00:02:11 s
Saving model and state...
Validating...
Validation overall avg_cost: 92454.34375 +- 293.8597106933594
Evaluating candidate model on evaluation dataset
Epoch 79 candidate mean 93209.1796875, baseline epoch 78 mean 93081.625, difference 127.5546875
Start train epoch 80, lr=0.0001 for run run_20220219T132023
Evaluating baseline on dataset...
epoch: 80, train_batch_id: 0, avg_cost: 92235.59375
loss: -425.6851501464844, grad norm: 9942.54296875, clipped: 1.0
epoch: 80, train_batch_id: 50, avg_cost: 94950.46875
loss: -598.943359375, grad norm: 10394.6904296875, clipped: 1.0
epoch: 80, train_batch_id: 100, avg_cost: 92488.90625
loss: -176.27578735351562, grad norm: 9836.873046875, clipped: 1.0
epoch: 80, train_batch_id: 150, avg_cost: 94333.421875
loss: -276.5164794921875, grad norm: 12208.3017578125, clipped: 1.0
Finished epoch 80, took 00:02:11 s
Saving model and state...
Validating...
Validation overall avg_cost: 92549.8046875 +- 291.7858581542969
Evaluating candidate model on evaluation dataset
Epoch 80 candidate mean 93199.4296875, baseline epoch 78 mean 93081.625, difference 117.8046875
Start train epoch 81, lr=0.0001 for run run_20220219T132023
Evaluating baseline on dataset...
epoch: 81, train_batch_id: 0, avg_cost: 92680.875
loss: -125.83150482177734, grad norm: 7358.89990234375, clipped: 1.0
epoch: 81, train_batch_id: 50, avg_cost: 93336.546875
loss: -234.73867797851562, grad norm: 10151.0595703125, clipped: 1.0
epoch: 81, train_batch_id: 100, avg_cost: 93764.125
loss: -625.0462646484375, grad norm: 10209.0517578125, clipped: 1.0
epoch: 81, train_batch_id: 150, avg_cost: 93850.6484375
loss: -427.83251953125, grad norm: 10538.6533203125, clipped: 1.0
Finished epoch 81, took 00:02:11 s
Saving model and state...
Validating...
Validation overall avg_cost: 92452.0234375 +- 290.0948181152344
Evaluating candidate model on evaluation dataset
Epoch 81 candidate mean 93036.078125, baseline epoch 78 mean 93081.625, difference -45.546875
p-value: 0.39346151092373216
Start train epoch 82, lr=0.0001 for run run_20220219T132023
Evaluating baseline on dataset...
epoch: 82, train_batch_id: 0, avg_cost: 92611.5546875
loss: -225.1042938232422, grad norm: 8299.689453125, clipped: 1.0
epoch: 82, train_batch_id: 50, avg_cost: 92748.71875
loss: -512.8417358398438, grad norm: 11660.509765625, clipped: 1.0
epoch: 82, train_batch_id: 100, avg_cost: 95408.203125
loss: -452.113037109375, grad norm: 9100.2861328125, clipped: 1.0
epoch: 82, train_batch_id: 150, avg_cost: 92694.5625
loss: -209.7437286376953, grad norm: 9572.5673828125, clipped: 1.0
Finished epoch 82, took 00:02:11 s
Saving model and state...
Validating...
Validation overall avg_cost: 92199.8203125 +- 280.905517578125
Evaluating candidate model on evaluation dataset
Epoch 82 candidate mean 92875.84375, baseline epoch 78 mean 93081.625, difference -205.78125
p-value: 0.09990884155035812
Start train epoch 83, lr=0.0001 for run run_20220219T132023
Evaluating baseline on dataset...
epoch: 83, train_batch_id: 0, avg_cost: 93982.3671875
loss: -332.4405517578125, grad norm: 8348.1845703125, clipped: 1.0
epoch: 83, train_batch_id: 50, avg_cost: 93448.265625
loss: -189.37033081054688, grad norm: 9693.341796875, clipped: 1.0
epoch: 83, train_batch_id: 100, avg_cost: 92941.328125
loss: -417.1178894042969, grad norm: 10896.14453125, clipped: 1.0
epoch: 83, train_batch_id: 150, avg_cost: 93243.390625
loss: -400.9695129394531, grad norm: 7365.52294921875, clipped: 1.0
Finished epoch 83, took 00:02:11 s
Saving model and state...
Validating...
Validation overall avg_cost: 92259.1953125 +- 288.6949462890625
Evaluating candidate model on evaluation dataset
Epoch 83 candidate mean 93000.0859375, baseline epoch 78 mean 93081.625, difference -81.5390625
p-value: 0.27799632282807657
Start train epoch 84, lr=0.0001 for run run_20220219T132023
Evaluating baseline on dataset...
epoch: 84, train_batch_id: 0, avg_cost: 93152.453125
loss: -345.6092224121094, grad norm: 9735.4404296875, clipped: 1.0
epoch: 84, train_batch_id: 50, avg_cost: 95536.6796875
loss: -199.0417938232422, grad norm: 9785.87890625, clipped: 1.0
epoch: 84, train_batch_id: 100, avg_cost: 92967.90625
loss: -479.7276916503906, grad norm: 10181.546875, clipped: 1.0
epoch: 84, train_batch_id: 150, avg_cost: 94503.15625
loss: -378.3902282714844, grad norm: 8815.271484375, clipped: 1.0
Finished epoch 84, took 00:02:11 s
Saving model and state...
Validating...
Validation overall avg_cost: 92309.9140625 +- 290.47930908203125
Evaluating candidate model on evaluation dataset
Epoch 84 candidate mean 93075.6484375, baseline epoch 78 mean 93081.625, difference -5.9765625
p-value: 0.4846741670364626
Start train epoch 85, lr=0.0001 for run run_20220219T132023
Evaluating baseline on dataset...
epoch: 85, train_batch_id: 0, avg_cost: 93221.140625
loss: -376.2630310058594, grad norm: 9570.521484375, clipped: 1.0
epoch: 85, train_batch_id: 50, avg_cost: 93074.8671875
loss: -336.44683837890625, grad norm: 7968.2939453125, clipped: 1.0
epoch: 85, train_batch_id: 100, avg_cost: 95450.3125
loss: -714.9066772460938, grad norm: 11138.87109375, clipped: 1.0
epoch: 85, train_batch_id: 150, avg_cost: 92773.3203125
loss: -67.3389663696289, grad norm: 10669.8857421875, clipped: 1.0
Finished epoch 85, took 00:02:11 s
Saving model and state...
Validating...
Validation overall avg_cost: 92191.4453125 +- 290.9277038574219
Evaluating candidate model on evaluation dataset
Epoch 85 candidate mean 92625.28125, baseline epoch 78 mean 93081.625, difference -456.34375
p-value: 0.0013358086377066643
Update baseline
Evaluating baseline model on evaluation dataset
Start train epoch 86, lr=0.0001 for run run_20220219T132023
Evaluating baseline on dataset...
epoch: 86, train_batch_id: 0, avg_cost: 93616.296875
loss: -183.8762664794922, grad norm: 6959.44873046875, clipped: 1.0
epoch: 86, train_batch_id: 50, avg_cost: 92646.984375
loss: -46.39676284790039, grad norm: 9587.8330078125, clipped: 1.0
epoch: 86, train_batch_id: 100, avg_cost: 91375.6328125
loss: -193.5392303466797, grad norm: 7731.21240234375, clipped: 1.0
epoch: 86, train_batch_id: 150, avg_cost: 93160.28125
loss: -267.9246826171875, grad norm: 8200.853515625, clipped: 1.0
Finished epoch 86, took 00:02:11 s
Saving model and state...
Validating...
Validation overall avg_cost: 92550.0546875 +- 283.134521484375
Evaluating candidate model on evaluation dataset
Epoch 86 candidate mean 92735.5078125, baseline epoch 85 mean 92156.9609375, difference 578.546875
Start train epoch 87, lr=0.0001 for run run_20220219T132023
Evaluating baseline on dataset...
epoch: 87, train_batch_id: 0, avg_cost: 92678.703125
loss: -283.3991394042969, grad norm: 10369.1669921875, clipped: 1.0
epoch: 87, train_batch_id: 50, avg_cost: 95734.9296875
loss: -644.8796997070312, grad norm: 7696.63232421875, clipped: 1.0
epoch: 87, train_batch_id: 100, avg_cost: 92476.0625
loss: -471.1795349121094, grad norm: 10225.1591796875, clipped: 1.0
epoch: 87, train_batch_id: 150, avg_cost: 93996.75
loss: -389.8742370605469, grad norm: 11048.7431640625, clipped: 1.0
Finished epoch 87, took 00:02:11 s
Saving model and state...
Validating...
Validation overall avg_cost: 92377.5625 +- 293.4058837890625
Evaluating candidate model on evaluation dataset
Epoch 87 candidate mean 92721.6953125, baseline epoch 85 mean 92156.9609375, difference 564.734375
Start train epoch 88, lr=0.0001 for run run_20220219T132023
Evaluating baseline on dataset...
epoch: 88, train_batch_id: 0, avg_cost: 92501.3828125
loss: -269.1725769042969, grad norm: 8453.205078125, clipped: 1.0
epoch: 88, train_batch_id: 50, avg_cost: 95264.921875
loss: -527.5919189453125, grad norm: 8680.0634765625, clipped: 1.0
epoch: 88, train_batch_id: 100, avg_cost: 96627.765625
loss: -277.0509948730469, grad norm: 6958.1240234375, clipped: 1.0
epoch: 88, train_batch_id: 150, avg_cost: 92851.921875
loss: -295.9087219238281, grad norm: 7319.61865234375, clipped: 1.0
Finished epoch 88, took 00:02:11 s
Saving model and state...
Validating...
Validation overall avg_cost: 92054.6484375 +- 294.5350341796875
Evaluating candidate model on evaluation dataset
Epoch 88 candidate mean 92246.4375, baseline epoch 85 mean 92156.9609375, difference 89.4765625
Start train epoch 89, lr=0.0001 for run run_20220219T132023
Evaluating baseline on dataset...
epoch: 89, train_batch_id: 0, avg_cost: 92359.8046875
loss: -200.41038513183594, grad norm: 8491.1875, clipped: 1.0
epoch: 89, train_batch_id: 50, avg_cost: 94694.890625
loss: -523.53125, grad norm: 8111.3486328125, clipped: 1.0
epoch: 89, train_batch_id: 100, avg_cost: 94211.2890625
loss: -236.34910583496094, grad norm: 9947.7705078125, clipped: 1.0
epoch: 89, train_batch_id: 150, avg_cost: 92632.6875
loss: -111.88103485107422, grad norm: 8017.41015625, clipped: 1.0
Finished epoch 89, took 00:02:11 s
Saving model and state...
Validating...
Validation overall avg_cost: 92367.515625 +- 293.51556396484375
Evaluating candidate model on evaluation dataset
Epoch 89 candidate mean 92510.4140625, baseline epoch 85 mean 92156.9609375, difference 353.453125
Start train epoch 90, lr=0.0001 for run run_20220219T132023
Evaluating baseline on dataset...
epoch: 90, train_batch_id: 0, avg_cost: 94432.28125
loss: -259.854248046875, grad norm: 8206.671875, clipped: 1.0
epoch: 90, train_batch_id: 50, avg_cost: 95844.21875
loss: -480.9623107910156, grad norm: 8767.6650390625, clipped: 1.0
epoch: 90, train_batch_id: 100, avg_cost: 93786.734375
loss: -538.8270874023438, grad norm: 10995.353515625, clipped: 1.0
epoch: 90, train_batch_id: 150, avg_cost: 91090.2265625
loss: -300.8341064453125, grad norm: 6494.21826171875, clipped: 1.0
Finished epoch 90, took 00:02:11 s
Saving model and state...
Validating...
Validation overall avg_cost: 92116.1796875 +- 286.4041442871094
Evaluating candidate model on evaluation dataset
Epoch 90 candidate mean 92204.53125, baseline epoch 85 mean 92156.9609375, difference 47.5703125
Start train epoch 91, lr=0.0001 for run run_20220219T132023
Evaluating baseline on dataset...
epoch: 91, train_batch_id: 0, avg_cost: 92335.78125
loss: -456.7875061035156, grad norm: 9962.234375, clipped: 1.0
epoch: 91, train_batch_id: 50, avg_cost: 94345.4296875
loss: -263.59295654296875, grad norm: 7965.1884765625, clipped: 1.0
epoch: 91, train_batch_id: 100, avg_cost: 92704.8828125
loss: -309.4225158691406, grad norm: 6651.83203125, clipped: 1.0
epoch: 91, train_batch_id: 150, avg_cost: 92979.828125
loss: -255.0128936767578, grad norm: 8414.5283203125, clipped: 1.0
Finished epoch 91, took 00:02:11 s
Saving model and state...
Validating...
Validation overall avg_cost: 92048.9921875 +- 280.205078125
Evaluating candidate model on evaluation dataset
Epoch 91 candidate mean 92338.828125, baseline epoch 85 mean 92156.9609375, difference 181.8671875
Start train epoch 92, lr=0.0001 for run run_20220219T132023
Evaluating baseline on dataset...
epoch: 92, train_batch_id: 0, avg_cost: 93360.53125
loss: -330.66314697265625, grad norm: 9708.4599609375, clipped: 1.0
epoch: 92, train_batch_id: 50, avg_cost: 93923.9375
loss: -527.3455810546875, grad norm: 8501.9560546875, clipped: 1.0
epoch: 92, train_batch_id: 100, avg_cost: 92151.125
loss: -398.21026611328125, grad norm: 8149.07958984375, clipped: 1.0
epoch: 92, train_batch_id: 150, avg_cost: 91362.9140625
loss: -491.9897155761719, grad norm: 9230.623046875, clipped: 1.0
Finished epoch 92, took 00:02:11 s
Saving model and state...
Validating...
Validation overall avg_cost: 91844.2421875 +- 285.54827880859375
Evaluating candidate model on evaluation dataset
Epoch 92 candidate mean 92211.6015625, baseline epoch 85 mean 92156.9609375, difference 54.640625
Start train epoch 93, lr=0.0001 for run run_20220219T132023
Evaluating baseline on dataset...
epoch: 93, train_batch_id: 0, avg_cost: 91079.9140625
loss: -156.83319091796875, grad norm: 9668.31640625, clipped: 1.0
epoch: 93, train_batch_id: 50, avg_cost: 91521.1328125
loss: -204.07342529296875, grad norm: 7655.638671875, clipped: 1.0
epoch: 93, train_batch_id: 100, avg_cost: 91830.65625
loss: -245.79702758789062, grad norm: 7017.365234375, clipped: 1.0
epoch: 93, train_batch_id: 150, avg_cost: 93639.5
loss: -393.8384094238281, grad norm: 9888.900390625, clipped: 1.0
Finished epoch 93, took 00:02:11 s
Saving model and state...
Validating...
Validation overall avg_cost: 92112.4921875 +- 284.8075866699219
Evaluating candidate model on evaluation dataset
Epoch 93 candidate mean 92331.7265625, baseline epoch 85 mean 92156.9609375, difference 174.765625
Start train epoch 94, lr=0.0001 for run run_20220219T132023
Evaluating baseline on dataset...
epoch: 94, train_batch_id: 0, avg_cost: 93283.078125
loss: -226.5636444091797, grad norm: 7385.01953125, clipped: 1.0
epoch: 94, train_batch_id: 50, avg_cost: 92720.0390625
loss: -420.78326416015625, grad norm: 8489.4306640625, clipped: 1.0
epoch: 94, train_batch_id: 100, avg_cost: 95249.40625
loss: -248.49026489257812, grad norm: 9828.037109375, clipped: 1.0
epoch: 94, train_batch_id: 150, avg_cost: 93191.5390625
loss: -191.83258056640625, grad norm: 6979.96630859375, clipped: 1.0
Finished epoch 94, took 00:02:11 s
Saving model and state...
Validating...
Validation overall avg_cost: 91941.234375 +- 283.9483947753906
Evaluating candidate model on evaluation dataset
Epoch 94 candidate mean 92227.5078125, baseline epoch 85 mean 92156.9609375, difference 70.546875
Start train epoch 95, lr=0.0001 for run run_20220219T132023
Evaluating baseline on dataset...
epoch: 95, train_batch_id: 0, avg_cost: 93916.28125
loss: -227.80149841308594, grad norm: 10240.6474609375, clipped: 1.0
epoch: 95, train_batch_id: 50, avg_cost: 92975.078125
loss: -226.7565460205078, grad norm: 8221.8671875, clipped: 1.0
epoch: 95, train_batch_id: 100, avg_cost: 92212.6875
loss: -624.7221069335938, grad norm: 10929.4326171875, clipped: 1.0
epoch: 95, train_batch_id: 150, avg_cost: 95740.46875
loss: -280.09796142578125, grad norm: 10685.994140625, clipped: 1.0
Finished epoch 95, took 00:02:11 s
Saving model and state...
Validating...
Validation overall avg_cost: 92068.6015625 +- 288.6944580078125
Evaluating candidate model on evaluation dataset
Epoch 95 candidate mean 91886.2890625, baseline epoch 85 mean 92156.9609375, difference -270.671875
p-value: 0.038668275465802704
Update baseline
Evaluating baseline model on evaluation dataset
Start train epoch 96, lr=0.0001 for run run_20220219T132023
Evaluating baseline on dataset...
epoch: 96, train_batch_id: 0, avg_cost: 94254.59375
loss: -233.82591247558594, grad norm: 6181.90087890625, clipped: 1.0
epoch: 96, train_batch_id: 50, avg_cost: 91999.3671875
loss: -127.7898941040039, grad norm: 7026.6533203125, clipped: 1.0
epoch: 96, train_batch_id: 100, avg_cost: 92717.3515625
loss: -221.05093383789062, grad norm: 9347.310546875, clipped: 1.0
epoch: 96, train_batch_id: 150, avg_cost: 94047.375
loss: 43.54301834106445, grad norm: 8593.08984375, clipped: 1.0
Finished epoch 96, took 00:02:12 s
Saving model and state...
Validating...
Validation overall avg_cost: 91713.4765625 +- 281.850341796875
Evaluating candidate model on evaluation dataset
Epoch 96 candidate mean 92160.3359375, baseline epoch 95 mean 92336.40625, difference -176.0703125
p-value: 0.12325590897496438
Start train epoch 97, lr=0.0001 for run run_20220219T132023
Evaluating baseline on dataset...
epoch: 97, train_batch_id: 0, avg_cost: 92708.703125
loss: -180.20603942871094, grad norm: 8331.6328125, clipped: 1.0
epoch: 97, train_batch_id: 50, avg_cost: 93491.7265625
loss: -368.98870849609375, grad norm: 11600.517578125, clipped: 1.0
epoch: 97, train_batch_id: 100, avg_cost: 95106.0625
loss: -324.978515625, grad norm: 8568.900390625, clipped: 1.0
epoch: 97, train_batch_id: 150, avg_cost: 93237.5625
loss: -353.2380065917969, grad norm: 13266.107421875, clipped: 1.0
Finished epoch 97, took 00:02:12 s
Saving model and state...
Validating...
Validation overall avg_cost: 91765.6015625 +- 279.3804016113281
Evaluating candidate model on evaluation dataset
Epoch 97 candidate mean 92163.2109375, baseline epoch 95 mean 92336.40625, difference -173.1953125
p-value: 0.10147175856979612
Start train epoch 98, lr=0.0001 for run run_20220219T132023
Evaluating baseline on dataset...
epoch: 98, train_batch_id: 0, avg_cost: 92420.84375
loss: -404.8313903808594, grad norm: 7546.583984375, clipped: 1.0
epoch: 98, train_batch_id: 50, avg_cost: 92901.0390625
loss: -252.30712890625, grad norm: 11196.919921875, clipped: 1.0
epoch: 98, train_batch_id: 100, avg_cost: 91553.796875
loss: -237.2969512939453, grad norm: 6845.9951171875, clipped: 1.0
epoch: 98, train_batch_id: 150, avg_cost: 95865.015625
loss: -543.0072631835938, grad norm: 9685.67578125, clipped: 1.0
Finished epoch 98, took 00:02:11 s
Saving model and state...
Validating...
Validation overall avg_cost: 91617.5546875 +- 283.0513916015625
Evaluating candidate model on evaluation dataset
Epoch 98 candidate mean 92113.6015625, baseline epoch 95 mean 92336.40625, difference -222.8046875
p-value: 0.06032112931161304
Start train epoch 99, lr=0.0001 for run run_20220219T132023
Evaluating baseline on dataset...
epoch: 99, train_batch_id: 0, avg_cost: 92914.1171875
loss: -273.74822998046875, grad norm: 6646.1728515625, clipped: 1.0
epoch: 99, train_batch_id: 50, avg_cost: 92334.96875
loss: -208.1454315185547, grad norm: 7520.9912109375, clipped: 1.0
epoch: 99, train_batch_id: 100, avg_cost: 92253.2421875
loss: -282.4415283203125, grad norm: 9605.1669921875, clipped: 1.0
epoch: 99, train_batch_id: 150, avg_cost: 92811.75
loss: -186.0609130859375, grad norm: 8703.3359375, clipped: 1.0
Finished epoch 99, took 00:02:12 s
Saving model and state...
Validating...
Validation overall avg_cost: 91508.3203125 +- 281.61663818359375
Evaluating candidate model on evaluation dataset
Epoch 99 candidate mean 92029.8125, baseline epoch 95 mean 92336.40625, difference -306.59375
p-value: 0.015563388087005279
Update baseline
Evaluating baseline model on evaluation dataset
